<?xml version="1.0" encoding="UTF-8" standalone="yes"?>
<testsuites name="showCaseTestSuite1" time="162" tests="10" failures="0" errors="0">
    <testsuite name="showCaseTestSuite1" tests="10" failures="0" errors="0" time="162" timestamp="2019-10-22 13:55:18" hostname="albert.woloszyn - static.105.255.46.78.clients.your-server.de" id="Test Suites/showCaseTestSuite1">
        <properties>
            <property name="deviceName" value=""/>
            <property name="devicePlatform" value=""/>
            <property name="logFolder" value="/Users/albert.woloszyn/Katalon Studio/showCaseDEASP/Reports/20191022_135509/showCaseTestSuite1/20191022_135510"/>
            <property name="logFiles" value="/Users/albert.woloszyn/Katalon Studio/showCaseDEASP/Reports/20191022_135509/showCaseTestSuite1/20191022_135510/execution0.log"/>
            <property name="attachments" value="/Users/albert.woloszyn/Katalon Studio/showCaseDEASP/Reports/20191022_135509/showCaseTestSuite1/20191022_135510/1571748933319.png, /Users/albert.woloszyn/Katalon Studio/showCaseDEASP/Reports/20191022_135509/showCaseTestSuite1/20191022_135510/1571748934042.png, /Users/albert.woloszyn/Katalon Studio/showCaseDEASP/Reports/20191022_135509/showCaseTestSuite1/20191022_135510/1571748934750.png, /Users/albert.woloszyn/Katalon Studio/showCaseDEASP/Reports/20191022_135509/showCaseTestSuite1/20191022_135510/1571748935363.png, /Users/albert.woloszyn/Katalon Studio/showCaseDEASP/Reports/20191022_135509/showCaseTestSuite1/20191022_135510/1571748953066.png, /Users/albert.woloszyn/Katalon Studio/showCaseDEASP/Reports/20191022_135509/showCaseTestSuite1/20191022_135510/1571748954027.png, /Users/albert.woloszyn/Katalon Studio/showCaseDEASP/Reports/20191022_135509/showCaseTestSuite1/20191022_135510/1571748955312.png, /Users/albert.woloszyn/Katalon Studio/showCaseDEASP/Reports/20191022_135509/showCaseTestSuite1/20191022_135510/1571748955917.png, /Users/albert.woloszyn/Katalon Studio/showCaseDEASP/Reports/20191022_135509/showCaseTestSuite1/20191022_135510/1571748970946.png, /Users/albert.woloszyn/Katalon Studio/showCaseDEASP/Reports/20191022_135509/showCaseTestSuite1/20191022_135510/1571748971940.png, /Users/albert.woloszyn/Katalon Studio/showCaseDEASP/Reports/20191022_135509/showCaseTestSuite1/20191022_135510/1571748972520.png, /Users/albert.woloszyn/Katalon Studio/showCaseDEASP/Reports/20191022_135509/showCaseTestSuite1/20191022_135510/1571748973612.png, /Users/albert.woloszyn/Katalon Studio/showCaseDEASP/Reports/20191022_135509/showCaseTestSuite1/20191022_135510/1571748988796.png, /Users/albert.woloszyn/Katalon Studio/showCaseDEASP/Reports/20191022_135509/showCaseTestSuite1/20191022_135510/1571748989959.png, /Users/albert.woloszyn/Katalon Studio/showCaseDEASP/Reports/20191022_135509/showCaseTestSuite1/20191022_135510/1571748990490.png, /Users/albert.woloszyn/Katalon Studio/showCaseDEASP/Reports/20191022_135509/showCaseTestSuite1/20191022_135510/1571748990986.png, /Users/albert.woloszyn/Katalon Studio/showCaseDEASP/Reports/20191022_135509/showCaseTestSuite1/20191022_135510/1571749006315.png, /Users/albert.woloszyn/Katalon Studio/showCaseDEASP/Reports/20191022_135509/showCaseTestSuite1/20191022_135510/1571749007115.png, /Users/albert.woloszyn/Katalon Studio/showCaseDEASP/Reports/20191022_135509/showCaseTestSuite1/20191022_135510/1571749007772.png, /Users/albert.woloszyn/Katalon Studio/showCaseDEASP/Reports/20191022_135509/showCaseTestSuite1/20191022_135510/1571749008567.png, /Users/albert.woloszyn/Katalon Studio/showCaseDEASP/Reports/20191022_135509/showCaseTestSuite1/20191022_135510/1571749021703.png, /Users/albert.woloszyn/Katalon Studio/showCaseDEASP/Reports/20191022_135509/showCaseTestSuite1/20191022_135510/1571749022473.png, /Users/albert.woloszyn/Katalon Studio/showCaseDEASP/Reports/20191022_135509/showCaseTestSuite1/20191022_135510/1571749022954.png, /Users/albert.woloszyn/Katalon Studio/showCaseDEASP/Reports/20191022_135509/showCaseTestSuite1/20191022_135510/1571749023506.png, /Users/albert.woloszyn/Katalon Studio/showCaseDEASP/Reports/20191022_135509/showCaseTestSuite1/20191022_135510/1571749036450.png, /Users/albert.woloszyn/Katalon Studio/showCaseDEASP/Reports/20191022_135509/showCaseTestSuite1/20191022_135510/1571749037187.png, /Users/albert.woloszyn/Katalon Studio/showCaseDEASP/Reports/20191022_135509/showCaseTestSuite1/20191022_135510/1571749037903.png, /Users/albert.woloszyn/Katalon Studio/showCaseDEASP/Reports/20191022_135509/showCaseTestSuite1/20191022_135510/1571749038419.png, /Users/albert.woloszyn/Katalon Studio/showCaseDEASP/Reports/20191022_135509/showCaseTestSuite1/20191022_135510/1571749050619.png, /Users/albert.woloszyn/Katalon Studio/showCaseDEASP/Reports/20191022_135509/showCaseTestSuite1/20191022_135510/1571749051319.png, /Users/albert.woloszyn/Katalon Studio/showCaseDEASP/Reports/20191022_135509/showCaseTestSuite1/20191022_135510/1571749052254.png, /Users/albert.woloszyn/Katalon Studio/showCaseDEASP/Reports/20191022_135509/showCaseTestSuite1/20191022_135510/1571749053071.png, /Users/albert.woloszyn/Katalon Studio/showCaseDEASP/Reports/20191022_135509/showCaseTestSuite1/20191022_135510/1571749065311.png, /Users/albert.woloszyn/Katalon Studio/showCaseDEASP/Reports/20191022_135509/showCaseTestSuite1/20191022_135510/1571749065904.png, /Users/albert.woloszyn/Katalon Studio/showCaseDEASP/Reports/20191022_135509/showCaseTestSuite1/20191022_135510/1571749066482.png, /Users/albert.woloszyn/Katalon Studio/showCaseDEASP/Reports/20191022_135509/showCaseTestSuite1/20191022_135510/1571749066909.png, /Users/albert.woloszyn/Katalon Studio/showCaseDEASP/Reports/20191022_135509/showCaseTestSuite1/20191022_135510/1571749076183.png, /Users/albert.woloszyn/Katalon Studio/showCaseDEASP/Reports/20191022_135509/showCaseTestSuite1/20191022_135510/1571749076687.png, /Users/albert.woloszyn/Katalon Studio/showCaseDEASP/Reports/20191022_135509/showCaseTestSuite1/20191022_135510/1571749077140.png, /Users/albert.woloszyn/Katalon Studio/showCaseDEASP/Reports/20191022_135509/showCaseTestSuite1/20191022_135510/1571749077529.png"/>
            <property name="hostName" value="albert.woloszyn - static.105.255.46.78.clients.your-server.de"/>
            <property name="os" value="Mac OS X 64bit"/>
            <property name="katalonVersion" value="6.3.3.11"/>
            <property name="browser" value="Firefox 69.0"/>
            <property name="hostAddress" value="78.46.255.105"/>
            <property name="sessionId" value="71387b6e-e624-fe4f-9a5e-9793b062f823"/>
            <property name="seleniumVersion" value="3.141.59"/>
            <property name="proxyInformation" value="ProxyInformation{proxyOption=NO_PROXY, proxyServerType=HTTP, password=, proxyServerAddress=, proxyServerPort=0}"/>
            <property name="platform" value="Mac OS X"/>
        </properties>
        <testcase name="Test Cases/QuickHandsOnTestCase1" classname="Test Cases/QuickHandsOnTestCase1" status="PASSED">
            <system-out>2019-10-22 13:55:19 - [TEST_CASE][PASSED] - Test Cases/QuickHandsOnTestCase1: Test Cases/QuickHandsOnTestCase1

2019-10-22 13:55:20 - [TEST_STEP][PASSED] - openBrowser(""): Browser is opened with url: ''

2019-10-22 13:55:21 - [MESSAGE][INFO] - Starting 'Firefox' driver

2019-10-22 13:55:21 - [MESSAGE][INFO] - Action delay is set to 0 seconds

2019-10-22 13:55:31 - [MESSAGE][PASSED] - Browser is opened with url: ''

2019-10-22 13:55:31 - [TEST_STEP][PASSED] - navigateToUrl("http://192.168.56.101/"): Navigate to 'http://192.168.56.101/' successfully

2019-10-22 13:55:32 - [MESSAGE][PASSED] - Navigate to 'http://192.168.56.101/' successfully

2019-10-22 13:55:32 - [TEST_STEP][PASSED] - click(findTestObject("Object Repository/Page_Mad Irish Hacking Academy/a_Contact")): Object: 'Object Repository/Page_Mad Irish Hacking Academy/a_Contact' is clicked on

2019-10-22 13:55:33 - [MESSAGE][PASSED] - Object: 'Object Repository/Page_Mad Irish Hacking Academy/a_Contact' is clicked on

2019-10-22 13:55:33 - [TEST_STEP][PASSED] - verifyTextPresent("Contact", false): Text 'Contact' is present on page 

2019-10-22 13:55:33 - [MESSAGE][PASSED] - Text 'Contact' is present on page 

2019-10-22 13:55:33 - [TEST_STEP][PASSED] - takeScreenshot(): Taking screenshot successfully

2019-10-22 13:55:33 - [MESSAGE][PASSED] - Taking screenshot successfully
[[ATTACHMENT|/Users/albert.woloszyn/Katalon Studio/showCaseDEASP/Reports/20191022_135509/showCaseTestSuite1/20191022_135510/1571748933319.png]]

2019-10-22 13:55:33 - [TEST_STEP][PASSED] - click(findTestObject("Object Repository/Page_Mad Irish Hacking Academy/a_Resources")): Object: 'Object Repository/Page_Mad Irish Hacking Academy/a_Resources' is clicked on

2019-10-22 13:55:33 - [MESSAGE][PASSED] - Object: 'Object Repository/Page_Mad Irish Hacking Academy/a_Resources' is clicked on

2019-10-22 13:55:33 - [TEST_STEP][PASSED] - verifyTextPresent("Resources", false): Text 'Resources' is present on page 

2019-10-22 13:55:34 - [MESSAGE][PASSED] - Text 'Resources' is present on page 

2019-10-22 13:55:34 - [TEST_STEP][PASSED] - takeScreenshot(): Taking screenshot successfully

2019-10-22 13:55:34 - [MESSAGE][PASSED] - Taking screenshot successfully
[[ATTACHMENT|/Users/albert.woloszyn/Katalon Studio/showCaseDEASP/Reports/20191022_135509/showCaseTestSuite1/20191022_135510/1571748934042.png]]

2019-10-22 13:55:34 - [TEST_STEP][PASSED] - click(findTestObject("Object Repository/Page_Mad Irish Hacking Academy/a_Training")): Object: 'Object Repository/Page_Mad Irish Hacking Academy/a_Training' is clicked on

2019-10-22 13:55:34 - [MESSAGE][PASSED] - Object: 'Object Repository/Page_Mad Irish Hacking Academy/a_Training' is clicked on

2019-10-22 13:55:34 - [TEST_STEP][PASSED] - verifyTextPresent("Training", false): Text 'Training' is present on page 

2019-10-22 13:55:34 - [MESSAGE][PASSED] - Text 'Training' is present on page 

2019-10-22 13:55:34 - [TEST_STEP][PASSED] - takeScreenshot(): Taking screenshot successfully

2019-10-22 13:55:35 - [MESSAGE][PASSED] - Taking screenshot successfully
[[ATTACHMENT|/Users/albert.woloszyn/Katalon Studio/showCaseDEASP/Reports/20191022_135509/showCaseTestSuite1/20191022_135510/1571748934750.png]]

2019-10-22 13:55:35 - [TEST_STEP][PASSED] - click(findTestObject("Object Repository/Page_Mad Irish Hacking Academy/a_Resources")): Object: 'Object Repository/Page_Mad Irish Hacking Academy/a_Resources' is clicked on

2019-10-22 13:55:35 - [MESSAGE][PASSED] - Object: 'Object Repository/Page_Mad Irish Hacking Academy/a_Resources' is clicked on

2019-10-22 13:55:35 - [TEST_STEP][PASSED] - takeScreenshot(): Taking screenshot successfully

2019-10-22 13:55:35 - [MESSAGE][PASSED] - Taking screenshot successfully
[[ATTACHMENT|/Users/albert.woloszyn/Katalon Studio/showCaseDEASP/Reports/20191022_135509/showCaseTestSuite1/20191022_135510/1571748935363.png]]

2019-10-22 13:55:35 - [TEST_STEP][PASSED] - click(findTestObject("Object Repository/Page_Mad Irish Hacking Academy/a_Reading")): Object: 'Object Repository/Page_Mad Irish Hacking Academy/a_Reading' is clicked on

2019-10-22 13:55:36 - [MESSAGE][PASSED] - Object: 'Object Repository/Page_Mad Irish Hacking Academy/a_Reading' is clicked on

2019-10-22 13:55:36 - [TEST_STEP][PASSED] - click(findTestObject("Object Repository/Page_Mad Irish Hacking Academy/a_Resources")): Object: 'Object Repository/Page_Mad Irish Hacking Academy/a_Resources' is clicked on

2019-10-22 13:55:36 - [MESSAGE][PASSED] - Object: 'Object Repository/Page_Mad Irish Hacking Academy/a_Resources' is clicked on

2019-10-22 13:55:36 - [TEST_STEP][PASSED] - click(findTestObject("Object Repository/Page_Mad Irish Hacking Academy/a_Newsletter")): Object: 'Object Repository/Page_Mad Irish Hacking Academy/a_Newsletter' is clicked on

2019-10-22 13:55:37 - [MESSAGE][PASSED] - Object: 'Object Repository/Page_Mad Irish Hacking Academy/a_Newsletter' is clicked on

2019-10-22 13:55:37 - [TEST_STEP][PASSED] - click(findTestObject("Object Repository/Page_Mad Irish Hacking Academy/a_Resources")): Object: 'Object Repository/Page_Mad Irish Hacking Academy/a_Resources' is clicked on

2019-10-22 13:55:37 - [MESSAGE][PASSED] - Object: 'Object Repository/Page_Mad Irish Hacking Academy/a_Resources' is clicked on

2019-10-22 13:55:37 - [TEST_STEP][PASSED] - click(findTestObject("Object Repository/Page_Mad Irish Hacking Academy/a_Create account")): Object: 'Object Repository/Page_Mad Irish Hacking Academy/a_Create account' is clicked on

2019-10-22 13:55:37 - [MESSAGE][PASSED] - Object: 'Object Repository/Page_Mad Irish Hacking Academy/a_Create account' is clicked on

2019-10-22 13:55:37 - [TEST_STEP][PASSED] - setText(findTestObject("Object Repository/Page_Mad Irish Hacking Academy/input_Create account_username"), "test123@welfare.ie"): Text 'test123@welfare.ie' is set on object 'Object Repository/Page_Mad Irish Hacking Academy/input_Create account_username'

2019-10-22 13:55:38 - [MESSAGE][PASSED] - Text 'test123@welfare.ie' is set on object 'Object Repository/Page_Mad Irish Hacking Academy/input_Create account_username'

2019-10-22 13:55:38 - [TEST_STEP][PASSED] - setEncryptedText(findTestObject("Object Repository/Page_Mad Irish Hacking Academy/input_Create account_password"), "qP8g4ZP8zmxOyEuCUr69QQ=="): Text ****** has been set on object 'Object Repository/Page_Mad Irish Hacking Academy/input_Create account_password'

2019-10-22 13:55:39 - [MESSAGE][PASSED] - Text ****** has been set on object 'Object Repository/Page_Mad Irish Hacking Academy/input_Create account_password'

2019-10-22 13:55:39 - [TEST_STEP][PASSED] - click(findTestObject("Object Repository/Page_Mad Irish Hacking Academy/button_Sign in")): Object: 'Object Repository/Page_Mad Irish Hacking Academy/button_Sign in' is clicked on

2019-10-22 13:55:39 - [MESSAGE][PASSED] - Object: 'Object Repository/Page_Mad Irish Hacking Academy/button_Sign in' is clicked on

2019-10-22 13:55:39 - [TEST_STEP][PASSED] - setText(findTestObject("Object Repository/Page_Mad Irish Hacking Academy/input_Email_email"), "test@welfare.ie"): Text 'test@welfare.ie' is set on object 'Object Repository/Page_Mad Irish Hacking Academy/input_Email_email'

2019-10-22 13:55:39 - [MESSAGE][PASSED] - Text 'test@welfare.ie' is set on object 'Object Repository/Page_Mad Irish Hacking Academy/input_Email_email'

2019-10-22 13:55:39 - [TEST_STEP][PASSED] - setEncryptedText(findTestObject("Object Repository/Page_Mad Irish Hacking Academy/input_Password_password"), "Wt9tj4kC2zrPXzAR6+1IxQ=="): Text ****** has been set on object 'Object Repository/Page_Mad Irish Hacking Academy/input_Password_password'

2019-10-22 13:55:40 - [MESSAGE][PASSED] - Text ****** has been set on object 'Object Repository/Page_Mad Irish Hacking Academy/input_Password_password'

2019-10-22 13:55:40 - [TEST_STEP][PASSED] - click(findTestObject("Object Repository/Page_Mad Irish Hacking Academy/button_Register")): Object: 'Object Repository/Page_Mad Irish Hacking Academy/button_Register' is clicked on

2019-10-22 13:55:40 - [MESSAGE][PASSED] - Object: 'Object Repository/Page_Mad Irish Hacking Academy/button_Register' is clicked on

2019-10-22 13:55:40 - [TEST_STEP][PASSED] - closeBrowser(): Browser is closed

2019-10-22 13:55:43 - [MESSAGE][PASSED] - Browser is closed</system-out>
            <system-err></system-err>
        </testcase>
        <testcase name="Test Cases/QuickHandsOnTestCase5" classname="Test Cases/QuickHandsOnTestCase5" status="PASSED">
            <system-out>2019-10-22 13:55:43 - [TEST_CASE][PASSED] - Test Cases/QuickHandsOnTestCase5: Test Cases/QuickHandsOnTestCase5

2019-10-22 13:55:44 - [TEST_STEP][PASSED] - openBrowser(""): Browser is opened with url: ''

2019-10-22 13:55:44 - [MESSAGE][INFO] - Starting 'Firefox' driver

2019-10-22 13:55:51 - [MESSAGE][PASSED] - Browser is opened with url: ''

2019-10-22 13:55:51 - [TEST_STEP][PASSED] - navigateToUrl("http://192.168.56.101/"): Navigate to 'http://192.168.56.101/' successfully

2019-10-22 13:55:52 - [MESSAGE][PASSED] - Navigate to 'http://192.168.56.101/' successfully

2019-10-22 13:55:52 - [TEST_STEP][PASSED] - click(findTestObject("Object Repository/Page_Mad Irish Hacking Academy/a_Contact")): Object: 'Object Repository/Page_Mad Irish Hacking Academy/a_Contact' is clicked on

2019-10-22 13:55:52 - [MESSAGE][PASSED] - Object: 'Object Repository/Page_Mad Irish Hacking Academy/a_Contact' is clicked on

2019-10-22 13:55:52 - [TEST_STEP][PASSED] - verifyTextPresent("Contact", false): Text 'Contact' is present on page 

2019-10-22 13:55:53 - [MESSAGE][PASSED] - Text 'Contact' is present on page 

2019-10-22 13:55:53 - [TEST_STEP][PASSED] - takeScreenshot(): Taking screenshot successfully

2019-10-22 13:55:53 - [MESSAGE][PASSED] - Taking screenshot successfully
[[ATTACHMENT|/Users/albert.woloszyn/Katalon Studio/showCaseDEASP/Reports/20191022_135509/showCaseTestSuite1/20191022_135510/1571748953066.png]]

2019-10-22 13:55:53 - [TEST_STEP][PASSED] - click(findTestObject("Object Repository/Page_Mad Irish Hacking Academy/a_Resources")): Object: 'Object Repository/Page_Mad Irish Hacking Academy/a_Resources' is clicked on

2019-10-22 13:55:53 - [MESSAGE][PASSED] - Object: 'Object Repository/Page_Mad Irish Hacking Academy/a_Resources' is clicked on

2019-10-22 13:55:53 - [TEST_STEP][PASSED] - verifyTextPresent("Resources", false): Text 'Resources' is present on page 

2019-10-22 13:55:54 - [MESSAGE][PASSED] - Text 'Resources' is present on page 

2019-10-22 13:55:54 - [TEST_STEP][PASSED] - takeScreenshot(): Taking screenshot successfully

2019-10-22 13:55:54 - [MESSAGE][PASSED] - Taking screenshot successfully
[[ATTACHMENT|/Users/albert.woloszyn/Katalon Studio/showCaseDEASP/Reports/20191022_135509/showCaseTestSuite1/20191022_135510/1571748954027.png]]

2019-10-22 13:55:54 - [TEST_STEP][PASSED] - click(findTestObject("Object Repository/Page_Mad Irish Hacking Academy/a_Training")): Object: 'Object Repository/Page_Mad Irish Hacking Academy/a_Training' is clicked on

2019-10-22 13:55:55 - [MESSAGE][PASSED] - Object: 'Object Repository/Page_Mad Irish Hacking Academy/a_Training' is clicked on

2019-10-22 13:55:55 - [TEST_STEP][PASSED] - verifyTextPresent("Training", false): Text 'Training' is present on page 

2019-10-22 13:55:55 - [MESSAGE][PASSED] - Text 'Training' is present on page 

2019-10-22 13:55:55 - [TEST_STEP][PASSED] - takeScreenshot(): Taking screenshot successfully

2019-10-22 13:55:55 - [MESSAGE][PASSED] - Taking screenshot successfully
[[ATTACHMENT|/Users/albert.woloszyn/Katalon Studio/showCaseDEASP/Reports/20191022_135509/showCaseTestSuite1/20191022_135510/1571748955312.png]]

2019-10-22 13:55:55 - [TEST_STEP][PASSED] - click(findTestObject("Object Repository/Page_Mad Irish Hacking Academy/a_Resources")): Object: 'Object Repository/Page_Mad Irish Hacking Academy/a_Resources' is clicked on

2019-10-22 13:55:55 - [MESSAGE][PASSED] - Object: 'Object Repository/Page_Mad Irish Hacking Academy/a_Resources' is clicked on

2019-10-22 13:55:55 - [TEST_STEP][PASSED] - takeScreenshot(): Taking screenshot successfully

2019-10-22 13:55:56 - [MESSAGE][PASSED] - Taking screenshot successfully
[[ATTACHMENT|/Users/albert.woloszyn/Katalon Studio/showCaseDEASP/Reports/20191022_135509/showCaseTestSuite1/20191022_135510/1571748955917.png]]

2019-10-22 13:55:56 - [TEST_STEP][PASSED] - click(findTestObject("Object Repository/Page_Mad Irish Hacking Academy/a_Reading")): Object: 'Object Repository/Page_Mad Irish Hacking Academy/a_Reading' is clicked on

2019-10-22 13:55:56 - [MESSAGE][PASSED] - Object: 'Object Repository/Page_Mad Irish Hacking Academy/a_Reading' is clicked on

2019-10-22 13:55:56 - [TEST_STEP][PASSED] - click(findTestObject("Object Repository/Page_Mad Irish Hacking Academy/a_Resources")): Object: 'Object Repository/Page_Mad Irish Hacking Academy/a_Resources' is clicked on

2019-10-22 13:55:57 - [MESSAGE][PASSED] - Object: 'Object Repository/Page_Mad Irish Hacking Academy/a_Resources' is clicked on

2019-10-22 13:55:57 - [TEST_STEP][PASSED] - click(findTestObject("Object Repository/Page_Mad Irish Hacking Academy/a_Newsletter")): Object: 'Object Repository/Page_Mad Irish Hacking Academy/a_Newsletter' is clicked on

2019-10-22 13:55:57 - [MESSAGE][PASSED] - Object: 'Object Repository/Page_Mad Irish Hacking Academy/a_Newsletter' is clicked on

2019-10-22 13:55:57 - [TEST_STEP][PASSED] - click(findTestObject("Object Repository/Page_Mad Irish Hacking Academy/a_Resources")): Object: 'Object Repository/Page_Mad Irish Hacking Academy/a_Resources' is clicked on

2019-10-22 13:55:58 - [MESSAGE][PASSED] - Object: 'Object Repository/Page_Mad Irish Hacking Academy/a_Resources' is clicked on

2019-10-22 13:55:58 - [TEST_STEP][PASSED] - click(findTestObject("Object Repository/Page_Mad Irish Hacking Academy/a_Create account")): Object: 'Object Repository/Page_Mad Irish Hacking Academy/a_Create account' is clicked on

2019-10-22 13:55:58 - [MESSAGE][PASSED] - Object: 'Object Repository/Page_Mad Irish Hacking Academy/a_Create account' is clicked on

2019-10-22 13:55:58 - [TEST_STEP][PASSED] - setText(findTestObject("Object Repository/Page_Mad Irish Hacking Academy/input_Create account_username"), "test123@welfare.ie"): Text 'test123@welfare.ie' is set on object 'Object Repository/Page_Mad Irish Hacking Academy/input_Create account_username'

2019-10-22 13:55:58 - [MESSAGE][PASSED] - Text 'test123@welfare.ie' is set on object 'Object Repository/Page_Mad Irish Hacking Academy/input_Create account_username'

2019-10-22 13:55:58 - [TEST_STEP][PASSED] - setEncryptedText(findTestObject("Object Repository/Page_Mad Irish Hacking Academy/input_Create account_password"), "qP8g4ZP8zmxOyEuCUr69QQ=="): Text ****** has been set on object 'Object Repository/Page_Mad Irish Hacking Academy/input_Create account_password'

2019-10-22 13:55:59 - [MESSAGE][PASSED] - Text ****** has been set on object 'Object Repository/Page_Mad Irish Hacking Academy/input_Create account_password'

2019-10-22 13:55:59 - [TEST_STEP][PASSED] - click(findTestObject("Object Repository/Page_Mad Irish Hacking Academy/button_Sign in")): Object: 'Object Repository/Page_Mad Irish Hacking Academy/button_Sign in' is clicked on

2019-10-22 13:55:59 - [MESSAGE][PASSED] - Object: 'Object Repository/Page_Mad Irish Hacking Academy/button_Sign in' is clicked on

2019-10-22 13:55:59 - [TEST_STEP][PASSED] - setText(findTestObject("Object Repository/Page_Mad Irish Hacking Academy/input_Email_email"), "test@welfare.ie"): Text 'test@welfare.ie' is set on object 'Object Repository/Page_Mad Irish Hacking Academy/input_Email_email'

2019-10-22 13:56:00 - [MESSAGE][PASSED] - Text 'test@welfare.ie' is set on object 'Object Repository/Page_Mad Irish Hacking Academy/input_Email_email'

2019-10-22 13:56:00 - [TEST_STEP][PASSED] - setEncryptedText(findTestObject("Object Repository/Page_Mad Irish Hacking Academy/input_Password_password"), "Wt9tj4kC2zrPXzAR6+1IxQ=="): Text ****** has been set on object 'Object Repository/Page_Mad Irish Hacking Academy/input_Password_password'

2019-10-22 13:56:00 - [MESSAGE][PASSED] - Text ****** has been set on object 'Object Repository/Page_Mad Irish Hacking Academy/input_Password_password'

2019-10-22 13:56:00 - [TEST_STEP][PASSED] - click(findTestObject("Object Repository/Page_Mad Irish Hacking Academy/button_Register")): Object: 'Object Repository/Page_Mad Irish Hacking Academy/button_Register' is clicked on

2019-10-22 13:56:00 - [MESSAGE][PASSED] - Object: 'Object Repository/Page_Mad Irish Hacking Academy/button_Register' is clicked on

2019-10-22 13:56:00 - [TEST_STEP][PASSED] - closeBrowser(): Browser is closed

2019-10-22 13:56:02 - [MESSAGE][PASSED] - Browser is closed</system-out>
            <system-err></system-err>
        </testcase>
        <testcase name="Test Cases/QuickHandsOnTestCase4" classname="Test Cases/QuickHandsOnTestCase4" status="PASSED">
            <system-out>2019-10-22 13:56:02 - [TEST_CASE][PASSED] - Test Cases/QuickHandsOnTestCase4: Test Cases/QuickHandsOnTestCase4

2019-10-22 13:56:03 - [TEST_STEP][PASSED] - openBrowser(""): Browser is opened with url: ''

2019-10-22 13:56:03 - [MESSAGE][INFO] - Starting 'Firefox' driver

2019-10-22 13:56:09 - [MESSAGE][PASSED] - Browser is opened with url: ''

2019-10-22 13:56:09 - [TEST_STEP][PASSED] - navigateToUrl("http://192.168.56.101/"): Navigate to 'http://192.168.56.101/' successfully

2019-10-22 13:56:10 - [MESSAGE][PASSED] - Navigate to 'http://192.168.56.101/' successfully

2019-10-22 13:56:10 - [TEST_STEP][PASSED] - click(findTestObject("Object Repository/Page_Mad Irish Hacking Academy/a_Contact")): Object: 'Object Repository/Page_Mad Irish Hacking Academy/a_Contact' is clicked on

2019-10-22 13:56:10 - [MESSAGE][PASSED] - Object: 'Object Repository/Page_Mad Irish Hacking Academy/a_Contact' is clicked on

2019-10-22 13:56:10 - [TEST_STEP][PASSED] - verifyTextPresent("Contact", false): Text 'Contact' is present on page 

2019-10-22 13:56:10 - [MESSAGE][PASSED] - Text 'Contact' is present on page 

2019-10-22 13:56:10 - [TEST_STEP][PASSED] - takeScreenshot(): Taking screenshot successfully

2019-10-22 13:56:11 - [MESSAGE][PASSED] - Taking screenshot successfully
[[ATTACHMENT|/Users/albert.woloszyn/Katalon Studio/showCaseDEASP/Reports/20191022_135509/showCaseTestSuite1/20191022_135510/1571748970946.png]]

2019-10-22 13:56:11 - [TEST_STEP][PASSED] - click(findTestObject("Object Repository/Page_Mad Irish Hacking Academy/a_Resources")): Object: 'Object Repository/Page_Mad Irish Hacking Academy/a_Resources' is clicked on

2019-10-22 13:56:11 - [MESSAGE][PASSED] - Object: 'Object Repository/Page_Mad Irish Hacking Academy/a_Resources' is clicked on

2019-10-22 13:56:11 - [TEST_STEP][PASSED] - verifyTextPresent("Resources", false): Text 'Resources' is present on page 

2019-10-22 13:56:11 - [MESSAGE][PASSED] - Text 'Resources' is present on page 

2019-10-22 13:56:11 - [TEST_STEP][PASSED] - takeScreenshot(): Taking screenshot successfully

2019-10-22 13:56:12 - [MESSAGE][PASSED] - Taking screenshot successfully
[[ATTACHMENT|/Users/albert.woloszyn/Katalon Studio/showCaseDEASP/Reports/20191022_135509/showCaseTestSuite1/20191022_135510/1571748971940.png]]

2019-10-22 13:56:12 - [TEST_STEP][PASSED] - click(findTestObject("Object Repository/Page_Mad Irish Hacking Academy/a_Training")): Object: 'Object Repository/Page_Mad Irish Hacking Academy/a_Training' is clicked on

2019-10-22 13:56:12 - [MESSAGE][PASSED] - Object: 'Object Repository/Page_Mad Irish Hacking Academy/a_Training' is clicked on

2019-10-22 13:56:12 - [TEST_STEP][PASSED] - verifyTextPresent("Training", false): Text 'Training' is present on page 

2019-10-22 13:56:12 - [MESSAGE][PASSED] - Text 'Training' is present on page 

2019-10-22 13:56:12 - [TEST_STEP][PASSED] - takeScreenshot(): Taking screenshot successfully

2019-10-22 13:56:12 - [MESSAGE][PASSED] - Taking screenshot successfully
[[ATTACHMENT|/Users/albert.woloszyn/Katalon Studio/showCaseDEASP/Reports/20191022_135509/showCaseTestSuite1/20191022_135510/1571748972520.png]]

2019-10-22 13:56:12 - [TEST_STEP][PASSED] - click(findTestObject("Object Repository/Page_Mad Irish Hacking Academy/a_Resources")): Object: 'Object Repository/Page_Mad Irish Hacking Academy/a_Resources' is clicked on

2019-10-22 13:56:13 - [MESSAGE][PASSED] - Object: 'Object Repository/Page_Mad Irish Hacking Academy/a_Resources' is clicked on

2019-10-22 13:56:13 - [TEST_STEP][PASSED] - takeScreenshot(): Taking screenshot successfully

2019-10-22 13:56:13 - [MESSAGE][PASSED] - Taking screenshot successfully
[[ATTACHMENT|/Users/albert.woloszyn/Katalon Studio/showCaseDEASP/Reports/20191022_135509/showCaseTestSuite1/20191022_135510/1571748973612.png]]

2019-10-22 13:56:13 - [TEST_STEP][PASSED] - click(findTestObject("Object Repository/Page_Mad Irish Hacking Academy/a_Reading")): Object: 'Object Repository/Page_Mad Irish Hacking Academy/a_Reading' is clicked on

2019-10-22 13:56:13 - [MESSAGE][PASSED] - Object: 'Object Repository/Page_Mad Irish Hacking Academy/a_Reading' is clicked on

2019-10-22 13:56:14 - [TEST_STEP][PASSED] - click(findTestObject("Object Repository/Page_Mad Irish Hacking Academy/a_Resources")): Object: 'Object Repository/Page_Mad Irish Hacking Academy/a_Resources' is clicked on

2019-10-22 13:56:14 - [MESSAGE][PASSED] - Object: 'Object Repository/Page_Mad Irish Hacking Academy/a_Resources' is clicked on

2019-10-22 13:56:14 - [TEST_STEP][PASSED] - click(findTestObject("Object Repository/Page_Mad Irish Hacking Academy/a_Newsletter")): Object: 'Object Repository/Page_Mad Irish Hacking Academy/a_Newsletter' is clicked on

2019-10-22 13:56:14 - [MESSAGE][PASSED] - Object: 'Object Repository/Page_Mad Irish Hacking Academy/a_Newsletter' is clicked on

2019-10-22 13:56:14 - [TEST_STEP][PASSED] - click(findTestObject("Object Repository/Page_Mad Irish Hacking Academy/a_Resources")): Object: 'Object Repository/Page_Mad Irish Hacking Academy/a_Resources' is clicked on

2019-10-22 13:56:15 - [MESSAGE][PASSED] - Object: 'Object Repository/Page_Mad Irish Hacking Academy/a_Resources' is clicked on

2019-10-22 13:56:15 - [TEST_STEP][PASSED] - click(findTestObject("Object Repository/Page_Mad Irish Hacking Academy/a_Create account")): Object: 'Object Repository/Page_Mad Irish Hacking Academy/a_Create account' is clicked on

2019-10-22 13:56:15 - [MESSAGE][PASSED] - Object: 'Object Repository/Page_Mad Irish Hacking Academy/a_Create account' is clicked on

2019-10-22 13:56:15 - [TEST_STEP][PASSED] - setText(findTestObject("Object Repository/Page_Mad Irish Hacking Academy/input_Create account_username"), "test123@welfare.ie"): Text 'test123@welfare.ie' is set on object 'Object Repository/Page_Mad Irish Hacking Academy/input_Create account_username'

2019-10-22 13:56:15 - [MESSAGE][PASSED] - Text 'test123@welfare.ie' is set on object 'Object Repository/Page_Mad Irish Hacking Academy/input_Create account_username'

2019-10-22 13:56:15 - [TEST_STEP][PASSED] - setEncryptedText(findTestObject("Object Repository/Page_Mad Irish Hacking Academy/input_Create account_password"), "qP8g4ZP8zmxOyEuCUr69QQ=="): Text ****** has been set on object 'Object Repository/Page_Mad Irish Hacking Academy/input_Create account_password'

2019-10-22 13:56:15 - [MESSAGE][PASSED] - Text ****** has been set on object 'Object Repository/Page_Mad Irish Hacking Academy/input_Create account_password'

2019-10-22 13:56:15 - [TEST_STEP][PASSED] - click(findTestObject("Object Repository/Page_Mad Irish Hacking Academy/button_Sign in")): Object: 'Object Repository/Page_Mad Irish Hacking Academy/button_Sign in' is clicked on

2019-10-22 13:56:16 - [MESSAGE][PASSED] - Object: 'Object Repository/Page_Mad Irish Hacking Academy/button_Sign in' is clicked on

2019-10-22 13:56:16 - [TEST_STEP][PASSED] - setText(findTestObject("Object Repository/Page_Mad Irish Hacking Academy/input_Email_email"), "test@welfare.ie"): Text 'test@welfare.ie' is set on object 'Object Repository/Page_Mad Irish Hacking Academy/input_Email_email'

2019-10-22 13:56:16 - [MESSAGE][PASSED] - Text 'test@welfare.ie' is set on object 'Object Repository/Page_Mad Irish Hacking Academy/input_Email_email'

2019-10-22 13:56:16 - [TEST_STEP][PASSED] - setEncryptedText(findTestObject("Object Repository/Page_Mad Irish Hacking Academy/input_Password_password"), "Wt9tj4kC2zrPXzAR6+1IxQ=="): Text ****** has been set on object 'Object Repository/Page_Mad Irish Hacking Academy/input_Password_password'

2019-10-22 13:56:16 - [MESSAGE][PASSED] - Text ****** has been set on object 'Object Repository/Page_Mad Irish Hacking Academy/input_Password_password'

2019-10-22 13:56:16 - [TEST_STEP][PASSED] - click(findTestObject("Object Repository/Page_Mad Irish Hacking Academy/button_Register")): Object: 'Object Repository/Page_Mad Irish Hacking Academy/button_Register' is clicked on

2019-10-22 13:56:17 - [MESSAGE][PASSED] - Object: 'Object Repository/Page_Mad Irish Hacking Academy/button_Register' is clicked on

2019-10-22 13:56:17 - [TEST_STEP][PASSED] - closeBrowser(): Browser is closed

2019-10-22 13:56:20 - [MESSAGE][PASSED] - Browser is closed</system-out>
            <system-err></system-err>
        </testcase>
        <testcase name="Test Cases/QuickHandsOnTestCase10" classname="Test Cases/QuickHandsOnTestCase10" status="PASSED">
            <system-out>2019-10-22 13:56:20 - [TEST_CASE][PASSED] - Test Cases/QuickHandsOnTestCase10: Test Cases/QuickHandsOnTestCase10

2019-10-22 13:56:20 - [TEST_STEP][PASSED] - openBrowser(""): Browser is opened with url: ''

2019-10-22 13:56:20 - [MESSAGE][INFO] - Starting 'Firefox' driver

2019-10-22 13:56:27 - [MESSAGE][PASSED] - Browser is opened with url: ''

2019-10-22 13:56:27 - [TEST_STEP][PASSED] - navigateToUrl("http://192.168.56.101/"): Navigate to 'http://192.168.56.101/' successfully

2019-10-22 13:56:28 - [MESSAGE][PASSED] - Navigate to 'http://192.168.56.101/' successfully

2019-10-22 13:56:28 - [TEST_STEP][PASSED] - click(findTestObject("Object Repository/Page_Mad Irish Hacking Academy/a_Contact")): Object: 'Object Repository/Page_Mad Irish Hacking Academy/a_Contact' is clicked on

2019-10-22 13:56:28 - [MESSAGE][PASSED] - Object: 'Object Repository/Page_Mad Irish Hacking Academy/a_Contact' is clicked on

2019-10-22 13:56:28 - [TEST_STEP][PASSED] - verifyTextPresent("Contact", false): Text 'Contact' is present on page 

2019-10-22 13:56:28 - [MESSAGE][PASSED] - Text 'Contact' is present on page 

2019-10-22 13:56:28 - [TEST_STEP][PASSED] - takeScreenshot(): Taking screenshot successfully

2019-10-22 13:56:29 - [MESSAGE][PASSED] - Taking screenshot successfully
[[ATTACHMENT|/Users/albert.woloszyn/Katalon Studio/showCaseDEASP/Reports/20191022_135509/showCaseTestSuite1/20191022_135510/1571748988796.png]]

2019-10-22 13:56:29 - [TEST_STEP][PASSED] - click(findTestObject("Object Repository/Page_Mad Irish Hacking Academy/a_Resources")): Object: 'Object Repository/Page_Mad Irish Hacking Academy/a_Resources' is clicked on

2019-10-22 13:56:29 - [MESSAGE][PASSED] - Object: 'Object Repository/Page_Mad Irish Hacking Academy/a_Resources' is clicked on

2019-10-22 13:56:29 - [TEST_STEP][PASSED] - verifyTextPresent("Resources", false): Text 'Resources' is present on page 

2019-10-22 13:56:29 - [MESSAGE][PASSED] - Text 'Resources' is present on page 

2019-10-22 13:56:29 - [TEST_STEP][PASSED] - takeScreenshot(): Taking screenshot successfully

2019-10-22 13:56:30 - [MESSAGE][PASSED] - Taking screenshot successfully
[[ATTACHMENT|/Users/albert.woloszyn/Katalon Studio/showCaseDEASP/Reports/20191022_135509/showCaseTestSuite1/20191022_135510/1571748989959.png]]

2019-10-22 13:56:30 - [TEST_STEP][PASSED] - click(findTestObject("Object Repository/Page_Mad Irish Hacking Academy/a_Training")): Object: 'Object Repository/Page_Mad Irish Hacking Academy/a_Training' is clicked on

2019-10-22 13:56:30 - [MESSAGE][PASSED] - Object: 'Object Repository/Page_Mad Irish Hacking Academy/a_Training' is clicked on

2019-10-22 13:56:30 - [TEST_STEP][PASSED] - verifyTextPresent("Training", false): Text 'Training' is present on page 

2019-10-22 13:56:30 - [MESSAGE][PASSED] - Text 'Training' is present on page 

2019-10-22 13:56:30 - [TEST_STEP][PASSED] - takeScreenshot(): Taking screenshot successfully

2019-10-22 13:56:30 - [MESSAGE][PASSED] - Taking screenshot successfully
[[ATTACHMENT|/Users/albert.woloszyn/Katalon Studio/showCaseDEASP/Reports/20191022_135509/showCaseTestSuite1/20191022_135510/1571748990490.png]]

2019-10-22 13:56:30 - [TEST_STEP][PASSED] - click(findTestObject("Object Repository/Page_Mad Irish Hacking Academy/a_Resources")): Object: 'Object Repository/Page_Mad Irish Hacking Academy/a_Resources' is clicked on

2019-10-22 13:56:30 - [MESSAGE][PASSED] - Object: 'Object Repository/Page_Mad Irish Hacking Academy/a_Resources' is clicked on

2019-10-22 13:56:30 - [TEST_STEP][PASSED] - takeScreenshot(): Taking screenshot successfully

2019-10-22 13:56:31 - [MESSAGE][PASSED] - Taking screenshot successfully
[[ATTACHMENT|/Users/albert.woloszyn/Katalon Studio/showCaseDEASP/Reports/20191022_135509/showCaseTestSuite1/20191022_135510/1571748990986.png]]

2019-10-22 13:56:31 - [TEST_STEP][PASSED] - click(findTestObject("Object Repository/Page_Mad Irish Hacking Academy/a_Reading")): Object: 'Object Repository/Page_Mad Irish Hacking Academy/a_Reading' is clicked on

2019-10-22 13:56:31 - [MESSAGE][PASSED] - Object: 'Object Repository/Page_Mad Irish Hacking Academy/a_Reading' is clicked on

2019-10-22 13:56:31 - [TEST_STEP][PASSED] - click(findTestObject("Object Repository/Page_Mad Irish Hacking Academy/a_Resources")): Object: 'Object Repository/Page_Mad Irish Hacking Academy/a_Resources' is clicked on

2019-10-22 13:56:31 - [MESSAGE][PASSED] - Object: 'Object Repository/Page_Mad Irish Hacking Academy/a_Resources' is clicked on

2019-10-22 13:56:31 - [TEST_STEP][PASSED] - click(findTestObject("Object Repository/Page_Mad Irish Hacking Academy/a_Newsletter")): Object: 'Object Repository/Page_Mad Irish Hacking Academy/a_Newsletter' is clicked on

2019-10-22 13:56:32 - [MESSAGE][PASSED] - Object: 'Object Repository/Page_Mad Irish Hacking Academy/a_Newsletter' is clicked on

2019-10-22 13:56:32 - [TEST_STEP][PASSED] - click(findTestObject("Object Repository/Page_Mad Irish Hacking Academy/a_Resources")): Object: 'Object Repository/Page_Mad Irish Hacking Academy/a_Resources' is clicked on

2019-10-22 13:56:32 - [MESSAGE][PASSED] - Object: 'Object Repository/Page_Mad Irish Hacking Academy/a_Resources' is clicked on

2019-10-22 13:56:32 - [TEST_STEP][PASSED] - click(findTestObject("Object Repository/Page_Mad Irish Hacking Academy/a_Create account")): Object: 'Object Repository/Page_Mad Irish Hacking Academy/a_Create account' is clicked on

2019-10-22 13:56:32 - [MESSAGE][PASSED] - Object: 'Object Repository/Page_Mad Irish Hacking Academy/a_Create account' is clicked on

2019-10-22 13:56:32 - [TEST_STEP][PASSED] - setText(findTestObject("Object Repository/Page_Mad Irish Hacking Academy/input_Create account_username"), "test123@welfare.ie"): Text 'test123@welfare.ie' is set on object 'Object Repository/Page_Mad Irish Hacking Academy/input_Create account_username'

2019-10-22 13:56:32 - [MESSAGE][PASSED] - Text 'test123@welfare.ie' is set on object 'Object Repository/Page_Mad Irish Hacking Academy/input_Create account_username'

2019-10-22 13:56:32 - [TEST_STEP][PASSED] - setEncryptedText(findTestObject("Object Repository/Page_Mad Irish Hacking Academy/input_Create account_password"), "qP8g4ZP8zmxOyEuCUr69QQ=="): Text ****** has been set on object 'Object Repository/Page_Mad Irish Hacking Academy/input_Create account_password'

2019-10-22 13:56:33 - [MESSAGE][PASSED] - Text ****** has been set on object 'Object Repository/Page_Mad Irish Hacking Academy/input_Create account_password'

2019-10-22 13:56:33 - [TEST_STEP][PASSED] - click(findTestObject("Object Repository/Page_Mad Irish Hacking Academy/button_Sign in")): Object: 'Object Repository/Page_Mad Irish Hacking Academy/button_Sign in' is clicked on

2019-10-22 13:56:33 - [MESSAGE][PASSED] - Object: 'Object Repository/Page_Mad Irish Hacking Academy/button_Sign in' is clicked on

2019-10-22 13:56:33 - [TEST_STEP][PASSED] - setText(findTestObject("Object Repository/Page_Mad Irish Hacking Academy/input_Email_email"), "test@welfare.ie"): Text 'test@welfare.ie' is set on object 'Object Repository/Page_Mad Irish Hacking Academy/input_Email_email'

2019-10-22 13:56:33 - [MESSAGE][PASSED] - Text 'test@welfare.ie' is set on object 'Object Repository/Page_Mad Irish Hacking Academy/input_Email_email'

2019-10-22 13:56:33 - [TEST_STEP][PASSED] - setEncryptedText(findTestObject("Object Repository/Page_Mad Irish Hacking Academy/input_Password_password"), "Wt9tj4kC2zrPXzAR6+1IxQ=="): Text ****** has been set on object 'Object Repository/Page_Mad Irish Hacking Academy/input_Password_password'

2019-10-22 13:56:34 - [MESSAGE][PASSED] - Text ****** has been set on object 'Object Repository/Page_Mad Irish Hacking Academy/input_Password_password'

2019-10-22 13:56:34 - [TEST_STEP][PASSED] - click(findTestObject("Object Repository/Page_Mad Irish Hacking Academy/button_Register")): Object: 'Object Repository/Page_Mad Irish Hacking Academy/button_Register' is clicked on

2019-10-22 13:56:34 - [MESSAGE][PASSED] - Object: 'Object Repository/Page_Mad Irish Hacking Academy/button_Register' is clicked on

2019-10-22 13:56:34 - [TEST_STEP][PASSED] - closeBrowser(): Browser is closed

2019-10-22 13:56:37 - [MESSAGE][PASSED] - Browser is closed</system-out>
            <system-err></system-err>
        </testcase>
        <testcase name="Test Cases/QuickHandsOnTestCase8" classname="Test Cases/QuickHandsOnTestCase8" status="PASSED">
            <system-out>2019-10-22 13:56:37 - [TEST_CASE][PASSED] - Test Cases/QuickHandsOnTestCase8: Test Cases/QuickHandsOnTestCase8

2019-10-22 13:56:37 - [TEST_STEP][PASSED] - openBrowser(""): Browser is opened with url: ''

2019-10-22 13:56:37 - [MESSAGE][INFO] - Starting 'Firefox' driver

2019-10-22 13:56:45 - [MESSAGE][PASSED] - Browser is opened with url: ''

2019-10-22 13:56:45 - [TEST_STEP][PASSED] - navigateToUrl("http://192.168.56.101/"): Navigate to 'http://192.168.56.101/' successfully

2019-10-22 13:56:45 - [MESSAGE][PASSED] - Navigate to 'http://192.168.56.101/' successfully

2019-10-22 13:56:45 - [TEST_STEP][PASSED] - click(findTestObject("Object Repository/Page_Mad Irish Hacking Academy/a_Contact")): Object: 'Object Repository/Page_Mad Irish Hacking Academy/a_Contact' is clicked on

2019-10-22 13:56:46 - [MESSAGE][PASSED] - Object: 'Object Repository/Page_Mad Irish Hacking Academy/a_Contact' is clicked on

2019-10-22 13:56:46 - [TEST_STEP][PASSED] - verifyTextPresent("Contact", false): Text 'Contact' is present on page 

2019-10-22 13:56:46 - [MESSAGE][PASSED] - Text 'Contact' is present on page 

2019-10-22 13:56:46 - [TEST_STEP][PASSED] - takeScreenshot(): Taking screenshot successfully

2019-10-22 13:56:46 - [MESSAGE][PASSED] - Taking screenshot successfully
[[ATTACHMENT|/Users/albert.woloszyn/Katalon Studio/showCaseDEASP/Reports/20191022_135509/showCaseTestSuite1/20191022_135510/1571749006315.png]]

2019-10-22 13:56:46 - [TEST_STEP][PASSED] - click(findTestObject("Object Repository/Page_Mad Irish Hacking Academy/a_Resources")): Object: 'Object Repository/Page_Mad Irish Hacking Academy/a_Resources' is clicked on

2019-10-22 13:56:47 - [MESSAGE][PASSED] - Object: 'Object Repository/Page_Mad Irish Hacking Academy/a_Resources' is clicked on

2019-10-22 13:56:47 - [TEST_STEP][PASSED] - verifyTextPresent("Resources", false): Text 'Resources' is present on page 

2019-10-22 13:56:47 - [MESSAGE][PASSED] - Text 'Resources' is present on page 

2019-10-22 13:56:47 - [TEST_STEP][PASSED] - takeScreenshot(): Taking screenshot successfully

2019-10-22 13:56:47 - [MESSAGE][PASSED] - Taking screenshot successfully
[[ATTACHMENT|/Users/albert.woloszyn/Katalon Studio/showCaseDEASP/Reports/20191022_135509/showCaseTestSuite1/20191022_135510/1571749007115.png]]

2019-10-22 13:56:47 - [TEST_STEP][PASSED] - click(findTestObject("Object Repository/Page_Mad Irish Hacking Academy/a_Training")): Object: 'Object Repository/Page_Mad Irish Hacking Academy/a_Training' is clicked on

2019-10-22 13:56:47 - [MESSAGE][PASSED] - Object: 'Object Repository/Page_Mad Irish Hacking Academy/a_Training' is clicked on

2019-10-22 13:56:47 - [TEST_STEP][PASSED] - verifyTextPresent("Training", false): Text 'Training' is present on page 

2019-10-22 13:56:47 - [MESSAGE][PASSED] - Text 'Training' is present on page 

2019-10-22 13:56:47 - [TEST_STEP][PASSED] - takeScreenshot(): Taking screenshot successfully

2019-10-22 13:56:48 - [MESSAGE][PASSED] - Taking screenshot successfully
[[ATTACHMENT|/Users/albert.woloszyn/Katalon Studio/showCaseDEASP/Reports/20191022_135509/showCaseTestSuite1/20191022_135510/1571749007772.png]]

2019-10-22 13:56:48 - [TEST_STEP][PASSED] - click(findTestObject("Object Repository/Page_Mad Irish Hacking Academy/a_Resources")): Object: 'Object Repository/Page_Mad Irish Hacking Academy/a_Resources' is clicked on

2019-10-22 13:56:48 - [MESSAGE][PASSED] - Object: 'Object Repository/Page_Mad Irish Hacking Academy/a_Resources' is clicked on

2019-10-22 13:56:48 - [TEST_STEP][PASSED] - takeScreenshot(): Taking screenshot successfully

2019-10-22 13:56:48 - [MESSAGE][PASSED] - Taking screenshot successfully
[[ATTACHMENT|/Users/albert.woloszyn/Katalon Studio/showCaseDEASP/Reports/20191022_135509/showCaseTestSuite1/20191022_135510/1571749008567.png]]

2019-10-22 13:56:48 - [TEST_STEP][PASSED] - click(findTestObject("Object Repository/Page_Mad Irish Hacking Academy/a_Reading")): Object: 'Object Repository/Page_Mad Irish Hacking Academy/a_Reading' is clicked on

2019-10-22 13:56:48 - [MESSAGE][PASSED] - Object: 'Object Repository/Page_Mad Irish Hacking Academy/a_Reading' is clicked on

2019-10-22 13:56:48 - [TEST_STEP][PASSED] - click(findTestObject("Object Repository/Page_Mad Irish Hacking Academy/a_Resources")): Object: 'Object Repository/Page_Mad Irish Hacking Academy/a_Resources' is clicked on

2019-10-22 13:56:49 - [MESSAGE][PASSED] - Object: 'Object Repository/Page_Mad Irish Hacking Academy/a_Resources' is clicked on

2019-10-22 13:56:49 - [TEST_STEP][PASSED] - click(findTestObject("Object Repository/Page_Mad Irish Hacking Academy/a_Newsletter")): Object: 'Object Repository/Page_Mad Irish Hacking Academy/a_Newsletter' is clicked on

2019-10-22 13:56:49 - [MESSAGE][PASSED] - Object: 'Object Repository/Page_Mad Irish Hacking Academy/a_Newsletter' is clicked on

2019-10-22 13:56:49 - [TEST_STEP][PASSED] - click(findTestObject("Object Repository/Page_Mad Irish Hacking Academy/a_Resources")): Object: 'Object Repository/Page_Mad Irish Hacking Academy/a_Resources' is clicked on

2019-10-22 13:56:50 - [MESSAGE][PASSED] - Object: 'Object Repository/Page_Mad Irish Hacking Academy/a_Resources' is clicked on

2019-10-22 13:56:50 - [TEST_STEP][PASSED] - click(findTestObject("Object Repository/Page_Mad Irish Hacking Academy/a_Create account")): Object: 'Object Repository/Page_Mad Irish Hacking Academy/a_Create account' is clicked on

2019-10-22 13:56:50 - [MESSAGE][PASSED] - Object: 'Object Repository/Page_Mad Irish Hacking Academy/a_Create account' is clicked on

2019-10-22 13:56:50 - [TEST_STEP][PASSED] - setText(findTestObject("Object Repository/Page_Mad Irish Hacking Academy/input_Create account_username"), "test123@welfare.ie"): Text 'test123@welfare.ie' is set on object 'Object Repository/Page_Mad Irish Hacking Academy/input_Create account_username'

2019-10-22 13:56:50 - [MESSAGE][PASSED] - Text 'test123@welfare.ie' is set on object 'Object Repository/Page_Mad Irish Hacking Academy/input_Create account_username'

2019-10-22 13:56:50 - [TEST_STEP][PASSED] - setEncryptedText(findTestObject("Object Repository/Page_Mad Irish Hacking Academy/input_Create account_password"), "qP8g4ZP8zmxOyEuCUr69QQ=="): Text ****** has been set on object 'Object Repository/Page_Mad Irish Hacking Academy/input_Create account_password'

2019-10-22 13:56:50 - [MESSAGE][PASSED] - Text ****** has been set on object 'Object Repository/Page_Mad Irish Hacking Academy/input_Create account_password'

2019-10-22 13:56:50 - [TEST_STEP][PASSED] - click(findTestObject("Object Repository/Page_Mad Irish Hacking Academy/button_Sign in")): Object: 'Object Repository/Page_Mad Irish Hacking Academy/button_Sign in' is clicked on

2019-10-22 13:56:51 - [MESSAGE][PASSED] - Object: 'Object Repository/Page_Mad Irish Hacking Academy/button_Sign in' is clicked on

2019-10-22 13:56:51 - [TEST_STEP][PASSED] - setText(findTestObject("Object Repository/Page_Mad Irish Hacking Academy/input_Email_email"), "test@welfare.ie"): Text 'test@welfare.ie' is set on object 'Object Repository/Page_Mad Irish Hacking Academy/input_Email_email'

2019-10-22 13:56:51 - [MESSAGE][PASSED] - Text 'test@welfare.ie' is set on object 'Object Repository/Page_Mad Irish Hacking Academy/input_Email_email'

2019-10-22 13:56:51 - [TEST_STEP][PASSED] - setEncryptedText(findTestObject("Object Repository/Page_Mad Irish Hacking Academy/input_Password_password"), "Wt9tj4kC2zrPXzAR6+1IxQ=="): Text ****** has been set on object 'Object Repository/Page_Mad Irish Hacking Academy/input_Password_password'

2019-10-22 13:56:51 - [MESSAGE][PASSED] - Text ****** has been set on object 'Object Repository/Page_Mad Irish Hacking Academy/input_Password_password'

2019-10-22 13:56:51 - [TEST_STEP][PASSED] - click(findTestObject("Object Repository/Page_Mad Irish Hacking Academy/button_Register")): Object: 'Object Repository/Page_Mad Irish Hacking Academy/button_Register' is clicked on

2019-10-22 13:56:52 - [MESSAGE][PASSED] - Object: 'Object Repository/Page_Mad Irish Hacking Academy/button_Register' is clicked on

2019-10-22 13:56:52 - [TEST_STEP][PASSED] - closeBrowser(): Browser is closed

2019-10-22 13:56:54 - [MESSAGE][PASSED] - Browser is closed</system-out>
            <system-err></system-err>
        </testcase>
        <testcase name="Test Cases/QuickHandsOnTestCase9" classname="Test Cases/QuickHandsOnTestCase9" status="PASSED">
            <system-out>2019-10-22 13:56:54 - [TEST_CASE][PASSED] - Test Cases/QuickHandsOnTestCase9: Test Cases/QuickHandsOnTestCase9

2019-10-22 13:56:54 - [TEST_STEP][PASSED] - openBrowser(""): Browser is opened with url: ''

2019-10-22 13:56:54 - [MESSAGE][INFO] - Starting 'Firefox' driver

2019-10-22 13:57:00 - [MESSAGE][PASSED] - Browser is opened with url: ''

2019-10-22 13:57:00 - [TEST_STEP][PASSED] - navigateToUrl("http://192.168.56.101/"): Navigate to 'http://192.168.56.101/' successfully

2019-10-22 13:57:01 - [MESSAGE][PASSED] - Navigate to 'http://192.168.56.101/' successfully

2019-10-22 13:57:01 - [TEST_STEP][PASSED] - click(findTestObject("Object Repository/Page_Mad Irish Hacking Academy/a_Contact")): Object: 'Object Repository/Page_Mad Irish Hacking Academy/a_Contact' is clicked on

2019-10-22 13:57:01 - [MESSAGE][PASSED] - Object: 'Object Repository/Page_Mad Irish Hacking Academy/a_Contact' is clicked on

2019-10-22 13:57:01 - [TEST_STEP][PASSED] - verifyTextPresent("Contact", false): Text 'Contact' is present on page 

2019-10-22 13:57:01 - [MESSAGE][PASSED] - Text 'Contact' is present on page 

2019-10-22 13:57:01 - [TEST_STEP][PASSED] - takeScreenshot(): Taking screenshot successfully

2019-10-22 13:57:02 - [MESSAGE][PASSED] - Taking screenshot successfully
[[ATTACHMENT|/Users/albert.woloszyn/Katalon Studio/showCaseDEASP/Reports/20191022_135509/showCaseTestSuite1/20191022_135510/1571749021703.png]]

2019-10-22 13:57:02 - [TEST_STEP][PASSED] - click(findTestObject("Object Repository/Page_Mad Irish Hacking Academy/a_Resources")): Object: 'Object Repository/Page_Mad Irish Hacking Academy/a_Resources' is clicked on

2019-10-22 13:57:02 - [MESSAGE][PASSED] - Object: 'Object Repository/Page_Mad Irish Hacking Academy/a_Resources' is clicked on

2019-10-22 13:57:02 - [TEST_STEP][PASSED] - verifyTextPresent("Resources", false): Text 'Resources' is present on page 

2019-10-22 13:57:02 - [MESSAGE][PASSED] - Text 'Resources' is present on page 

2019-10-22 13:57:02 - [TEST_STEP][PASSED] - takeScreenshot(): Taking screenshot successfully

2019-10-22 13:57:02 - [MESSAGE][PASSED] - Taking screenshot successfully
[[ATTACHMENT|/Users/albert.woloszyn/Katalon Studio/showCaseDEASP/Reports/20191022_135509/showCaseTestSuite1/20191022_135510/1571749022473.png]]

2019-10-22 13:57:02 - [TEST_STEP][PASSED] - click(findTestObject("Object Repository/Page_Mad Irish Hacking Academy/a_Training")): Object: 'Object Repository/Page_Mad Irish Hacking Academy/a_Training' is clicked on

2019-10-22 13:57:02 - [MESSAGE][PASSED] - Object: 'Object Repository/Page_Mad Irish Hacking Academy/a_Training' is clicked on

2019-10-22 13:57:02 - [TEST_STEP][PASSED] - verifyTextPresent("Training", false): Text 'Training' is present on page 

2019-10-22 13:57:02 - [MESSAGE][PASSED] - Text 'Training' is present on page 

2019-10-22 13:57:02 - [TEST_STEP][PASSED] - takeScreenshot(): Taking screenshot successfully

2019-10-22 13:57:03 - [MESSAGE][PASSED] - Taking screenshot successfully
[[ATTACHMENT|/Users/albert.woloszyn/Katalon Studio/showCaseDEASP/Reports/20191022_135509/showCaseTestSuite1/20191022_135510/1571749022954.png]]

2019-10-22 13:57:03 - [TEST_STEP][PASSED] - click(findTestObject("Object Repository/Page_Mad Irish Hacking Academy/a_Resources")): Object: 'Object Repository/Page_Mad Irish Hacking Academy/a_Resources' is clicked on

2019-10-22 13:57:03 - [MESSAGE][PASSED] - Object: 'Object Repository/Page_Mad Irish Hacking Academy/a_Resources' is clicked on

2019-10-22 13:57:03 - [TEST_STEP][PASSED] - takeScreenshot(): Taking screenshot successfully

2019-10-22 13:57:03 - [MESSAGE][PASSED] - Taking screenshot successfully
[[ATTACHMENT|/Users/albert.woloszyn/Katalon Studio/showCaseDEASP/Reports/20191022_135509/showCaseTestSuite1/20191022_135510/1571749023506.png]]

2019-10-22 13:57:03 - [TEST_STEP][PASSED] - click(findTestObject("Object Repository/Page_Mad Irish Hacking Academy/a_Reading")): Object: 'Object Repository/Page_Mad Irish Hacking Academy/a_Reading' is clicked on

2019-10-22 13:57:03 - [MESSAGE][PASSED] - Object: 'Object Repository/Page_Mad Irish Hacking Academy/a_Reading' is clicked on

2019-10-22 13:57:03 - [TEST_STEP][PASSED] - click(findTestObject("Object Repository/Page_Mad Irish Hacking Academy/a_Resources")): Object: 'Object Repository/Page_Mad Irish Hacking Academy/a_Resources' is clicked on

2019-10-22 13:57:04 - [MESSAGE][PASSED] - Object: 'Object Repository/Page_Mad Irish Hacking Academy/a_Resources' is clicked on

2019-10-22 13:57:04 - [TEST_STEP][PASSED] - click(findTestObject("Object Repository/Page_Mad Irish Hacking Academy/a_Newsletter")): Object: 'Object Repository/Page_Mad Irish Hacking Academy/a_Newsletter' is clicked on

2019-10-22 13:57:04 - [MESSAGE][PASSED] - Object: 'Object Repository/Page_Mad Irish Hacking Academy/a_Newsletter' is clicked on

2019-10-22 13:57:04 - [TEST_STEP][PASSED] - click(findTestObject("Object Repository/Page_Mad Irish Hacking Academy/a_Resources")): Object: 'Object Repository/Page_Mad Irish Hacking Academy/a_Resources' is clicked on

2019-10-22 13:57:04 - [MESSAGE][PASSED] - Object: 'Object Repository/Page_Mad Irish Hacking Academy/a_Resources' is clicked on

2019-10-22 13:57:04 - [TEST_STEP][PASSED] - click(findTestObject("Object Repository/Page_Mad Irish Hacking Academy/a_Create account")): Object: 'Object Repository/Page_Mad Irish Hacking Academy/a_Create account' is clicked on

2019-10-22 13:57:05 - [MESSAGE][PASSED] - Object: 'Object Repository/Page_Mad Irish Hacking Academy/a_Create account' is clicked on

2019-10-22 13:57:05 - [TEST_STEP][PASSED] - setText(findTestObject("Object Repository/Page_Mad Irish Hacking Academy/input_Create account_username"), "test123@welfare.ie"): Text 'test123@welfare.ie' is set on object 'Object Repository/Page_Mad Irish Hacking Academy/input_Create account_username'

2019-10-22 13:57:05 - [MESSAGE][PASSED] - Text 'test123@welfare.ie' is set on object 'Object Repository/Page_Mad Irish Hacking Academy/input_Create account_username'

2019-10-22 13:57:05 - [TEST_STEP][PASSED] - setEncryptedText(findTestObject("Object Repository/Page_Mad Irish Hacking Academy/input_Create account_password"), "qP8g4ZP8zmxOyEuCUr69QQ=="): Text ****** has been set on object 'Object Repository/Page_Mad Irish Hacking Academy/input_Create account_password'

2019-10-22 13:57:06 - [MESSAGE][PASSED] - Text ****** has been set on object 'Object Repository/Page_Mad Irish Hacking Academy/input_Create account_password'

2019-10-22 13:57:06 - [TEST_STEP][PASSED] - click(findTestObject("Object Repository/Page_Mad Irish Hacking Academy/button_Sign in")): Object: 'Object Repository/Page_Mad Irish Hacking Academy/button_Sign in' is clicked on

2019-10-22 13:57:06 - [MESSAGE][PASSED] - Object: 'Object Repository/Page_Mad Irish Hacking Academy/button_Sign in' is clicked on

2019-10-22 13:57:06 - [TEST_STEP][PASSED] - setText(findTestObject("Object Repository/Page_Mad Irish Hacking Academy/input_Email_email"), "test@welfare.ie"): Text 'test@welfare.ie' is set on object 'Object Repository/Page_Mad Irish Hacking Academy/input_Email_email'

2019-10-22 13:57:06 - [MESSAGE][PASSED] - Text 'test@welfare.ie' is set on object 'Object Repository/Page_Mad Irish Hacking Academy/input_Email_email'

2019-10-22 13:57:06 - [TEST_STEP][PASSED] - setEncryptedText(findTestObject("Object Repository/Page_Mad Irish Hacking Academy/input_Password_password"), "Wt9tj4kC2zrPXzAR6+1IxQ=="): Text ****** has been set on object 'Object Repository/Page_Mad Irish Hacking Academy/input_Password_password'

2019-10-22 13:57:07 - [MESSAGE][PASSED] - Text ****** has been set on object 'Object Repository/Page_Mad Irish Hacking Academy/input_Password_password'

2019-10-22 13:57:07 - [TEST_STEP][PASSED] - click(findTestObject("Object Repository/Page_Mad Irish Hacking Academy/button_Register")): Object: 'Object Repository/Page_Mad Irish Hacking Academy/button_Register' is clicked on

2019-10-22 13:57:07 - [MESSAGE][PASSED] - Object: 'Object Repository/Page_Mad Irish Hacking Academy/button_Register' is clicked on

2019-10-22 13:57:07 - [TEST_STEP][PASSED] - closeBrowser(): Browser is closed

2019-10-22 13:57:10 - [MESSAGE][PASSED] - Browser is closed</system-out>
            <system-err></system-err>
        </testcase>
        <testcase name="Test Cases/QuickHandsOnTestCase6" classname="Test Cases/QuickHandsOnTestCase6" status="PASSED">
            <system-out>2019-10-22 13:57:10 - [TEST_CASE][PASSED] - Test Cases/QuickHandsOnTestCase6: Test Cases/QuickHandsOnTestCase6

2019-10-22 13:57:10 - [TEST_STEP][PASSED] - openBrowser(""): Browser is opened with url: ''

2019-10-22 13:57:10 - [MESSAGE][INFO] - Starting 'Firefox' driver

2019-10-22 13:57:15 - [MESSAGE][PASSED] - Browser is opened with url: ''

2019-10-22 13:57:15 - [TEST_STEP][PASSED] - navigateToUrl("http://192.168.56.101/"): Navigate to 'http://192.168.56.101/' successfully

2019-10-22 13:57:16 - [MESSAGE][PASSED] - Navigate to 'http://192.168.56.101/' successfully

2019-10-22 13:57:16 - [TEST_STEP][PASSED] - click(findTestObject("Object Repository/Page_Mad Irish Hacking Academy/a_Contact")): Object: 'Object Repository/Page_Mad Irish Hacking Academy/a_Contact' is clicked on

2019-10-22 13:57:16 - [MESSAGE][PASSED] - Object: 'Object Repository/Page_Mad Irish Hacking Academy/a_Contact' is clicked on

2019-10-22 13:57:16 - [TEST_STEP][PASSED] - verifyTextPresent("Contact", false): Text 'Contact' is present on page 

2019-10-22 13:57:16 - [MESSAGE][PASSED] - Text 'Contact' is present on page 

2019-10-22 13:57:16 - [TEST_STEP][PASSED] - takeScreenshot(): Taking screenshot successfully

2019-10-22 13:57:16 - [MESSAGE][PASSED] - Taking screenshot successfully
[[ATTACHMENT|/Users/albert.woloszyn/Katalon Studio/showCaseDEASP/Reports/20191022_135509/showCaseTestSuite1/20191022_135510/1571749036450.png]]

2019-10-22 13:57:16 - [TEST_STEP][PASSED] - click(findTestObject("Object Repository/Page_Mad Irish Hacking Academy/a_Resources")): Object: 'Object Repository/Page_Mad Irish Hacking Academy/a_Resources' is clicked on

2019-10-22 13:57:17 - [MESSAGE][PASSED] - Object: 'Object Repository/Page_Mad Irish Hacking Academy/a_Resources' is clicked on

2019-10-22 13:57:17 - [TEST_STEP][PASSED] - verifyTextPresent("Resources", false): Text 'Resources' is present on page 

2019-10-22 13:57:17 - [MESSAGE][PASSED] - Text 'Resources' is present on page 

2019-10-22 13:57:17 - [TEST_STEP][PASSED] - takeScreenshot(): Taking screenshot successfully

2019-10-22 13:57:17 - [MESSAGE][PASSED] - Taking screenshot successfully
[[ATTACHMENT|/Users/albert.woloszyn/Katalon Studio/showCaseDEASP/Reports/20191022_135509/showCaseTestSuite1/20191022_135510/1571749037187.png]]

2019-10-22 13:57:17 - [TEST_STEP][PASSED] - click(findTestObject("Object Repository/Page_Mad Irish Hacking Academy/a_Training")): Object: 'Object Repository/Page_Mad Irish Hacking Academy/a_Training' is clicked on

2019-10-22 13:57:17 - [MESSAGE][PASSED] - Object: 'Object Repository/Page_Mad Irish Hacking Academy/a_Training' is clicked on

2019-10-22 13:57:17 - [TEST_STEP][PASSED] - verifyTextPresent("Training", false): Text 'Training' is present on page 

2019-10-22 13:57:17 - [MESSAGE][PASSED] - Text 'Training' is present on page 

2019-10-22 13:57:17 - [TEST_STEP][PASSED] - takeScreenshot(): Taking screenshot successfully

2019-10-22 13:57:18 - [MESSAGE][PASSED] - Taking screenshot successfully
[[ATTACHMENT|/Users/albert.woloszyn/Katalon Studio/showCaseDEASP/Reports/20191022_135509/showCaseTestSuite1/20191022_135510/1571749037903.png]]

2019-10-22 13:57:18 - [TEST_STEP][PASSED] - click(findTestObject("Object Repository/Page_Mad Irish Hacking Academy/a_Resources")): Object: 'Object Repository/Page_Mad Irish Hacking Academy/a_Resources' is clicked on

2019-10-22 13:57:18 - [MESSAGE][PASSED] - Object: 'Object Repository/Page_Mad Irish Hacking Academy/a_Resources' is clicked on

2019-10-22 13:57:18 - [TEST_STEP][PASSED] - takeScreenshot(): Taking screenshot successfully

2019-10-22 13:57:18 - [MESSAGE][PASSED] - Taking screenshot successfully
[[ATTACHMENT|/Users/albert.woloszyn/Katalon Studio/showCaseDEASP/Reports/20191022_135509/showCaseTestSuite1/20191022_135510/1571749038419.png]]

2019-10-22 13:57:18 - [TEST_STEP][PASSED] - click(findTestObject("Object Repository/Page_Mad Irish Hacking Academy/a_Reading")): Object: 'Object Repository/Page_Mad Irish Hacking Academy/a_Reading' is clicked on

2019-10-22 13:57:18 - [MESSAGE][PASSED] - Object: 'Object Repository/Page_Mad Irish Hacking Academy/a_Reading' is clicked on

2019-10-22 13:57:18 - [TEST_STEP][PASSED] - click(findTestObject("Object Repository/Page_Mad Irish Hacking Academy/a_Resources")): Object: 'Object Repository/Page_Mad Irish Hacking Academy/a_Resources' is clicked on

2019-10-22 13:57:19 - [MESSAGE][PASSED] - Object: 'Object Repository/Page_Mad Irish Hacking Academy/a_Resources' is clicked on

2019-10-22 13:57:19 - [TEST_STEP][PASSED] - click(findTestObject("Object Repository/Page_Mad Irish Hacking Academy/a_Newsletter")): Object: 'Object Repository/Page_Mad Irish Hacking Academy/a_Newsletter' is clicked on

2019-10-22 13:57:19 - [MESSAGE][PASSED] - Object: 'Object Repository/Page_Mad Irish Hacking Academy/a_Newsletter' is clicked on

2019-10-22 13:57:19 - [TEST_STEP][PASSED] - click(findTestObject("Object Repository/Page_Mad Irish Hacking Academy/a_Resources")): Object: 'Object Repository/Page_Mad Irish Hacking Academy/a_Resources' is clicked on

2019-10-22 13:57:19 - [MESSAGE][PASSED] - Object: 'Object Repository/Page_Mad Irish Hacking Academy/a_Resources' is clicked on

2019-10-22 13:57:19 - [TEST_STEP][PASSED] - click(findTestObject("Object Repository/Page_Mad Irish Hacking Academy/a_Create account")): Object: 'Object Repository/Page_Mad Irish Hacking Academy/a_Create account' is clicked on

2019-10-22 13:57:19 - [MESSAGE][PASSED] - Object: 'Object Repository/Page_Mad Irish Hacking Academy/a_Create account' is clicked on

2019-10-22 13:57:19 - [TEST_STEP][PASSED] - setText(findTestObject("Object Repository/Page_Mad Irish Hacking Academy/input_Create account_username"), "test123@welfare.ie"): Text 'test123@welfare.ie' is set on object 'Object Repository/Page_Mad Irish Hacking Academy/input_Create account_username'

2019-10-22 13:57:20 - [MESSAGE][PASSED] - Text 'test123@welfare.ie' is set on object 'Object Repository/Page_Mad Irish Hacking Academy/input_Create account_username'

2019-10-22 13:57:20 - [TEST_STEP][PASSED] - setEncryptedText(findTestObject("Object Repository/Page_Mad Irish Hacking Academy/input_Create account_password"), "qP8g4ZP8zmxOyEuCUr69QQ=="): Text ****** has been set on object 'Object Repository/Page_Mad Irish Hacking Academy/input_Create account_password'

2019-10-22 13:57:20 - [MESSAGE][PASSED] - Text ****** has been set on object 'Object Repository/Page_Mad Irish Hacking Academy/input_Create account_password'

2019-10-22 13:57:20 - [TEST_STEP][PASSED] - click(findTestObject("Object Repository/Page_Mad Irish Hacking Academy/button_Sign in")): Object: 'Object Repository/Page_Mad Irish Hacking Academy/button_Sign in' is clicked on

2019-10-22 13:57:20 - [MESSAGE][PASSED] - Object: 'Object Repository/Page_Mad Irish Hacking Academy/button_Sign in' is clicked on

2019-10-22 13:57:20 - [TEST_STEP][PASSED] - setText(findTestObject("Object Repository/Page_Mad Irish Hacking Academy/input_Email_email"), "test@welfare.ie"): Text 'test@welfare.ie' is set on object 'Object Repository/Page_Mad Irish Hacking Academy/input_Email_email'

2019-10-22 13:57:20 - [MESSAGE][PASSED] - Text 'test@welfare.ie' is set on object 'Object Repository/Page_Mad Irish Hacking Academy/input_Email_email'

2019-10-22 13:57:20 - [TEST_STEP][PASSED] - setEncryptedText(findTestObject("Object Repository/Page_Mad Irish Hacking Academy/input_Password_password"), "Wt9tj4kC2zrPXzAR6+1IxQ=="): Text ****** has been set on object 'Object Repository/Page_Mad Irish Hacking Academy/input_Password_password'

2019-10-22 13:57:20 - [MESSAGE][PASSED] - Text ****** has been set on object 'Object Repository/Page_Mad Irish Hacking Academy/input_Password_password'

2019-10-22 13:57:20 - [TEST_STEP][PASSED] - click(findTestObject("Object Repository/Page_Mad Irish Hacking Academy/button_Register")): Object: 'Object Repository/Page_Mad Irish Hacking Academy/button_Register' is clicked on

2019-10-22 13:57:21 - [MESSAGE][PASSED] - Object: 'Object Repository/Page_Mad Irish Hacking Academy/button_Register' is clicked on

2019-10-22 13:57:21 - [TEST_STEP][PASSED] - closeBrowser(): Browser is closed

2019-10-22 13:57:22 - [MESSAGE][PASSED] - Browser is closed</system-out>
            <system-err></system-err>
        </testcase>
        <testcase name="Test Cases/QuickHandsOnTestCase2" classname="Test Cases/QuickHandsOnTestCase2" status="PASSED">
            <system-out>2019-10-22 13:57:22 - [TEST_CASE][PASSED] - Test Cases/QuickHandsOnTestCase2: Test Cases/QuickHandsOnTestCase2

2019-10-22 13:57:22 - [TEST_STEP][PASSED] - openBrowser(""): Browser is opened with url: ''

2019-10-22 13:57:22 - [MESSAGE][INFO] - Starting 'Firefox' driver

2019-10-22 13:57:29 - [MESSAGE][PASSED] - Browser is opened with url: ''

2019-10-22 13:57:29 - [TEST_STEP][PASSED] - navigateToUrl("http://192.168.56.101/"): Navigate to 'http://192.168.56.101/' successfully

2019-10-22 13:57:30 - [MESSAGE][PASSED] - Navigate to 'http://192.168.56.101/' successfully

2019-10-22 13:57:30 - [TEST_STEP][PASSED] - click(findTestObject("Object Repository/Page_Mad Irish Hacking Academy/a_Contact")): Object: 'Object Repository/Page_Mad Irish Hacking Academy/a_Contact' is clicked on

2019-10-22 13:57:30 - [MESSAGE][PASSED] - Object: 'Object Repository/Page_Mad Irish Hacking Academy/a_Contact' is clicked on

2019-10-22 13:57:30 - [TEST_STEP][PASSED] - verifyTextPresent("Contact", false): Text 'Contact' is present on page 

2019-10-22 13:57:30 - [MESSAGE][PASSED] - Text 'Contact' is present on page 

2019-10-22 13:57:30 - [TEST_STEP][PASSED] - takeScreenshot(): Taking screenshot successfully

2019-10-22 13:57:30 - [MESSAGE][PASSED] - Taking screenshot successfully
[[ATTACHMENT|/Users/albert.woloszyn/Katalon Studio/showCaseDEASP/Reports/20191022_135509/showCaseTestSuite1/20191022_135510/1571749050619.png]]

2019-10-22 13:57:30 - [TEST_STEP][PASSED] - click(findTestObject("Object Repository/Page_Mad Irish Hacking Academy/a_Resources")): Object: 'Object Repository/Page_Mad Irish Hacking Academy/a_Resources' is clicked on

2019-10-22 13:57:31 - [MESSAGE][PASSED] - Object: 'Object Repository/Page_Mad Irish Hacking Academy/a_Resources' is clicked on

2019-10-22 13:57:31 - [TEST_STEP][PASSED] - verifyTextPresent("Resources", false): Text 'Resources' is present on page 

2019-10-22 13:57:31 - [MESSAGE][PASSED] - Text 'Resources' is present on page 

2019-10-22 13:57:31 - [TEST_STEP][PASSED] - takeScreenshot(): Taking screenshot successfully

2019-10-22 13:57:31 - [MESSAGE][PASSED] - Taking screenshot successfully
[[ATTACHMENT|/Users/albert.woloszyn/Katalon Studio/showCaseDEASP/Reports/20191022_135509/showCaseTestSuite1/20191022_135510/1571749051319.png]]

2019-10-22 13:57:31 - [TEST_STEP][PASSED] - click(findTestObject("Object Repository/Page_Mad Irish Hacking Academy/a_Training")): Object: 'Object Repository/Page_Mad Irish Hacking Academy/a_Training' is clicked on

2019-10-22 13:57:32 - [MESSAGE][PASSED] - Object: 'Object Repository/Page_Mad Irish Hacking Academy/a_Training' is clicked on

2019-10-22 13:57:32 - [TEST_STEP][PASSED] - verifyTextPresent("Training", false): Text 'Training' is present on page 

2019-10-22 13:57:32 - [MESSAGE][PASSED] - Text 'Training' is present on page 

2019-10-22 13:57:32 - [TEST_STEP][PASSED] - takeScreenshot(): Taking screenshot successfully

2019-10-22 13:57:32 - [MESSAGE][PASSED] - Taking screenshot successfully
[[ATTACHMENT|/Users/albert.woloszyn/Katalon Studio/showCaseDEASP/Reports/20191022_135509/showCaseTestSuite1/20191022_135510/1571749052254.png]]

2019-10-22 13:57:32 - [TEST_STEP][PASSED] - click(findTestObject("Object Repository/Page_Mad Irish Hacking Academy/a_Resources")): Object: 'Object Repository/Page_Mad Irish Hacking Academy/a_Resources' is clicked on

2019-10-22 13:57:33 - [MESSAGE][PASSED] - Object: 'Object Repository/Page_Mad Irish Hacking Academy/a_Resources' is clicked on

2019-10-22 13:57:33 - [TEST_STEP][PASSED] - takeScreenshot(): Taking screenshot successfully

2019-10-22 13:57:33 - [MESSAGE][PASSED] - Taking screenshot successfully
[[ATTACHMENT|/Users/albert.woloszyn/Katalon Studio/showCaseDEASP/Reports/20191022_135509/showCaseTestSuite1/20191022_135510/1571749053071.png]]

2019-10-22 13:57:33 - [TEST_STEP][PASSED] - click(findTestObject("Object Repository/Page_Mad Irish Hacking Academy/a_Reading")): Object: 'Object Repository/Page_Mad Irish Hacking Academy/a_Reading' is clicked on

2019-10-22 13:57:33 - [MESSAGE][PASSED] - Object: 'Object Repository/Page_Mad Irish Hacking Academy/a_Reading' is clicked on

2019-10-22 13:57:33 - [TEST_STEP][PASSED] - click(findTestObject("Object Repository/Page_Mad Irish Hacking Academy/a_Resources")): Object: 'Object Repository/Page_Mad Irish Hacking Academy/a_Resources' is clicked on

2019-10-22 13:57:33 - [MESSAGE][PASSED] - Object: 'Object Repository/Page_Mad Irish Hacking Academy/a_Resources' is clicked on

2019-10-22 13:57:33 - [TEST_STEP][PASSED] - click(findTestObject("Object Repository/Page_Mad Irish Hacking Academy/a_Newsletter")): Object: 'Object Repository/Page_Mad Irish Hacking Academy/a_Newsletter' is clicked on

2019-10-22 13:57:33 - [MESSAGE][PASSED] - Object: 'Object Repository/Page_Mad Irish Hacking Academy/a_Newsletter' is clicked on

2019-10-22 13:57:33 - [TEST_STEP][PASSED] - click(findTestObject("Object Repository/Page_Mad Irish Hacking Academy/a_Resources")): Object: 'Object Repository/Page_Mad Irish Hacking Academy/a_Resources' is clicked on

2019-10-22 13:57:34 - [MESSAGE][PASSED] - Object: 'Object Repository/Page_Mad Irish Hacking Academy/a_Resources' is clicked on

2019-10-22 13:57:34 - [TEST_STEP][PASSED] - click(findTestObject("Object Repository/Page_Mad Irish Hacking Academy/a_Create account")): Object: 'Object Repository/Page_Mad Irish Hacking Academy/a_Create account' is clicked on

2019-10-22 13:57:34 - [MESSAGE][PASSED] - Object: 'Object Repository/Page_Mad Irish Hacking Academy/a_Create account' is clicked on

2019-10-22 13:57:34 - [TEST_STEP][PASSED] - setText(findTestObject("Object Repository/Page_Mad Irish Hacking Academy/input_Create account_username"), "test123@welfare.ie"): Text 'test123@welfare.ie' is set on object 'Object Repository/Page_Mad Irish Hacking Academy/input_Create account_username'

2019-10-22 13:57:34 - [MESSAGE][PASSED] - Text 'test123@welfare.ie' is set on object 'Object Repository/Page_Mad Irish Hacking Academy/input_Create account_username'

2019-10-22 13:57:34 - [TEST_STEP][PASSED] - setEncryptedText(findTestObject("Object Repository/Page_Mad Irish Hacking Academy/input_Create account_password"), "qP8g4ZP8zmxOyEuCUr69QQ=="): Text ****** has been set on object 'Object Repository/Page_Mad Irish Hacking Academy/input_Create account_password'

2019-10-22 13:57:34 - [MESSAGE][PASSED] - Text ****** has been set on object 'Object Repository/Page_Mad Irish Hacking Academy/input_Create account_password'

2019-10-22 13:57:34 - [TEST_STEP][PASSED] - click(findTestObject("Object Repository/Page_Mad Irish Hacking Academy/button_Sign in")): Object: 'Object Repository/Page_Mad Irish Hacking Academy/button_Sign in' is clicked on

2019-10-22 13:57:35 - [MESSAGE][PASSED] - Object: 'Object Repository/Page_Mad Irish Hacking Academy/button_Sign in' is clicked on

2019-10-22 13:57:35 - [TEST_STEP][PASSED] - setText(findTestObject("Object Repository/Page_Mad Irish Hacking Academy/input_Email_email"), "test@welfare.ie"): Text 'test@welfare.ie' is set on object 'Object Repository/Page_Mad Irish Hacking Academy/input_Email_email'

2019-10-22 13:57:35 - [MESSAGE][PASSED] - Text 'test@welfare.ie' is set on object 'Object Repository/Page_Mad Irish Hacking Academy/input_Email_email'

2019-10-22 13:57:35 - [TEST_STEP][PASSED] - setEncryptedText(findTestObject("Object Repository/Page_Mad Irish Hacking Academy/input_Password_password"), "Wt9tj4kC2zrPXzAR6+1IxQ=="): Text ****** has been set on object 'Object Repository/Page_Mad Irish Hacking Academy/input_Password_password'

2019-10-22 13:57:35 - [MESSAGE][PASSED] - Text ****** has been set on object 'Object Repository/Page_Mad Irish Hacking Academy/input_Password_password'

2019-10-22 13:57:35 - [TEST_STEP][PASSED] - click(findTestObject("Object Repository/Page_Mad Irish Hacking Academy/button_Register")): Object: 'Object Repository/Page_Mad Irish Hacking Academy/button_Register' is clicked on

2019-10-22 13:57:35 - [MESSAGE][PASSED] - Object: 'Object Repository/Page_Mad Irish Hacking Academy/button_Register' is clicked on

2019-10-22 13:57:35 - [TEST_STEP][PASSED] - closeBrowser(): Browser is closed

2019-10-22 13:57:39 - [MESSAGE][PASSED] - Browser is closed</system-out>
            <system-err></system-err>
        </testcase>
        <testcase name="Test Cases/QuickHandsOnTestCase3" classname="Test Cases/QuickHandsOnTestCase3" status="PASSED">
            <system-out>2019-10-22 13:57:39 - [TEST_CASE][PASSED] - Test Cases/QuickHandsOnTestCase3: Test Cases/QuickHandsOnTestCase3

2019-10-22 13:57:39 - [TEST_STEP][PASSED] - openBrowser(""): Browser is opened with url: ''

2019-10-22 13:57:39 - [MESSAGE][INFO] - Starting 'Firefox' driver

2019-10-22 13:57:44 - [MESSAGE][PASSED] - Browser is opened with url: ''

2019-10-22 13:57:44 - [TEST_STEP][PASSED] - navigateToUrl("http://192.168.56.101/"): Navigate to 'http://192.168.56.101/' successfully

2019-10-22 13:57:44 - [MESSAGE][PASSED] - Navigate to 'http://192.168.56.101/' successfully

2019-10-22 13:57:44 - [TEST_STEP][PASSED] - click(findTestObject("Object Repository/Page_Mad Irish Hacking Academy/a_Contact")): Object: 'Object Repository/Page_Mad Irish Hacking Academy/a_Contact' is clicked on

2019-10-22 13:57:45 - [MESSAGE][PASSED] - Object: 'Object Repository/Page_Mad Irish Hacking Academy/a_Contact' is clicked on

2019-10-22 13:57:45 - [TEST_STEP][PASSED] - verifyTextPresent("Contact", false): Text 'Contact' is present on page 

2019-10-22 13:57:45 - [MESSAGE][PASSED] - Text 'Contact' is present on page 

2019-10-22 13:57:45 - [TEST_STEP][PASSED] - takeScreenshot(): Taking screenshot successfully

2019-10-22 13:57:45 - [MESSAGE][PASSED] - Taking screenshot successfully
[[ATTACHMENT|/Users/albert.woloszyn/Katalon Studio/showCaseDEASP/Reports/20191022_135509/showCaseTestSuite1/20191022_135510/1571749065311.png]]

2019-10-22 13:57:45 - [TEST_STEP][PASSED] - click(findTestObject("Object Repository/Page_Mad Irish Hacking Academy/a_Resources")): Object: 'Object Repository/Page_Mad Irish Hacking Academy/a_Resources' is clicked on

2019-10-22 13:57:45 - [MESSAGE][PASSED] - Object: 'Object Repository/Page_Mad Irish Hacking Academy/a_Resources' is clicked on

2019-10-22 13:57:45 - [TEST_STEP][PASSED] - verifyTextPresent("Resources", false): Text 'Resources' is present on page 

2019-10-22 13:57:45 - [MESSAGE][PASSED] - Text 'Resources' is present on page 

2019-10-22 13:57:45 - [TEST_STEP][PASSED] - takeScreenshot(): Taking screenshot successfully

2019-10-22 13:57:46 - [MESSAGE][PASSED] - Taking screenshot successfully
[[ATTACHMENT|/Users/albert.woloszyn/Katalon Studio/showCaseDEASP/Reports/20191022_135509/showCaseTestSuite1/20191022_135510/1571749065904.png]]

2019-10-22 13:57:46 - [TEST_STEP][PASSED] - click(findTestObject("Object Repository/Page_Mad Irish Hacking Academy/a_Training")): Object: 'Object Repository/Page_Mad Irish Hacking Academy/a_Training' is clicked on

2019-10-22 13:57:46 - [MESSAGE][PASSED] - Object: 'Object Repository/Page_Mad Irish Hacking Academy/a_Training' is clicked on

2019-10-22 13:57:46 - [TEST_STEP][PASSED] - verifyTextPresent("Training", false): Text 'Training' is present on page 

2019-10-22 13:57:46 - [MESSAGE][PASSED] - Text 'Training' is present on page 

2019-10-22 13:57:46 - [TEST_STEP][PASSED] - takeScreenshot(): Taking screenshot successfully

2019-10-22 13:57:46 - [MESSAGE][PASSED] - Taking screenshot successfully
[[ATTACHMENT|/Users/albert.woloszyn/Katalon Studio/showCaseDEASP/Reports/20191022_135509/showCaseTestSuite1/20191022_135510/1571749066482.png]]

2019-10-22 13:57:46 - [TEST_STEP][PASSED] - click(findTestObject("Object Repository/Page_Mad Irish Hacking Academy/a_Resources")): Object: 'Object Repository/Page_Mad Irish Hacking Academy/a_Resources' is clicked on

2019-10-22 13:57:46 - [MESSAGE][PASSED] - Object: 'Object Repository/Page_Mad Irish Hacking Academy/a_Resources' is clicked on

2019-10-22 13:57:46 - [TEST_STEP][PASSED] - takeScreenshot(): Taking screenshot successfully

2019-10-22 13:57:47 - [MESSAGE][PASSED] - Taking screenshot successfully
[[ATTACHMENT|/Users/albert.woloszyn/Katalon Studio/showCaseDEASP/Reports/20191022_135509/showCaseTestSuite1/20191022_135510/1571749066909.png]]

2019-10-22 13:57:47 - [TEST_STEP][PASSED] - click(findTestObject("Object Repository/Page_Mad Irish Hacking Academy/a_Reading")): Object: 'Object Repository/Page_Mad Irish Hacking Academy/a_Reading' is clicked on

2019-10-22 13:57:47 - [MESSAGE][PASSED] - Object: 'Object Repository/Page_Mad Irish Hacking Academy/a_Reading' is clicked on

2019-10-22 13:57:47 - [TEST_STEP][PASSED] - click(findTestObject("Object Repository/Page_Mad Irish Hacking Academy/a_Resources")): Object: 'Object Repository/Page_Mad Irish Hacking Academy/a_Resources' is clicked on

2019-10-22 13:57:47 - [MESSAGE][PASSED] - Object: 'Object Repository/Page_Mad Irish Hacking Academy/a_Resources' is clicked on

2019-10-22 13:57:47 - [TEST_STEP][PASSED] - click(findTestObject("Object Repository/Page_Mad Irish Hacking Academy/a_Newsletter")): Object: 'Object Repository/Page_Mad Irish Hacking Academy/a_Newsletter' is clicked on

2019-10-22 13:57:47 - [MESSAGE][PASSED] - Object: 'Object Repository/Page_Mad Irish Hacking Academy/a_Newsletter' is clicked on

2019-10-22 13:57:47 - [TEST_STEP][PASSED] - click(findTestObject("Object Repository/Page_Mad Irish Hacking Academy/a_Resources")): Object: 'Object Repository/Page_Mad Irish Hacking Academy/a_Resources' is clicked on

2019-10-22 13:57:48 - [MESSAGE][PASSED] - Object: 'Object Repository/Page_Mad Irish Hacking Academy/a_Resources' is clicked on

2019-10-22 13:57:48 - [TEST_STEP][PASSED] - click(findTestObject("Object Repository/Page_Mad Irish Hacking Academy/a_Create account")): Object: 'Object Repository/Page_Mad Irish Hacking Academy/a_Create account' is clicked on

2019-10-22 13:57:48 - [MESSAGE][PASSED] - Object: 'Object Repository/Page_Mad Irish Hacking Academy/a_Create account' is clicked on

2019-10-22 13:57:48 - [TEST_STEP][PASSED] - setText(findTestObject("Object Repository/Page_Mad Irish Hacking Academy/input_Create account_username"), "test123@welfare.ie"): Text 'test123@welfare.ie' is set on object 'Object Repository/Page_Mad Irish Hacking Academy/input_Create account_username'

2019-10-22 13:57:48 - [MESSAGE][PASSED] - Text 'test123@welfare.ie' is set on object 'Object Repository/Page_Mad Irish Hacking Academy/input_Create account_username'

2019-10-22 13:57:48 - [TEST_STEP][PASSED] - setEncryptedText(findTestObject("Object Repository/Page_Mad Irish Hacking Academy/input_Create account_password"), "qP8g4ZP8zmxOyEuCUr69QQ=="): Text ****** has been set on object 'Object Repository/Page_Mad Irish Hacking Academy/input_Create account_password'

2019-10-22 13:57:48 - [MESSAGE][PASSED] - Text ****** has been set on object 'Object Repository/Page_Mad Irish Hacking Academy/input_Create account_password'

2019-10-22 13:57:48 - [TEST_STEP][PASSED] - click(findTestObject("Object Repository/Page_Mad Irish Hacking Academy/button_Sign in")): Object: 'Object Repository/Page_Mad Irish Hacking Academy/button_Sign in' is clicked on

2019-10-22 13:57:48 - [MESSAGE][PASSED] - Object: 'Object Repository/Page_Mad Irish Hacking Academy/button_Sign in' is clicked on

2019-10-22 13:57:48 - [TEST_STEP][PASSED] - setText(findTestObject("Object Repository/Page_Mad Irish Hacking Academy/input_Email_email"), "test@welfare.ie"): Text 'test@welfare.ie' is set on object 'Object Repository/Page_Mad Irish Hacking Academy/input_Email_email'

2019-10-22 13:57:49 - [MESSAGE][PASSED] - Text 'test@welfare.ie' is set on object 'Object Repository/Page_Mad Irish Hacking Academy/input_Email_email'

2019-10-22 13:57:49 - [TEST_STEP][PASSED] - setEncryptedText(findTestObject("Object Repository/Page_Mad Irish Hacking Academy/input_Password_password"), "Wt9tj4kC2zrPXzAR6+1IxQ=="): Text ****** has been set on object 'Object Repository/Page_Mad Irish Hacking Academy/input_Password_password'

2019-10-22 13:57:49 - [MESSAGE][PASSED] - Text ****** has been set on object 'Object Repository/Page_Mad Irish Hacking Academy/input_Password_password'

2019-10-22 13:57:49 - [TEST_STEP][PASSED] - click(findTestObject("Object Repository/Page_Mad Irish Hacking Academy/button_Register")): Object: 'Object Repository/Page_Mad Irish Hacking Academy/button_Register' is clicked on

2019-10-22 13:57:49 - [MESSAGE][PASSED] - Object: 'Object Repository/Page_Mad Irish Hacking Academy/button_Register' is clicked on

2019-10-22 13:57:49 - [TEST_STEP][PASSED] - closeBrowser(): Browser is closed

2019-10-22 13:57:51 - [MESSAGE][PASSED] - Browser is closed</system-out>
            <system-err></system-err>
        </testcase>
        <testcase name="Test Cases/QuickHandsOnTestCase7" classname="Test Cases/QuickHandsOnTestCase7" status="PASSED">
            <system-out>2019-10-22 13:57:51 - [TEST_CASE][PASSED] - Test Cases/QuickHandsOnTestCase7: Test Cases/QuickHandsOnTestCase7

2019-10-22 13:57:51 - [TEST_STEP][PASSED] - openBrowser(""): Browser is opened with url: ''

2019-10-22 13:57:51 - [MESSAGE][INFO] - Starting 'Firefox' driver

2019-10-22 13:57:55 - [MESSAGE][PASSED] - Browser is opened with url: ''

2019-10-22 13:57:55 - [TEST_STEP][PASSED] - navigateToUrl("http://192.168.56.101/"): Navigate to 'http://192.168.56.101/' successfully

2019-10-22 13:57:55 - [MESSAGE][PASSED] - Navigate to 'http://192.168.56.101/' successfully

2019-10-22 13:57:55 - [TEST_STEP][PASSED] - click(findTestObject("Object Repository/Page_Mad Irish Hacking Academy/a_Contact")): Object: 'Object Repository/Page_Mad Irish Hacking Academy/a_Contact' is clicked on

2019-10-22 13:57:56 - [MESSAGE][PASSED] - Object: 'Object Repository/Page_Mad Irish Hacking Academy/a_Contact' is clicked on

2019-10-22 13:57:56 - [TEST_STEP][PASSED] - verifyTextPresent("Contact", false): Text 'Contact' is present on page 

2019-10-22 13:57:56 - [MESSAGE][PASSED] - Text 'Contact' is present on page 

2019-10-22 13:57:56 - [TEST_STEP][PASSED] - takeScreenshot(): Taking screenshot successfully

2019-10-22 13:57:56 - [MESSAGE][PASSED] - Taking screenshot successfully
[[ATTACHMENT|/Users/albert.woloszyn/Katalon Studio/showCaseDEASP/Reports/20191022_135509/showCaseTestSuite1/20191022_135510/1571749076183.png]]

2019-10-22 13:57:56 - [TEST_STEP][PASSED] - click(findTestObject("Object Repository/Page_Mad Irish Hacking Academy/a_Resources")): Object: 'Object Repository/Page_Mad Irish Hacking Academy/a_Resources' is clicked on

2019-10-22 13:57:56 - [MESSAGE][PASSED] - Object: 'Object Repository/Page_Mad Irish Hacking Academy/a_Resources' is clicked on

2019-10-22 13:57:56 - [TEST_STEP][PASSED] - verifyTextPresent("Resources", false): Text 'Resources' is present on page 

2019-10-22 13:57:56 - [MESSAGE][PASSED] - Text 'Resources' is present on page 

2019-10-22 13:57:56 - [TEST_STEP][PASSED] - takeScreenshot(): Taking screenshot successfully

2019-10-22 13:57:56 - [MESSAGE][PASSED] - Taking screenshot successfully
[[ATTACHMENT|/Users/albert.woloszyn/Katalon Studio/showCaseDEASP/Reports/20191022_135509/showCaseTestSuite1/20191022_135510/1571749076687.png]]

2019-10-22 13:57:56 - [TEST_STEP][PASSED] - click(findTestObject("Object Repository/Page_Mad Irish Hacking Academy/a_Training")): Object: 'Object Repository/Page_Mad Irish Hacking Academy/a_Training' is clicked on

2019-10-22 13:57:57 - [MESSAGE][PASSED] - Object: 'Object Repository/Page_Mad Irish Hacking Academy/a_Training' is clicked on

2019-10-22 13:57:57 - [TEST_STEP][PASSED] - verifyTextPresent("Training", false): Text 'Training' is present on page 

2019-10-22 13:57:57 - [MESSAGE][PASSED] - Text 'Training' is present on page 

2019-10-22 13:57:57 - [TEST_STEP][PASSED] - takeScreenshot(): Taking screenshot successfully

2019-10-22 13:57:57 - [MESSAGE][PASSED] - Taking screenshot successfully
[[ATTACHMENT|/Users/albert.woloszyn/Katalon Studio/showCaseDEASP/Reports/20191022_135509/showCaseTestSuite1/20191022_135510/1571749077140.png]]

2019-10-22 13:57:57 - [TEST_STEP][PASSED] - click(findTestObject("Object Repository/Page_Mad Irish Hacking Academy/a_Resources")): Object: 'Object Repository/Page_Mad Irish Hacking Academy/a_Resources' is clicked on

2019-10-22 13:57:57 - [MESSAGE][PASSED] - Object: 'Object Repository/Page_Mad Irish Hacking Academy/a_Resources' is clicked on

2019-10-22 13:57:57 - [TEST_STEP][PASSED] - takeScreenshot(): Taking screenshot successfully

2019-10-22 13:57:57 - [MESSAGE][PASSED] - Taking screenshot successfully
[[ATTACHMENT|/Users/albert.woloszyn/Katalon Studio/showCaseDEASP/Reports/20191022_135509/showCaseTestSuite1/20191022_135510/1571749077529.png]]

2019-10-22 13:57:57 - [TEST_STEP][PASSED] - click(findTestObject("Object Repository/Page_Mad Irish Hacking Academy/a_Reading")): Object: 'Object Repository/Page_Mad Irish Hacking Academy/a_Reading' is clicked on

2019-10-22 13:57:57 - [MESSAGE][PASSED] - Object: 'Object Repository/Page_Mad Irish Hacking Academy/a_Reading' is clicked on

2019-10-22 13:57:57 - [TEST_STEP][PASSED] - click(findTestObject("Object Repository/Page_Mad Irish Hacking Academy/a_Resources")): Object: 'Object Repository/Page_Mad Irish Hacking Academy/a_Resources' is clicked on

2019-10-22 13:57:58 - [MESSAGE][PASSED] - Object: 'Object Repository/Page_Mad Irish Hacking Academy/a_Resources' is clicked on

2019-10-22 13:57:58 - [TEST_STEP][PASSED] - click(findTestObject("Object Repository/Page_Mad Irish Hacking Academy/a_Newsletter")): Object: 'Object Repository/Page_Mad Irish Hacking Academy/a_Newsletter' is clicked on

2019-10-22 13:57:58 - [MESSAGE][PASSED] - Object: 'Object Repository/Page_Mad Irish Hacking Academy/a_Newsletter' is clicked on

2019-10-22 13:57:58 - [TEST_STEP][PASSED] - click(findTestObject("Object Repository/Page_Mad Irish Hacking Academy/a_Resources")): Object: 'Object Repository/Page_Mad Irish Hacking Academy/a_Resources' is clicked on

2019-10-22 13:57:58 - [MESSAGE][PASSED] - Object: 'Object Repository/Page_Mad Irish Hacking Academy/a_Resources' is clicked on

2019-10-22 13:57:58 - [TEST_STEP][PASSED] - click(findTestObject("Object Repository/Page_Mad Irish Hacking Academy/a_Create account")): Object: 'Object Repository/Page_Mad Irish Hacking Academy/a_Create account' is clicked on

2019-10-22 13:57:58 - [MESSAGE][PASSED] - Object: 'Object Repository/Page_Mad Irish Hacking Academy/a_Create account' is clicked on

2019-10-22 13:57:58 - [TEST_STEP][PASSED] - setText(findTestObject("Object Repository/Page_Mad Irish Hacking Academy/input_Create account_username"), "test123@welfare.ie"): Text 'test123@welfare.ie' is set on object 'Object Repository/Page_Mad Irish Hacking Academy/input_Create account_username'

2019-10-22 13:57:58 - [MESSAGE][PASSED] - Text 'test123@welfare.ie' is set on object 'Object Repository/Page_Mad Irish Hacking Academy/input_Create account_username'

2019-10-22 13:57:58 - [TEST_STEP][PASSED] - setEncryptedText(findTestObject("Object Repository/Page_Mad Irish Hacking Academy/input_Create account_password"), "qP8g4ZP8zmxOyEuCUr69QQ=="): Text ****** has been set on object 'Object Repository/Page_Mad Irish Hacking Academy/input_Create account_password'

2019-10-22 13:57:59 - [MESSAGE][PASSED] - Text ****** has been set on object 'Object Repository/Page_Mad Irish Hacking Academy/input_Create account_password'

2019-10-22 13:57:59 - [TEST_STEP][PASSED] - click(findTestObject("Object Repository/Page_Mad Irish Hacking Academy/button_Sign in")): Object: 'Object Repository/Page_Mad Irish Hacking Academy/button_Sign in' is clicked on

2019-10-22 13:57:59 - [MESSAGE][PASSED] - Object: 'Object Repository/Page_Mad Irish Hacking Academy/button_Sign in' is clicked on

2019-10-22 13:57:59 - [TEST_STEP][PASSED] - setText(findTestObject("Object Repository/Page_Mad Irish Hacking Academy/input_Email_email"), "test@welfare.ie"): Text 'test@welfare.ie' is set on object 'Object Repository/Page_Mad Irish Hacking Academy/input_Email_email'

2019-10-22 13:57:59 - [MESSAGE][PASSED] - Text 'test@welfare.ie' is set on object 'Object Repository/Page_Mad Irish Hacking Academy/input_Email_email'

2019-10-22 13:57:59 - [TEST_STEP][PASSED] - setEncryptedText(findTestObject("Object Repository/Page_Mad Irish Hacking Academy/input_Password_password"), "Wt9tj4kC2zrPXzAR6+1IxQ=="): Text ****** has been set on object 'Object Repository/Page_Mad Irish Hacking Academy/input_Password_password'

2019-10-22 13:57:59 - [MESSAGE][PASSED] - Text ****** has been set on object 'Object Repository/Page_Mad Irish Hacking Academy/input_Password_password'

2019-10-22 13:57:59 - [TEST_STEP][PASSED] - click(findTestObject("Object Repository/Page_Mad Irish Hacking Academy/button_Register")): Object: 'Object Repository/Page_Mad Irish Hacking Academy/button_Register' is clicked on

2019-10-22 13:57:59 - [MESSAGE][PASSED] - Object: 'Object Repository/Page_Mad Irish Hacking Academy/button_Register' is clicked on

2019-10-22 13:57:59 - [TEST_STEP][PASSED] - closeBrowser(): Browser is closed

2019-10-22 13:58:01 - [MESSAGE][PASSED] - Browser is closed</system-out>
            <system-err></system-err>
        </testcase>
        <system-out>2019-10-22 13:55:18 - [TEST_SUITE][INCOMPLETE] - showCaseTestSuite1: null</system-out>
        <system-err>2019-10-22 13:55:18 - [TEST_SUITE][INCOMPLETE] - showCaseTestSuite1: null</system-err>
    </testsuite>
</testsuites>
