<?xml version="1.0" encoding="UTF-8"?>
<testsuites name="NewTestSuite" time="43.338" tests="1" failures="0" errors="0">
   <testsuite name="NewTestSuite" tests="1" failures="0" errors="0" time="43.338" timestamp="2019-11-14 13:27:15" hostname="albert.woloszyn - static.105.255.46.78.clients.your-server.de" id="Test Suites/NewTestSuite">
      <properties>
         <property name="deviceName" value=""/>
         <property name="devicePlatform" value=""/>
         <property name="logFolder" value="/Users/albert.woloszyn/Katalon Studio/showCaseDEASP/Reports/20191114_132627/NewTestSuite/20191114_132630"/>
         <property name="logFiles" value="/Users/albert.woloszyn/Katalon Studio/showCaseDEASP/Reports/20191114_132627/NewTestSuite/20191114_132630/execution0.log"/>
         <property name="attachments" value=""/>
         <property name="hostName" value="albert.woloszyn - static.105.255.46.78.clients.your-server.de"/>
         <property name="os" value="Mac OS X 64bit"/>
         <property name="katalonVersion" value="7.0.4.1"/>
         <property name="browser" value="Firefox 69.0"/>
         <property name="hostAddress" value="78.46.255.105"/>
         <property name="sessionId" value="dba6157b-c2ff-3343-8dec-00e050fbb021"/>
         <property name="seleniumVersion" value="3.141.59"/>
         <property name="proxyInformation" value="ProxyInformation{proxyOption=NO_PROXY, proxyServerType=HTTP, password=, proxyServerAddress=, proxyServerPort=0}"/>
         <property name="platform" value="Mac OS X"/>
      </properties>
      <testcase name="Test Cases/QuickHandsOnTestCase1" time="42.852" classname="Test Cases/QuickHandsOnTestCase1" status="PASSED">
         <system-out><![CDATA[2019-11-14 13:27:15 - [TEST_CASE][PASSED] - Test Cases/QuickHandsOnTestCase1: Test Cases/QuickHandsOnTestCase1

2019-11-14 13:27:15 - [TEST_STEP][PASSED] - openBrowser(""): Browser is opened with url: ''

2019-11-14 13:27:15 - [MESSAGE][INFO] - Starting 'Firefox' driver

2019-11-14 13:27:15 - [MESSAGE][INFO] - Action delay is set to 0 seconds

2019-11-14 13:27:19 - [MESSAGE][PASSED] - Browser is opened with url: ''

2019-11-14 13:27:19 - [TEST_STEP][PASSED] - navigateToUrl("www.google.com"): Navigate to 'http://www.google.com' successfully

2019-11-14 13:27:21 - [MESSAGE][PASSED] - Navigate to 'http://www.google.com' successfully

2019-11-14 13:27:21 - [TEST_STEP][PASSED] - delay(10): Delayed 10 second(s)

2019-11-14 13:27:31 - [MESSAGE][PASSED] - Delayed 10 second(s)

2019-11-14 13:27:31 - [TEST_STEP][PASSED] - click(findTestObject("Google/Page_Google/GoogleLogo")): Object: 'Object Repository/Google/Page_Google/GoogleLogo' is clicked on

2019-11-14 13:27:31 - [MESSAGE][PASSED] - Object: 'Object Repository/Google/Page_Google/GoogleLogo' is clicked on

2019-11-14 13:27:31 - [TEST_STEP][PASSED] - delay(10): Delayed 10 second(s)

2019-11-14 13:27:41 - [MESSAGE][PASSED] - Delayed 10 second(s)

2019-11-14 13:27:41 - [TEST_STEP][PASSED] - click(findTestObject("Google/Page_Google/Im FeelingLuckyButton")): Object: 'Object Repository/Google/Page_Google/Im FeelingLuckyButton' is clicked on

2019-11-14 13:27:43 - [MESSAGE][PASSED] - Object: 'Object Repository/Google/Page_Google/Im FeelingLuckyButton' is clicked on

2019-11-14 13:27:43 - [TEST_STEP][PASSED] - delay(10): Delayed 10 second(s)

2019-11-14 13:27:53 - [MESSAGE][PASSED] - Delayed 10 second(s)

2019-11-14 13:27:53 - [TEST_STEP][PASSED] - closeBrowser(): Browser is closed

2019-11-14 13:27:58 - [MESSAGE][PASSED] - Browser is closed]]></system-out>
         <system-err><![CDATA[]]></system-err>
      </testcase>
      <system-out><![CDATA[2019-11-14 13:27:15 - [TEST_SUITE][PASSED] - NewTestSuite: Test Cases/QuickHandsOnTestCase1]]></system-out>
      <system-err><![CDATA[]]></system-err>
   </testsuite>
</testsuites>
