<?xml version="1.0" encoding="UTF-8"?>
<testsuites name="E2E Page_Mad Irish Hacking Academy" time="39.257" tests="4" failures="0" errors="0">
   <testsuite name="E2E Page_Mad Irish Hacking Academy" tests="4" failures="0" errors="0" time="39.257" timestamp="2019-12-19 11:51:51" hostname="albert.woloszyn - static.105.255.46.78.clients.your-server.de" id="Test Suites/E2E Page_Mad Irish Hacking Academy">
      <properties>
         <property name="deviceName" value=""/>
         <property name="devicePlatform" value=""/>
         <property name="logFolder" value="/Users/albert.woloszyn/Katalon Studio/showCaseDEASP/Reports/20191219_115147/E2E Page_Mad Irish Hacking Academy/20191219_115147"/>
         <property name="logFiles" value="/Users/albert.woloszyn/Katalon Studio/showCaseDEASP/Reports/20191219_115147/E2E Page_Mad Irish Hacking Academy/20191219_115147/execution0.log"/>
         <property name="attachments" value=""/>
         <property name="hostName" value="albert.woloszyn - static.105.255.46.78.clients.your-server.de"/>
         <property name="os" value="Mac OS X 64bit"/>
         <property name="katalonVersion" value="7.0.4.1"/>
         <property name="browser" value="Chrome 79.0.3945.88"/>
         <property name="hostAddress" value="78.46.255.105"/>
         <property name="sessionId" value="3406e93ec9551c16815a945c4478ae01"/>
         <property name="seleniumVersion" value="3.141.59"/>
         <property name="proxyInformation" value="ProxyInformation{proxyOption=NO_PROXY, proxyServerType=HTTP, password=, proxyServerAddress=, proxyServerPort=0}"/>
         <property name="platform" value="Mac OS X"/>
      </properties>
      <testcase name="Test Cases/Test 1 - Landing Page Verification" time="12.095" classname="Test Cases/Test 1 - Landing Page Verification" status="PASSED">
         <system-out><![CDATA[2019-12-19 11:51:51 - [TEST_CASE][PASSED] - Test Cases/Test 1 - Landing Page Verification: Test Cases/Test 1 - Landing Page Verification

2019-12-19 11:51:52 - [TEST_STEP][PASSED] - callTestCase(findTestCase("Initial Checks on every page"), [:], STOP_ON_FAILURE): Call Test Case 'Test Cases/Initial Checks on every page' successfully

2019-12-19 11:51:52 - [TEST_CASE][PASSED] - Test Cases/Initial Checks on every page: Test Cases/Initial Checks on every page

2019-12-19 11:51:52 - [TEST_STEP][PASSED] - openBrowser(""): Browser is opened with url: ''

2019-12-19 11:51:52 - [MESSAGE][INFO] - Starting 'Chrome' driver

2019-12-19 11:51:52 - [MESSAGE][INFO] - Action delay is set to 0 seconds

2019-12-19 11:51:55 - [MESSAGE][PASSED] - Browser is opened with url: ''

2019-12-19 11:51:55 - [TEST_STEP][PASSED] - navigateToUrl("http://192.168.56.101/"): Navigate to 'http://192.168.56.101/' successfully

2019-12-19 11:51:55 - [MESSAGE][PASSED] - Navigate to 'http://192.168.56.101/' successfully

2019-12-19 11:51:55 - [TEST_STEP][PASSED] - verifyElementPresent(findTestObject("Top Bar on every page/a_Mad Irish Hacking Academy"), 5): Object 'Object Repository/Top Bar on every page/a_Mad Irish Hacking Academy' is present

2019-12-19 11:51:56 - [MESSAGE][PASSED] - Object 'Object Repository/Top Bar on every page/a_Mad Irish Hacking Academy' is present

2019-12-19 11:51:56 - [TEST_STEP][PASSED] - verifyElementPresent(findTestObject("Top Bar on every page/a_About"), 5): Object 'Object Repository/Top Bar on every page/a_About' is present

2019-12-19 11:51:56 - [MESSAGE][PASSED] - Object 'Object Repository/Top Bar on every page/a_About' is present

2019-12-19 11:51:56 - [TEST_STEP][PASSED] - verifyElementPresent(findTestObject("Top Bar on every page/a_Contact"), 5): Object 'Object Repository/Top Bar on every page/a_Contact' is present

2019-12-19 11:51:57 - [MESSAGE][PASSED] - Object 'Object Repository/Top Bar on every page/a_Contact' is present

2019-12-19 11:51:57 - [TEST_STEP][PASSED] - click(findTestObject("Top Bar on every page/b_Contact_caret"), STOP_ON_FAILURE): Object: 'Object Repository/Top Bar on every page/b_Contact_caret' is clicked on

2019-12-19 11:51:57 - [MESSAGE][PASSED] - Object: 'Object Repository/Top Bar on every page/b_Contact_caret' is clicked on

2019-12-19 11:51:57 - [TEST_STEP][PASSED] - verifyElementPresent(findTestObject("Top Bar on every page/a_Training"), 0): Object 'Object Repository/Top Bar on every page/a_Training' is present

2019-12-19 11:51:57 - [MESSAGE][WARNING] - Timeout '0' is invalid. Using default page load timeout: '30'

2019-12-19 11:51:58 - [MESSAGE][PASSED] - Object 'Object Repository/Top Bar on every page/a_Training' is present

2019-12-19 11:51:58 - [TEST_STEP][PASSED] - verifyElementPresent(findTestObject("Top Bar on every page/a_Reading"), 0): Object 'Object Repository/Top Bar on every page/a_Reading' is present

2019-12-19 11:51:58 - [MESSAGE][WARNING] - Timeout '0' is invalid. Using default page load timeout: '30'

2019-12-19 11:51:58 - [MESSAGE][PASSED] - Object 'Object Repository/Top Bar on every page/a_Reading' is present

2019-12-19 11:51:58 - [TEST_STEP][PASSED] - verifyElementPresent(findTestObject("Top Bar on every page/a_Newsletter"), 0): Object 'Object Repository/Top Bar on every page/a_Newsletter' is present

2019-12-19 11:51:58 - [MESSAGE][WARNING] - Timeout '0' is invalid. Using default page load timeout: '30'

2019-12-19 11:51:58 - [MESSAGE][PASSED] - Object 'Object Repository/Top Bar on every page/a_Newsletter' is present

2019-12-19 11:51:58 - [TEST_STEP][PASSED] - verifyElementPresent(findTestObject("Top Bar on every page/a_Create account"), 0): Object 'Object Repository/Top Bar on every page/a_Create account' is present

2019-12-19 11:51:58 - [MESSAGE][WARNING] - Timeout '0' is invalid. Using default page load timeout: '30'

2019-12-19 11:51:59 - [MESSAGE][PASSED] - Object 'Object Repository/Top Bar on every page/a_Create account' is present

2019-12-19 11:51:59 - [TEST_STEP][PASSED] - verifyElementPresent(findTestObject("Page_Mad Irish Hacking Academy Landing Page/a_Learn more"), 0): Object 'Object Repository/Page_Mad Irish Hacking Academy Landing Page/a_Learn more' is present

2019-12-19 11:51:59 - [MESSAGE][WARNING] - Timeout '0' is invalid. Using default page load timeout: '30'

2019-12-19 11:51:59 - [MESSAGE][PASSED] - Object 'Object Repository/Page_Mad Irish Hacking Academy Landing Page/a_Learn more' is present

2019-12-19 11:51:59 - [TEST_STEP][PASSED] - verifyElementPresent(findTestObject("Top Bar on every page/input_Create account_username"), 0): Object 'Object Repository/Top Bar on every page/input_Create account_username' is present

2019-12-19 11:51:59 - [MESSAGE][WARNING] - Timeout '0' is invalid. Using default page load timeout: '30'

2019-12-19 11:52:00 - [MESSAGE][PASSED] - Object 'Object Repository/Top Bar on every page/input_Create account_username' is present

2019-12-19 11:52:00 - [TEST_STEP][PASSED] - verifyElementPresent(findTestObject("Top Bar on every page/input_Create account_password"), 0): Object 'Object Repository/Top Bar on every page/input_Create account_password' is present

2019-12-19 11:52:00 - [MESSAGE][WARNING] - Timeout '0' is invalid. Using default page load timeout: '30'

2019-12-19 11:52:00 - [MESSAGE][PASSED] - Object 'Object Repository/Top Bar on every page/input_Create account_password' is present

2019-12-19 11:52:00 - [TEST_STEP][PASSED] - verifyElementPresent(findTestObject("Top Bar on every page/button_Sign in"), 0): Object 'Object Repository/Top Bar on every page/button_Sign in' is present

2019-12-19 11:52:00 - [MESSAGE][WARNING] - Timeout '0' is invalid. Using default page load timeout: '30'

2019-12-19 11:52:00 - [MESSAGE][PASSED] - Object 'Object Repository/Top Bar on every page/button_Sign in' is present

2019-12-19 11:52:01 - [MESSAGE][PASSED] - Call Test Case 'Test Cases/Initial Checks on every page' successfully

2019-12-19 11:52:01 - [TEST_STEP][PASSED] - verifyElementPresent(findTestObject("Page_Mad Irish Hacking Academy Landing Page/h2_Live Training"), 0): Object 'Object Repository/Page_Mad Irish Hacking Academy Landing Page/h2_Live Training' is present

2019-12-19 11:52:01 - [MESSAGE][WARNING] - Timeout '0' is invalid. Using default page load timeout: '30'

2019-12-19 11:52:01 - [MESSAGE][PASSED] - Object 'Object Repository/Page_Mad Irish Hacking Academy Landing Page/h2_Live Training' is present

2019-12-19 11:52:01 - [TEST_STEP][PASSED] - verifyElementPresent(findTestObject("Page_Mad Irish Hacking Academy Landing Page/p_Browse our catalog of upcoming courses an_5f7925"), 0): Object 'Object Repository/Page_Mad Irish Hacking Academy Landing Page/p_Browse our catalog of upcoming courses an_5f7925' is present

2019-12-19 11:52:01 - [MESSAGE][WARNING] - Timeout '0' is invalid. Using default page load timeout: '30'

2019-12-19 11:52:01 - [MESSAGE][PASSED] - Object 'Object Repository/Page_Mad Irish Hacking Academy Landing Page/p_Browse our catalog of upcoming courses an_5f7925' is present

2019-12-19 11:52:01 - [TEST_STEP][PASSED] - verifyElementPresent(findTestObject("Page_Mad Irish Hacking Academy Landing Page/a_View details_Live_Training"), 0): Object 'Object Repository/Page_Mad Irish Hacking Academy Landing Page/a_View details_Live_Training' is present

2019-12-19 11:52:01 - [MESSAGE][WARNING] - Timeout '0' is invalid. Using default page load timeout: '30'

2019-12-19 11:52:02 - [MESSAGE][PASSED] - Object 'Object Repository/Page_Mad Irish Hacking Academy Landing Page/a_View details_Live_Training' is present

2019-12-19 11:52:02 - [TEST_STEP][PASSED] - verifyElementPresent(findTestObject("Page_Mad Irish Hacking Academy Landing Page/h2_Reading Room"), 0): Object 'Object Repository/Page_Mad Irish Hacking Academy Landing Page/h2_Reading Room' is present

2019-12-19 11:52:02 - [MESSAGE][WARNING] - Timeout '0' is invalid. Using default page load timeout: '30'

2019-12-19 11:52:02 - [MESSAGE][PASSED] - Object 'Object Repository/Page_Mad Irish Hacking Academy Landing Page/h2_Reading Room' is present

2019-12-19 11:52:02 - [TEST_STEP][PASSED] - verifyElementPresent(findTestObject("Page_Mad Irish Hacking Academy Landing Page/p_Look through our extensive collection of _48c044"), 0): Object 'Object Repository/Page_Mad Irish Hacking Academy Landing Page/p_Look through our extensive collection of _48c044' is present

2019-12-19 11:52:02 - [MESSAGE][WARNING] - Timeout '0' is invalid. Using default page load timeout: '30'

2019-12-19 11:52:02 - [MESSAGE][PASSED] - Object 'Object Repository/Page_Mad Irish Hacking Academy Landing Page/p_Look through our extensive collection of _48c044' is present

2019-12-19 11:52:02 - [TEST_STEP][PASSED] - verifyElementPresent(findTestObject("Page_Mad Irish Hacking Academy Landing Page/a_View details_Reading_Room"), 0): Object 'Object Repository/Page_Mad Irish Hacking Academy Landing Page/a_View details_Reading_Room' is present

2019-12-19 11:52:02 - [MESSAGE][WARNING] - Timeout '0' is invalid. Using default page load timeout: '30'

2019-12-19 11:52:03 - [MESSAGE][PASSED] - Object 'Object Repository/Page_Mad Irish Hacking Academy Landing Page/a_View details_Reading_Room' is present

2019-12-19 11:52:03 - [TEST_STEP][PASSED] - verifyElementPresent(findTestObject("Page_Mad Irish Hacking Academy Landing Page/h2_Newsletter"), 0): Object 'Object Repository/Page_Mad Irish Hacking Academy Landing Page/h2_Newsletter' is present

2019-12-19 11:52:03 - [MESSAGE][WARNING] - Timeout '0' is invalid. Using default page load timeout: '30'

2019-12-19 11:52:03 - [MESSAGE][PASSED] - Object 'Object Repository/Page_Mad Irish Hacking Academy Landing Page/h2_Newsletter' is present

2019-12-19 11:52:03 - [TEST_STEP][PASSED] - verifyElementPresent(findTestObject("Page_Mad Irish Hacking Academy Landing Page/a_View details_Newsletter"), 0): Object 'Object Repository/Page_Mad Irish Hacking Academy Landing Page/a_View details_Newsletter' is present

2019-12-19 11:52:03 - [MESSAGE][WARNING] - Timeout '0' is invalid. Using default page load timeout: '30'

2019-12-19 11:52:03 - [MESSAGE][PASSED] - Object 'Object Repository/Page_Mad Irish Hacking Academy Landing Page/a_View details_Newsletter' is present

2019-12-19 11:52:03 - [TEST_STEP][PASSED] - closeBrowser(): Browser is closed

2019-12-19 11:52:03 - [MESSAGE][PASSED] - Browser is closed]]></system-out>
         <system-err><![CDATA[]]></system-err>
      </testcase>
      <testcase name="Test Cases/Test 2 - About Page Verification" time="8.601" classname="Test Cases/Test 2 - About Page Verification" status="PASSED">
         <system-out><![CDATA[2019-12-19 11:52:03 - [TEST_CASE][PASSED] - Test Cases/Test 2 - About Page Verification: Test Cases/Test 2 - About Page Verification

2019-12-19 11:52:04 - [TEST_STEP][PASSED] - callTestCase(findTestCase("Initial Checks on every page"), [:], STOP_ON_FAILURE): Call Test Case 'Test Cases/Initial Checks on every page' successfully

2019-12-19 11:52:04 - [TEST_CASE][PASSED] - Test Cases/Initial Checks on every page: Test Cases/Initial Checks on every page

2019-12-19 11:52:04 - [TEST_STEP][PASSED] - openBrowser(""): Browser is opened with url: ''

2019-12-19 11:52:04 - [MESSAGE][INFO] - Starting 'Chrome' driver

2019-12-19 11:52:05 - [MESSAGE][PASSED] - Browser is opened with url: ''

2019-12-19 11:52:05 - [TEST_STEP][PASSED] - navigateToUrl("http://192.168.56.101/"): Navigate to 'http://192.168.56.101/' successfully

2019-12-19 11:52:06 - [MESSAGE][PASSED] - Navigate to 'http://192.168.56.101/' successfully

2019-12-19 11:52:06 - [TEST_STEP][PASSED] - verifyElementPresent(findTestObject("Top Bar on every page/a_Mad Irish Hacking Academy"), 5): Object 'Object Repository/Top Bar on every page/a_Mad Irish Hacking Academy' is present

2019-12-19 11:52:06 - [MESSAGE][PASSED] - Object 'Object Repository/Top Bar on every page/a_Mad Irish Hacking Academy' is present

2019-12-19 11:52:06 - [TEST_STEP][PASSED] - verifyElementPresent(findTestObject("Top Bar on every page/a_About"), 5): Object 'Object Repository/Top Bar on every page/a_About' is present

2019-12-19 11:52:07 - [MESSAGE][PASSED] - Object 'Object Repository/Top Bar on every page/a_About' is present

2019-12-19 11:52:07 - [TEST_STEP][PASSED] - verifyElementPresent(findTestObject("Top Bar on every page/a_Contact"), 5): Object 'Object Repository/Top Bar on every page/a_Contact' is present

2019-12-19 11:52:07 - [MESSAGE][PASSED] - Object 'Object Repository/Top Bar on every page/a_Contact' is present

2019-12-19 11:52:07 - [TEST_STEP][PASSED] - click(findTestObject("Top Bar on every page/b_Contact_caret"), STOP_ON_FAILURE): Object: 'Object Repository/Top Bar on every page/b_Contact_caret' is clicked on

2019-12-19 11:52:08 - [MESSAGE][PASSED] - Object: 'Object Repository/Top Bar on every page/b_Contact_caret' is clicked on

2019-12-19 11:52:08 - [TEST_STEP][PASSED] - verifyElementPresent(findTestObject("Top Bar on every page/a_Training"), 0): Object 'Object Repository/Top Bar on every page/a_Training' is present

2019-12-19 11:52:08 - [MESSAGE][WARNING] - Timeout '0' is invalid. Using default page load timeout: '30'

2019-12-19 11:52:08 - [MESSAGE][PASSED] - Object 'Object Repository/Top Bar on every page/a_Training' is present

2019-12-19 11:52:08 - [TEST_STEP][PASSED] - verifyElementPresent(findTestObject("Top Bar on every page/a_Reading"), 0): Object 'Object Repository/Top Bar on every page/a_Reading' is present

2019-12-19 11:52:08 - [MESSAGE][WARNING] - Timeout '0' is invalid. Using default page load timeout: '30'

2019-12-19 11:52:09 - [MESSAGE][PASSED] - Object 'Object Repository/Top Bar on every page/a_Reading' is present

2019-12-19 11:52:09 - [TEST_STEP][PASSED] - verifyElementPresent(findTestObject("Top Bar on every page/a_Newsletter"), 0): Object 'Object Repository/Top Bar on every page/a_Newsletter' is present

2019-12-19 11:52:09 - [MESSAGE][WARNING] - Timeout '0' is invalid. Using default page load timeout: '30'

2019-12-19 11:52:09 - [MESSAGE][PASSED] - Object 'Object Repository/Top Bar on every page/a_Newsletter' is present

2019-12-19 11:52:09 - [TEST_STEP][PASSED] - verifyElementPresent(findTestObject("Top Bar on every page/a_Create account"), 0): Object 'Object Repository/Top Bar on every page/a_Create account' is present

2019-12-19 11:52:09 - [MESSAGE][WARNING] - Timeout '0' is invalid. Using default page load timeout: '30'

2019-12-19 11:52:09 - [MESSAGE][PASSED] - Object 'Object Repository/Top Bar on every page/a_Create account' is present

2019-12-19 11:52:09 - [TEST_STEP][PASSED] - verifyElementPresent(findTestObject("Page_Mad Irish Hacking Academy Landing Page/a_Learn more"), 0): Object 'Object Repository/Page_Mad Irish Hacking Academy Landing Page/a_Learn more' is present

2019-12-19 11:52:09 - [MESSAGE][WARNING] - Timeout '0' is invalid. Using default page load timeout: '30'

2019-12-19 11:52:10 - [MESSAGE][PASSED] - Object 'Object Repository/Page_Mad Irish Hacking Academy Landing Page/a_Learn more' is present

2019-12-19 11:52:10 - [TEST_STEP][PASSED] - verifyElementPresent(findTestObject("Top Bar on every page/input_Create account_username"), 0): Object 'Object Repository/Top Bar on every page/input_Create account_username' is present

2019-12-19 11:52:10 - [MESSAGE][WARNING] - Timeout '0' is invalid. Using default page load timeout: '30'

2019-12-19 11:52:10 - [MESSAGE][PASSED] - Object 'Object Repository/Top Bar on every page/input_Create account_username' is present

2019-12-19 11:52:10 - [TEST_STEP][PASSED] - verifyElementPresent(findTestObject("Top Bar on every page/input_Create account_password"), 0): Object 'Object Repository/Top Bar on every page/input_Create account_password' is present

2019-12-19 11:52:10 - [MESSAGE][WARNING] - Timeout '0' is invalid. Using default page load timeout: '30'

2019-12-19 11:52:10 - [MESSAGE][PASSED] - Object 'Object Repository/Top Bar on every page/input_Create account_password' is present

2019-12-19 11:52:10 - [TEST_STEP][PASSED] - verifyElementPresent(findTestObject("Top Bar on every page/button_Sign in"), 0): Object 'Object Repository/Top Bar on every page/button_Sign in' is present

2019-12-19 11:52:10 - [MESSAGE][WARNING] - Timeout '0' is invalid. Using default page load timeout: '30'

2019-12-19 11:52:11 - [MESSAGE][PASSED] - Object 'Object Repository/Top Bar on every page/button_Sign in' is present

2019-12-19 11:52:11 - [MESSAGE][PASSED] - Call Test Case 'Test Cases/Initial Checks on every page' successfully

2019-12-19 11:52:11 - [TEST_STEP][PASSED] - click(findTestObject("Top Bar on every page/a_About")): Object: 'Object Repository/Top Bar on every page/a_About' is clicked on

2019-12-19 11:52:11 - [MESSAGE][PASSED] - Object: 'Object Repository/Top Bar on every page/a_About' is clicked on

2019-12-19 11:52:11 - [TEST_STEP][PASSED] - verifyElementPresent(findTestObject("Object Repository/Page_Mad Irish Hacking Academy About Page/h1_Mad Irish Hacking Academy"), 0): Object 'Object Repository/Page_Mad Irish Hacking Academy About Page/h1_Mad Irish Hacking Academy' is present

2019-12-19 11:52:11 - [MESSAGE][WARNING] - Timeout '0' is invalid. Using default page load timeout: '30'

2019-12-19 11:52:12 - [MESSAGE][PASSED] - Object 'Object Repository/Page_Mad Irish Hacking Academy About Page/h1_Mad Irish Hacking Academy' is present

2019-12-19 11:52:12 - [TEST_STEP][PASSED] - verifyElementPresent(findTestObject("Object Repository/Page_Mad Irish Hacking Academy About Page/p_Learn the critical technical skills neces_924597"), 0): Object 'Object Repository/Page_Mad Irish Hacking Academy About Page/p_Learn the critical technical skills neces_924597' is present

2019-12-19 11:52:12 - [MESSAGE][WARNING] - Timeout '0' is invalid. Using default page load timeout: '30'

2019-12-19 11:52:12 - [MESSAGE][PASSED] - Object 'Object Repository/Page_Mad Irish Hacking Academy About Page/p_Learn the critical technical skills neces_924597' is present

2019-12-19 11:52:12 - [TEST_STEP][PASSED] - closeBrowser(): Browser is closed

2019-12-19 11:52:12 - [MESSAGE][PASSED] - Browser is closed]]></system-out>
         <system-err><![CDATA[]]></system-err>
      </testcase>
      <testcase name="Test Cases/Test 3 - Contact Page Verification" time="9.011" classname="Test Cases/Test 3 - Contact Page Verification" status="PASSED">
         <system-out><![CDATA[2019-12-19 11:52:12 - [TEST_CASE][PASSED] - Test Cases/Test 3 - Contact Page Verification: Test Cases/Test 3 - Contact Page Verification

2019-12-19 11:52:12 - [TEST_STEP][PASSED] - callTestCase(findTestCase("Initial Checks on every page"), [:], STOP_ON_FAILURE): Call Test Case 'Test Cases/Initial Checks on every page' successfully

2019-12-19 11:52:12 - [TEST_CASE][PASSED] - Test Cases/Initial Checks on every page: Test Cases/Initial Checks on every page

2019-12-19 11:52:12 - [TEST_STEP][PASSED] - openBrowser(""): Browser is opened with url: ''

2019-12-19 11:52:12 - [MESSAGE][INFO] - Starting 'Chrome' driver

2019-12-19 11:52:14 - [MESSAGE][PASSED] - Browser is opened with url: ''

2019-12-19 11:52:14 - [TEST_STEP][PASSED] - navigateToUrl("http://192.168.56.101/"): Navigate to 'http://192.168.56.101/' successfully

2019-12-19 11:52:14 - [MESSAGE][PASSED] - Navigate to 'http://192.168.56.101/' successfully

2019-12-19 11:52:14 - [TEST_STEP][PASSED] - verifyElementPresent(findTestObject("Top Bar on every page/a_Mad Irish Hacking Academy"), 5): Object 'Object Repository/Top Bar on every page/a_Mad Irish Hacking Academy' is present

2019-12-19 11:52:15 - [MESSAGE][PASSED] - Object 'Object Repository/Top Bar on every page/a_Mad Irish Hacking Academy' is present

2019-12-19 11:52:15 - [TEST_STEP][PASSED] - verifyElementPresent(findTestObject("Top Bar on every page/a_About"), 5): Object 'Object Repository/Top Bar on every page/a_About' is present

2019-12-19 11:52:16 - [MESSAGE][PASSED] - Object 'Object Repository/Top Bar on every page/a_About' is present

2019-12-19 11:52:16 - [TEST_STEP][PASSED] - verifyElementPresent(findTestObject("Top Bar on every page/a_Contact"), 5): Object 'Object Repository/Top Bar on every page/a_Contact' is present

2019-12-19 11:52:16 - [MESSAGE][PASSED] - Object 'Object Repository/Top Bar on every page/a_Contact' is present

2019-12-19 11:52:16 - [TEST_STEP][PASSED] - click(findTestObject("Top Bar on every page/b_Contact_caret"), STOP_ON_FAILURE): Object: 'Object Repository/Top Bar on every page/b_Contact_caret' is clicked on

2019-12-19 11:52:16 - [MESSAGE][PASSED] - Object: 'Object Repository/Top Bar on every page/b_Contact_caret' is clicked on

2019-12-19 11:52:16 - [TEST_STEP][PASSED] - verifyElementPresent(findTestObject("Top Bar on every page/a_Training"), 0): Object 'Object Repository/Top Bar on every page/a_Training' is present

2019-12-19 11:52:16 - [MESSAGE][WARNING] - Timeout '0' is invalid. Using default page load timeout: '30'

2019-12-19 11:52:17 - [MESSAGE][PASSED] - Object 'Object Repository/Top Bar on every page/a_Training' is present

2019-12-19 11:52:17 - [TEST_STEP][PASSED] - verifyElementPresent(findTestObject("Top Bar on every page/a_Reading"), 0): Object 'Object Repository/Top Bar on every page/a_Reading' is present

2019-12-19 11:52:17 - [MESSAGE][WARNING] - Timeout '0' is invalid. Using default page load timeout: '30'

2019-12-19 11:52:17 - [MESSAGE][PASSED] - Object 'Object Repository/Top Bar on every page/a_Reading' is present

2019-12-19 11:52:17 - [TEST_STEP][PASSED] - verifyElementPresent(findTestObject("Top Bar on every page/a_Newsletter"), 0): Object 'Object Repository/Top Bar on every page/a_Newsletter' is present

2019-12-19 11:52:17 - [MESSAGE][WARNING] - Timeout '0' is invalid. Using default page load timeout: '30'

2019-12-19 11:52:17 - [MESSAGE][PASSED] - Object 'Object Repository/Top Bar on every page/a_Newsletter' is present

2019-12-19 11:52:17 - [TEST_STEP][PASSED] - verifyElementPresent(findTestObject("Top Bar on every page/a_Create account"), 0): Object 'Object Repository/Top Bar on every page/a_Create account' is present

2019-12-19 11:52:17 - [MESSAGE][WARNING] - Timeout '0' is invalid. Using default page load timeout: '30'

2019-12-19 11:52:17 - [MESSAGE][PASSED] - Object 'Object Repository/Top Bar on every page/a_Create account' is present

2019-12-19 11:52:17 - [TEST_STEP][PASSED] - verifyElementPresent(findTestObject("Page_Mad Irish Hacking Academy Landing Page/a_Learn more"), 0): Object 'Object Repository/Page_Mad Irish Hacking Academy Landing Page/a_Learn more' is present

2019-12-19 11:52:17 - [MESSAGE][WARNING] - Timeout '0' is invalid. Using default page load timeout: '30'

2019-12-19 11:52:18 - [MESSAGE][PASSED] - Object 'Object Repository/Page_Mad Irish Hacking Academy Landing Page/a_Learn more' is present

2019-12-19 11:52:18 - [TEST_STEP][PASSED] - verifyElementPresent(findTestObject("Top Bar on every page/input_Create account_username"), 0): Object 'Object Repository/Top Bar on every page/input_Create account_username' is present

2019-12-19 11:52:18 - [MESSAGE][WARNING] - Timeout '0' is invalid. Using default page load timeout: '30'

2019-12-19 11:52:18 - [MESSAGE][PASSED] - Object 'Object Repository/Top Bar on every page/input_Create account_username' is present

2019-12-19 11:52:18 - [TEST_STEP][PASSED] - verifyElementPresent(findTestObject("Top Bar on every page/input_Create account_password"), 0): Object 'Object Repository/Top Bar on every page/input_Create account_password' is present

2019-12-19 11:52:18 - [MESSAGE][WARNING] - Timeout '0' is invalid. Using default page load timeout: '30'

2019-12-19 11:52:18 - [MESSAGE][PASSED] - Object 'Object Repository/Top Bar on every page/input_Create account_password' is present

2019-12-19 11:52:18 - [TEST_STEP][PASSED] - verifyElementPresent(findTestObject("Top Bar on every page/button_Sign in"), 0): Object 'Object Repository/Top Bar on every page/button_Sign in' is present

2019-12-19 11:52:18 - [MESSAGE][WARNING] - Timeout '0' is invalid. Using default page load timeout: '30'

2019-12-19 11:52:19 - [MESSAGE][PASSED] - Object 'Object Repository/Top Bar on every page/button_Sign in' is present

2019-12-19 11:52:19 - [MESSAGE][PASSED] - Call Test Case 'Test Cases/Initial Checks on every page' successfully

2019-12-19 11:52:19 - [TEST_STEP][PASSED] - click(findTestObject("Top Bar on every page/a_Contact")): Object: 'Object Repository/Top Bar on every page/a_Contact' is clicked on

2019-12-19 11:52:19 - [MESSAGE][PASSED] - Object: 'Object Repository/Top Bar on every page/a_Contact' is clicked on

2019-12-19 11:52:19 - [TEST_STEP][PASSED] - verifyElementPresent(findTestObject("Page_Mad Irish Hacking Academy Contact Page/h1_Contact"), 0): Object 'Object Repository/Page_Mad Irish Hacking Academy Contact Page/h1_Contact' is present

2019-12-19 11:52:19 - [MESSAGE][WARNING] - Timeout '0' is invalid. Using default page load timeout: '30'

2019-12-19 11:52:20 - [MESSAGE][PASSED] - Object 'Object Repository/Page_Mad Irish Hacking Academy Contact Page/h1_Contact' is present

2019-12-19 11:52:20 - [TEST_STEP][PASSED] - verifyElementPresent(findTestObject("Page_Mad Irish Hacking Academy Contact Page/Contact Page content"), 0): Object 'Object Repository/Page_Mad Irish Hacking Academy Contact Page/Contact Page content' is present

2019-12-19 11:52:20 - [MESSAGE][WARNING] - Timeout '0' is invalid. Using default page load timeout: '30'

2019-12-19 11:52:20 - [MESSAGE][PASSED] - Object 'Object Repository/Page_Mad Irish Hacking Academy Contact Page/Contact Page content' is present

2019-12-19 11:52:20 - [TEST_STEP][PASSED] - verifyElementPresent(findTestObject("Page_Mad Irish Hacking Academy Contact Page/input_Your name_name"), 0): Object 'Object Repository/Page_Mad Irish Hacking Academy Contact Page/input_Your name_name' is present

2019-12-19 11:52:20 - [MESSAGE][WARNING] - Timeout '0' is invalid. Using default page load timeout: '30'

2019-12-19 11:52:20 - [MESSAGE][PASSED] - Object 'Object Repository/Page_Mad Irish Hacking Academy Contact Page/input_Your name_name' is present

2019-12-19 11:52:20 - [TEST_STEP][PASSED] - verifyElementPresent(findTestObject("Page_Mad Irish Hacking Academy Contact Page/input_Your email_email"), 0): Object 'Object Repository/Page_Mad Irish Hacking Academy Contact Page/input_Your email_email' is present

2019-12-19 11:52:20 - [MESSAGE][WARNING] - Timeout '0' is invalid. Using default page load timeout: '30'

2019-12-19 11:52:21 - [MESSAGE][PASSED] - Object 'Object Repository/Page_Mad Irish Hacking Academy Contact Page/input_Your email_email' is present

2019-12-19 11:52:21 - [TEST_STEP][PASSED] - verifyElementPresent(findTestObject("Page_Mad Irish Hacking Academy Contact Page/textarea_Your message_body"), 0): Object 'Object Repository/Page_Mad Irish Hacking Academy Contact Page/textarea_Your message_body' is present

2019-12-19 11:52:21 - [MESSAGE][WARNING] - Timeout '0' is invalid. Using default page load timeout: '30'

2019-12-19 11:52:21 - [MESSAGE][PASSED] - Object 'Object Repository/Page_Mad Irish Hacking Academy Contact Page/textarea_Your message_body' is present

2019-12-19 11:52:21 - [TEST_STEP][PASSED] - closeBrowser(): Browser is closed

2019-12-19 11:52:21 - [MESSAGE][PASSED] - Browser is closed]]></system-out>
         <system-err><![CDATA[]]></system-err>
      </testcase>
      <testcase name="Test Cases/Test 4 - Trainings Page Verification" time="8.851" classname="Test Cases/Test 4 - Trainings Page Verification" status="PASSED">
         <system-out><![CDATA[2019-12-19 11:52:21 - [TEST_CASE][PASSED] - Test Cases/Test 4 - Trainings Page Verification: Test Cases/Test 4 - Trainings Page Verification

2019-12-19 11:52:21 - [TEST_STEP][PASSED] - callTestCase(findTestCase("Initial Checks on every page"), [:], STOP_ON_FAILURE): Call Test Case 'Test Cases/Initial Checks on every page' successfully

2019-12-19 11:52:21 - [TEST_CASE][PASSED] - Test Cases/Initial Checks on every page: Test Cases/Initial Checks on every page

2019-12-19 11:52:21 - [TEST_STEP][PASSED] - openBrowser(""): Browser is opened with url: ''

2019-12-19 11:52:21 - [MESSAGE][INFO] - Starting 'Chrome' driver

2019-12-19 11:52:23 - [MESSAGE][PASSED] - Browser is opened with url: ''

2019-12-19 11:52:23 - [TEST_STEP][PASSED] - navigateToUrl("http://192.168.56.101/"): Navigate to 'http://192.168.56.101/' successfully

2019-12-19 11:52:23 - [MESSAGE][PASSED] - Navigate to 'http://192.168.56.101/' successfully

2019-12-19 11:52:23 - [TEST_STEP][PASSED] - verifyElementPresent(findTestObject("Top Bar on every page/a_Mad Irish Hacking Academy"), 5): Object 'Object Repository/Top Bar on every page/a_Mad Irish Hacking Academy' is present

2019-12-19 11:52:24 - [MESSAGE][PASSED] - Object 'Object Repository/Top Bar on every page/a_Mad Irish Hacking Academy' is present

2019-12-19 11:52:24 - [TEST_STEP][PASSED] - verifyElementPresent(findTestObject("Top Bar on every page/a_About"), 5): Object 'Object Repository/Top Bar on every page/a_About' is present

2019-12-19 11:52:24 - [MESSAGE][PASSED] - Object 'Object Repository/Top Bar on every page/a_About' is present

2019-12-19 11:52:24 - [TEST_STEP][PASSED] - verifyElementPresent(findTestObject("Top Bar on every page/a_Contact"), 5): Object 'Object Repository/Top Bar on every page/a_Contact' is present

2019-12-19 11:52:25 - [MESSAGE][PASSED] - Object 'Object Repository/Top Bar on every page/a_Contact' is present

2019-12-19 11:52:25 - [TEST_STEP][PASSED] - click(findTestObject("Top Bar on every page/b_Contact_caret"), STOP_ON_FAILURE): Object: 'Object Repository/Top Bar on every page/b_Contact_caret' is clicked on

2019-12-19 11:52:25 - [MESSAGE][PASSED] - Object: 'Object Repository/Top Bar on every page/b_Contact_caret' is clicked on

2019-12-19 11:52:25 - [TEST_STEP][PASSED] - verifyElementPresent(findTestObject("Top Bar on every page/a_Training"), 0): Object 'Object Repository/Top Bar on every page/a_Training' is present

2019-12-19 11:52:25 - [MESSAGE][WARNING] - Timeout '0' is invalid. Using default page load timeout: '30'

2019-12-19 11:52:25 - [MESSAGE][PASSED] - Object 'Object Repository/Top Bar on every page/a_Training' is present

2019-12-19 11:52:25 - [TEST_STEP][PASSED] - verifyElementPresent(findTestObject("Top Bar on every page/a_Reading"), 0): Object 'Object Repository/Top Bar on every page/a_Reading' is present

2019-12-19 11:52:25 - [MESSAGE][WARNING] - Timeout '0' is invalid. Using default page load timeout: '30'

2019-12-19 11:52:26 - [MESSAGE][PASSED] - Object 'Object Repository/Top Bar on every page/a_Reading' is present

2019-12-19 11:52:26 - [TEST_STEP][PASSED] - verifyElementPresent(findTestObject("Top Bar on every page/a_Newsletter"), 0): Object 'Object Repository/Top Bar on every page/a_Newsletter' is present

2019-12-19 11:52:26 - [MESSAGE][WARNING] - Timeout '0' is invalid. Using default page load timeout: '30'

2019-12-19 11:52:26 - [MESSAGE][PASSED] - Object 'Object Repository/Top Bar on every page/a_Newsletter' is present

2019-12-19 11:52:26 - [TEST_STEP][PASSED] - verifyElementPresent(findTestObject("Top Bar on every page/a_Create account"), 0): Object 'Object Repository/Top Bar on every page/a_Create account' is present

2019-12-19 11:52:26 - [MESSAGE][WARNING] - Timeout '0' is invalid. Using default page load timeout: '30'

2019-12-19 11:52:26 - [MESSAGE][PASSED] - Object 'Object Repository/Top Bar on every page/a_Create account' is present

2019-12-19 11:52:26 - [TEST_STEP][PASSED] - verifyElementPresent(findTestObject("Page_Mad Irish Hacking Academy Landing Page/a_Learn more"), 0): Object 'Object Repository/Page_Mad Irish Hacking Academy Landing Page/a_Learn more' is present

2019-12-19 11:52:26 - [MESSAGE][WARNING] - Timeout '0' is invalid. Using default page load timeout: '30'

2019-12-19 11:52:27 - [MESSAGE][PASSED] - Object 'Object Repository/Page_Mad Irish Hacking Academy Landing Page/a_Learn more' is present

2019-12-19 11:52:27 - [TEST_STEP][PASSED] - verifyElementPresent(findTestObject("Top Bar on every page/input_Create account_username"), 0): Object 'Object Repository/Top Bar on every page/input_Create account_username' is present

2019-12-19 11:52:27 - [MESSAGE][WARNING] - Timeout '0' is invalid. Using default page load timeout: '30'

2019-12-19 11:52:27 - [MESSAGE][PASSED] - Object 'Object Repository/Top Bar on every page/input_Create account_username' is present

2019-12-19 11:52:27 - [TEST_STEP][PASSED] - verifyElementPresent(findTestObject("Top Bar on every page/input_Create account_password"), 0): Object 'Object Repository/Top Bar on every page/input_Create account_password' is present

2019-12-19 11:52:27 - [MESSAGE][WARNING] - Timeout '0' is invalid. Using default page load timeout: '30'

2019-12-19 11:52:28 - [MESSAGE][PASSED] - Object 'Object Repository/Top Bar on every page/input_Create account_password' is present

2019-12-19 11:52:28 - [TEST_STEP][PASSED] - verifyElementPresent(findTestObject("Top Bar on every page/button_Sign in"), 0): Object 'Object Repository/Top Bar on every page/button_Sign in' is present

2019-12-19 11:52:28 - [MESSAGE][WARNING] - Timeout '0' is invalid. Using default page load timeout: '30'

2019-12-19 11:52:28 - [MESSAGE][PASSED] - Object 'Object Repository/Top Bar on every page/button_Sign in' is present

2019-12-19 11:52:28 - [MESSAGE][PASSED] - Call Test Case 'Test Cases/Initial Checks on every page' successfully

2019-12-19 11:52:28 - [TEST_STEP][PASSED] - click(findTestObject("Top Bar on every page/a_Training")): Object: 'Object Repository/Top Bar on every page/a_Training' is clicked on

2019-12-19 11:52:28 - [MESSAGE][PASSED] - Object: 'Object Repository/Top Bar on every page/a_Training' is clicked on

2019-12-19 11:52:28 - [TEST_STEP][PASSED] - verifyElementPresent(findTestObject("Page_Mad Irish Hacking Academy Trainings Page/h1_Trainings"), 0): Object 'Object Repository/Page_Mad Irish Hacking Academy Trainings Page/h1_Trainings' is present

2019-12-19 11:52:29 - [MESSAGE][WARNING] - Timeout '0' is invalid. Using default page load timeout: '30'

2019-12-19 11:52:29 - [MESSAGE][PASSED] - Object 'Object Repository/Page_Mad Irish Hacking Academy Trainings Page/h1_Trainings' is present

2019-12-19 11:52:29 - [TEST_STEP][PASSED] - verifyElementPresent(findTestObject("Page_Mad Irish Hacking Academy Trainings Page/h2_Information Security Basics"), 0): Object 'Object Repository/Page_Mad Irish Hacking Academy Trainings Page/h2_Information Security Basics' is present

2019-12-19 11:52:29 - [MESSAGE][WARNING] - Timeout '0' is invalid. Using default page load timeout: '30'

2019-12-19 11:52:29 - [MESSAGE][PASSED] - Object 'Object Repository/Page_Mad Irish Hacking Academy Trainings Page/h2_Information Security Basics' is present

2019-12-19 11:52:29 - [TEST_STEP][PASSED] - verifyElementPresent(findTestObject("Page_Mad Irish Hacking Academy Trainings Page/Training content"), 0): Object 'Object Repository/Page_Mad Irish Hacking Academy Trainings Page/Training content' is present

2019-12-19 11:52:29 - [MESSAGE][WARNING] - Timeout '0' is invalid. Using default page load timeout: '30'

2019-12-19 11:52:29 - [MESSAGE][PASSED] - Object 'Object Repository/Page_Mad Irish Hacking Academy Trainings Page/Training content' is present

2019-12-19 11:52:29 - [TEST_STEP][PASSED] - verifyElementPresent(findTestObject("Page_Mad Irish Hacking Academy Trainings Page/a_Register"), 0): Object 'Object Repository/Page_Mad Irish Hacking Academy Trainings Page/a_Register' is present

2019-12-19 11:52:30 - [MESSAGE][WARNING] - Timeout '0' is invalid. Using default page load timeout: '30'

2019-12-19 11:52:30 - [MESSAGE][PASSED] - Object 'Object Repository/Page_Mad Irish Hacking Academy Trainings Page/a_Register' is present

2019-12-19 11:52:30 - [TEST_STEP][PASSED] - closeBrowser(): Browser is closed

2019-12-19 11:52:30 - [MESSAGE][PASSED] - Browser is closed]]></system-out>
         <system-err><![CDATA[]]></system-err>
      </testcase>
      <system-out><![CDATA[2019-12-19 11:51:51 - [TEST_SUITE][PASSED] - E2E Page_Mad Irish Hacking Academy: Test Cases/Test 4 - Trainings Page Verification]]></system-out>
      <system-err><![CDATA[]]></system-err>
   </testsuite>
</testsuites>
