<?xml version="1.0" encoding="UTF-8" standalone="yes"?>
<testsuites name="New Test Suite" time="8" tests="1" failures="0" errors="0">
    <testsuite name="New Test Suite" tests="1" failures="0" errors="0" time="8" timestamp="2019-10-22 11:02:10" hostname="albert.woloszyn - static.105.255.46.78.clients.your-server.de" id="Test Suites/New Test Suite">
        <properties>
            <property name="deviceName" value=""/>
            <property name="devicePlatform" value=""/>
            <property name="logFolder" value="/Users/albert.woloszyn/Katalon Studio/showCaseDEASP/Reports/20191022_110205/New Test Suite/20191022_110205"/>
            <property name="logFiles" value="/Users/albert.woloszyn/Katalon Studio/showCaseDEASP/Reports/20191022_110205/New Test Suite/20191022_110205/execution0.log"/>
            <property name="attachments" value="/Users/albert.woloszyn/Katalon Studio/showCaseDEASP/Reports/20191022_110205/New Test Suite/20191022_110205/1571738534779.png, /Users/albert.woloszyn/Katalon Studio/showCaseDEASP/Reports/20191022_110205/New Test Suite/20191022_110205/1571738535545.png, /Users/albert.woloszyn/Katalon Studio/showCaseDEASP/Reports/20191022_110205/New Test Suite/20191022_110205/1571738536217.png, /Users/albert.woloszyn/Katalon Studio/showCaseDEASP/Reports/20191022_110205/New Test Suite/20191022_110205/1571738536729.png"/>
            <property name="hostName" value="albert.woloszyn - static.105.255.46.78.clients.your-server.de"/>
            <property name="os" value="Mac OS X 64bit"/>
            <property name="katalonVersion" value="6.3.3.11"/>
            <property name="browser" value="Chrome 77.0.3865.120"/>
            <property name="hostAddress" value="78.46.255.105"/>
            <property name="sessionId" value="0e4e4b6f9489a08c70740b943a4e463c"/>
            <property name="seleniumVersion" value="3.141.59"/>
            <property name="proxyInformation" value="ProxyInformation{proxyOption=NO_PROXY, proxyServerType=HTTP, password=, proxyServerAddress=, proxyServerPort=0}"/>
            <property name="platform" value="Mac OS X"/>
        </properties>
        <testcase name="Test Cases/QuickHandsOn" classname="Test Cases/QuickHandsOn" status="PASSED">
            <system-out>2019-10-22 11:02:11 - [TEST_CASE][PASSED] - Test Cases/QuickHandsOn: Test Cases/QuickHandsOn

2019-10-22 11:02:11 - [TEST_STEP][PASSED] - openBrowser(""): Browser is opened with url: ''

2019-10-22 11:02:11 - [MESSAGE][INFO] - Starting 'Chrome' driver

2019-10-22 11:02:11 - [MESSAGE][INFO] - Action delay is set to 0 seconds

2019-10-22 11:02:13 - [MESSAGE][PASSED] - Browser is opened with url: ''

2019-10-22 11:02:13 - [TEST_STEP][PASSED] - navigateToUrl("http://192.168.56.101/"): Navigate to 'http://192.168.56.101/' successfully

2019-10-22 11:02:14 - [MESSAGE][PASSED] - Navigate to 'http://192.168.56.101/' successfully

2019-10-22 11:02:14 - [TEST_STEP][PASSED] - click(findTestObject("Object Repository/Page_Mad Irish Hacking Academy/a_Contact")): Object: 'Object Repository/Page_Mad Irish Hacking Academy/a_Contact' is clicked on

2019-10-22 11:02:14 - [MESSAGE][PASSED] - Object: 'Object Repository/Page_Mad Irish Hacking Academy/a_Contact' is clicked on

2019-10-22 11:02:14 - [TEST_STEP][PASSED] - verifyTextPresent("Contact", false): Text 'Contact' is present on page 

2019-10-22 11:02:14 - [MESSAGE][PASSED] - Text 'Contact' is present on page 

2019-10-22 11:02:14 - [TEST_STEP][PASSED] - takeScreenshot(): Taking screenshot successfully

2019-10-22 11:02:15 - [MESSAGE][PASSED] - Taking screenshot successfully
[[ATTACHMENT|/Users/albert.woloszyn/Katalon Studio/showCaseDEASP/Reports/20191022_110205/New Test Suite/20191022_110205/1571738534779.png]]

2019-10-22 11:02:15 - [TEST_STEP][PASSED] - click(findTestObject("Object Repository/Page_Mad Irish Hacking Academy/a_Resources")): Object: 'Object Repository/Page_Mad Irish Hacking Academy/a_Resources' is clicked on

2019-10-22 11:02:15 - [MESSAGE][PASSED] - Object: 'Object Repository/Page_Mad Irish Hacking Academy/a_Resources' is clicked on

2019-10-22 11:02:15 - [TEST_STEP][PASSED] - verifyTextPresent("Resources", false): Text 'Resources' is present on page 

2019-10-22 11:02:15 - [MESSAGE][PASSED] - Text 'Resources' is present on page 

2019-10-22 11:02:15 - [TEST_STEP][PASSED] - takeScreenshot(): Taking screenshot successfully

2019-10-22 11:02:15 - [MESSAGE][PASSED] - Taking screenshot successfully
[[ATTACHMENT|/Users/albert.woloszyn/Katalon Studio/showCaseDEASP/Reports/20191022_110205/New Test Suite/20191022_110205/1571738535545.png]]

2019-10-22 11:02:15 - [TEST_STEP][PASSED] - click(findTestObject("Object Repository/Page_Mad Irish Hacking Academy/a_Training")): Object: 'Object Repository/Page_Mad Irish Hacking Academy/a_Training' is clicked on

2019-10-22 11:02:16 - [MESSAGE][PASSED] - Object: 'Object Repository/Page_Mad Irish Hacking Academy/a_Training' is clicked on

2019-10-22 11:02:16 - [TEST_STEP][PASSED] - verifyTextPresent("Training", false): Text 'Training' is present on page 

2019-10-22 11:02:16 - [MESSAGE][PASSED] - Text 'Training' is present on page 

2019-10-22 11:02:16 - [TEST_STEP][PASSED] - takeScreenshot(): Taking screenshot successfully

2019-10-22 11:02:16 - [MESSAGE][PASSED] - Taking screenshot successfully
[[ATTACHMENT|/Users/albert.woloszyn/Katalon Studio/showCaseDEASP/Reports/20191022_110205/New Test Suite/20191022_110205/1571738536217.png]]

2019-10-22 11:02:16 - [TEST_STEP][PASSED] - click(findTestObject("Object Repository/Page_Mad Irish Hacking Academy/a_Resources")): Object: 'Object Repository/Page_Mad Irish Hacking Academy/a_Resources' is clicked on

2019-10-22 11:02:16 - [MESSAGE][PASSED] - Object: 'Object Repository/Page_Mad Irish Hacking Academy/a_Resources' is clicked on

2019-10-22 11:02:16 - [TEST_STEP][PASSED] - takeScreenshot(): Taking screenshot successfully

2019-10-22 11:02:17 - [MESSAGE][PASSED] - Taking screenshot successfully
[[ATTACHMENT|/Users/albert.woloszyn/Katalon Studio/showCaseDEASP/Reports/20191022_110205/New Test Suite/20191022_110205/1571738536729.png]]

2019-10-22 11:02:17 - [TEST_STEP][PASSED] - click(findTestObject("Object Repository/Page_Mad Irish Hacking Academy/a_Reading")): Object: 'Object Repository/Page_Mad Irish Hacking Academy/a_Reading' is clicked on

2019-10-22 11:02:17 - [MESSAGE][PASSED] - Object: 'Object Repository/Page_Mad Irish Hacking Academy/a_Reading' is clicked on

2019-10-22 11:02:17 - [TEST_STEP][PASSED] - click(findTestObject("Object Repository/Page_Mad Irish Hacking Academy/a_Resources")): Object: 'Object Repository/Page_Mad Irish Hacking Academy/a_Resources' is clicked on

2019-10-22 11:02:17 - [MESSAGE][PASSED] - Object: 'Object Repository/Page_Mad Irish Hacking Academy/a_Resources' is clicked on

2019-10-22 11:02:17 - [TEST_STEP][PASSED] - click(findTestObject("Object Repository/Page_Mad Irish Hacking Academy/a_Newsletter")): Object: 'Object Repository/Page_Mad Irish Hacking Academy/a_Newsletter' is clicked on

2019-10-22 11:02:17 - [MESSAGE][PASSED] - Object: 'Object Repository/Page_Mad Irish Hacking Academy/a_Newsletter' is clicked on

2019-10-22 11:02:17 - [TEST_STEP][PASSED] - click(findTestObject("Object Repository/Page_Mad Irish Hacking Academy/a_Resources")): Object: 'Object Repository/Page_Mad Irish Hacking Academy/a_Resources' is clicked on

2019-10-22 11:02:17 - [MESSAGE][PASSED] - Object: 'Object Repository/Page_Mad Irish Hacking Academy/a_Resources' is clicked on

2019-10-22 11:02:17 - [TEST_STEP][PASSED] - click(findTestObject("Object Repository/Page_Mad Irish Hacking Academy/a_Create account")): Object: 'Object Repository/Page_Mad Irish Hacking Academy/a_Create account' is clicked on

2019-10-22 11:02:17 - [MESSAGE][PASSED] - Object: 'Object Repository/Page_Mad Irish Hacking Academy/a_Create account' is clicked on

2019-10-22 11:02:17 - [TEST_STEP][PASSED] - setText(findTestObject("Object Repository/Page_Mad Irish Hacking Academy/input_Create account_username"), "test123@welfare.ie"): Text 'test123@welfare.ie' is set on object 'Object Repository/Page_Mad Irish Hacking Academy/input_Create account_username'

2019-10-22 11:02:18 - [MESSAGE][PASSED] - Text 'test123@welfare.ie' is set on object 'Object Repository/Page_Mad Irish Hacking Academy/input_Create account_username'

2019-10-22 11:02:18 - [TEST_STEP][PASSED] - setEncryptedText(findTestObject("Object Repository/Page_Mad Irish Hacking Academy/input_Create account_password"), "qP8g4ZP8zmxOyEuCUr69QQ=="): Text ****** has been set on object 'Object Repository/Page_Mad Irish Hacking Academy/input_Create account_password'

2019-10-22 11:02:18 - [MESSAGE][PASSED] - Text ****** has been set on object 'Object Repository/Page_Mad Irish Hacking Academy/input_Create account_password'

2019-10-22 11:02:18 - [TEST_STEP][PASSED] - click(findTestObject("Object Repository/Page_Mad Irish Hacking Academy/button_Sign in")): Object: 'Object Repository/Page_Mad Irish Hacking Academy/button_Sign in' is clicked on

2019-10-22 11:02:18 - [MESSAGE][PASSED] - Object: 'Object Repository/Page_Mad Irish Hacking Academy/button_Sign in' is clicked on

2019-10-22 11:02:18 - [TEST_STEP][PASSED] - setText(findTestObject("Object Repository/Page_Mad Irish Hacking Academy/input_Email_email"), "test@welfare.ie"): Text 'test@welfare.ie' is set on object 'Object Repository/Page_Mad Irish Hacking Academy/input_Email_email'

2019-10-22 11:02:18 - [MESSAGE][PASSED] - Text 'test@welfare.ie' is set on object 'Object Repository/Page_Mad Irish Hacking Academy/input_Email_email'

2019-10-22 11:02:18 - [TEST_STEP][PASSED] - setEncryptedText(findTestObject("Object Repository/Page_Mad Irish Hacking Academy/input_Password_password"), "Wt9tj4kC2zrPXzAR6+1IxQ=="): Text ****** has been set on object 'Object Repository/Page_Mad Irish Hacking Academy/input_Password_password'

2019-10-22 11:02:18 - [MESSAGE][PASSED] - Text ****** has been set on object 'Object Repository/Page_Mad Irish Hacking Academy/input_Password_password'

2019-10-22 11:02:18 - [TEST_STEP][PASSED] - click(findTestObject("Object Repository/Page_Mad Irish Hacking Academy/button_Register")): Object: 'Object Repository/Page_Mad Irish Hacking Academy/button_Register' is clicked on

2019-10-22 11:02:19 - [MESSAGE][PASSED] - Object: 'Object Repository/Page_Mad Irish Hacking Academy/button_Register' is clicked on

2019-10-22 11:02:19 - [TEST_STEP][PASSED] - closeBrowser(): Browser is closed

2019-10-22 11:02:19 - [MESSAGE][PASSED] - Browser is closed</system-out>
            <system-err></system-err>
        </testcase>
        <system-out>2019-10-22 11:02:10 - [TEST_SUITE][INCOMPLETE] - New Test Suite: null</system-out>
        <system-err>2019-10-22 11:02:10 - [TEST_SUITE][INCOMPLETE] - New Test Suite: null</system-err>
    </testsuite>
</testsuites>
