<?xml version="1.0" encoding="UTF-8" standalone="yes"?>
<testsuites name="showCaseTestSuite1" time="104" tests="10" failures="0" errors="0">
    <testsuite name="showCaseTestSuite1" tests="10" failures="0" errors="0" time="104" timestamp="2019-10-22 13:10:20" hostname="albert.woloszyn - static.105.255.46.78.clients.your-server.de" id="Test Suites/showCaseTestSuite1">
        <properties>
            <property name="deviceName" value=""/>
            <property name="devicePlatform" value=""/>
            <property name="logFolder" value="/Users/albert.woloszyn/Katalon Studio/showCaseDEASP/Reports/20191022_131016/showCaseTestSuite1/20191022_131016"/>
            <property name="logFiles" value="/Users/albert.woloszyn/Katalon Studio/showCaseDEASP/Reports/20191022_131016/showCaseTestSuite1/20191022_131016/execution0.log"/>
            <property name="attachments" value="/Users/albert.woloszyn/Katalon Studio/showCaseDEASP/Reports/20191022_131016/showCaseTestSuite1/20191022_131016/1571746227841.png, /Users/albert.woloszyn/Katalon Studio/showCaseDEASP/Reports/20191022_131016/showCaseTestSuite1/20191022_131016/1571746228474.png, /Users/albert.woloszyn/Katalon Studio/showCaseDEASP/Reports/20191022_131016/showCaseTestSuite1/20191022_131016/1571746229025.png, /Users/albert.woloszyn/Katalon Studio/showCaseDEASP/Reports/20191022_131016/showCaseTestSuite1/20191022_131016/1571746229466.png, /Users/albert.woloszyn/Katalon Studio/showCaseDEASP/Reports/20191022_131016/showCaseTestSuite1/20191022_131016/1571746236407.png, /Users/albert.woloszyn/Katalon Studio/showCaseDEASP/Reports/20191022_131016/showCaseTestSuite1/20191022_131016/1571746236924.png, /Users/albert.woloszyn/Katalon Studio/showCaseDEASP/Reports/20191022_131016/showCaseTestSuite1/20191022_131016/1571746237350.png, /Users/albert.woloszyn/Katalon Studio/showCaseDEASP/Reports/20191022_131016/showCaseTestSuite1/20191022_131016/1571746237749.png, /Users/albert.woloszyn/Katalon Studio/showCaseDEASP/Reports/20191022_131016/showCaseTestSuite1/20191022_131016/1571746245834.png, /Users/albert.woloszyn/Katalon Studio/showCaseDEASP/Reports/20191022_131016/showCaseTestSuite1/20191022_131016/1571746246325.png, /Users/albert.woloszyn/Katalon Studio/showCaseDEASP/Reports/20191022_131016/showCaseTestSuite1/20191022_131016/1571746246812.png, /Users/albert.woloszyn/Katalon Studio/showCaseDEASP/Reports/20191022_131016/showCaseTestSuite1/20191022_131016/1571746247190.png, /Users/albert.woloszyn/Katalon Studio/showCaseDEASP/Reports/20191022_131016/showCaseTestSuite1/20191022_131016/1571746254626.png, /Users/albert.woloszyn/Katalon Studio/showCaseDEASP/Reports/20191022_131016/showCaseTestSuite1/20191022_131016/1571746255102.png, /Users/albert.woloszyn/Katalon Studio/showCaseDEASP/Reports/20191022_131016/showCaseTestSuite1/20191022_131016/1571746255505.png, /Users/albert.woloszyn/Katalon Studio/showCaseDEASP/Reports/20191022_131016/showCaseTestSuite1/20191022_131016/1571746255891.png, /Users/albert.woloszyn/Katalon Studio/showCaseDEASP/Reports/20191022_131016/showCaseTestSuite1/20191022_131016/1571746263775.png, /Users/albert.woloszyn/Katalon Studio/showCaseDEASP/Reports/20191022_131016/showCaseTestSuite1/20191022_131016/1571746264272.png, /Users/albert.woloszyn/Katalon Studio/showCaseDEASP/Reports/20191022_131016/showCaseTestSuite1/20191022_131016/1571746264677.png, /Users/albert.woloszyn/Katalon Studio/showCaseDEASP/Reports/20191022_131016/showCaseTestSuite1/20191022_131016/1571746265113.png, /Users/albert.woloszyn/Katalon Studio/showCaseDEASP/Reports/20191022_131016/showCaseTestSuite1/20191022_131016/1571746272067.png, /Users/albert.woloszyn/Katalon Studio/showCaseDEASP/Reports/20191022_131016/showCaseTestSuite1/20191022_131016/1571746272555.png, /Users/albert.woloszyn/Katalon Studio/showCaseDEASP/Reports/20191022_131016/showCaseTestSuite1/20191022_131016/1571746272958.png, /Users/albert.woloszyn/Katalon Studio/showCaseDEASP/Reports/20191022_131016/showCaseTestSuite1/20191022_131016/1571746273375.png, /Users/albert.woloszyn/Katalon Studio/showCaseDEASP/Reports/20191022_131016/showCaseTestSuite1/20191022_131016/1571746281434.png, /Users/albert.woloszyn/Katalon Studio/showCaseDEASP/Reports/20191022_131016/showCaseTestSuite1/20191022_131016/1571746281918.png, /Users/albert.woloszyn/Katalon Studio/showCaseDEASP/Reports/20191022_131016/showCaseTestSuite1/20191022_131016/1571746282319.png, /Users/albert.woloszyn/Katalon Studio/showCaseDEASP/Reports/20191022_131016/showCaseTestSuite1/20191022_131016/1571746282722.png, /Users/albert.woloszyn/Katalon Studio/showCaseDEASP/Reports/20191022_131016/showCaseTestSuite1/20191022_131016/1571746293960.png, /Users/albert.woloszyn/Katalon Studio/showCaseDEASP/Reports/20191022_131016/showCaseTestSuite1/20191022_131016/1571746295656.png, /Users/albert.woloszyn/Katalon Studio/showCaseDEASP/Reports/20191022_131016/showCaseTestSuite1/20191022_131016/1571746296179.png, /Users/albert.woloszyn/Katalon Studio/showCaseDEASP/Reports/20191022_131016/showCaseTestSuite1/20191022_131016/1571746297134.png, /Users/albert.woloszyn/Katalon Studio/showCaseDEASP/Reports/20191022_131016/showCaseTestSuite1/20191022_131016/1571746309130.png, /Users/albert.woloszyn/Katalon Studio/showCaseDEASP/Reports/20191022_131016/showCaseTestSuite1/20191022_131016/1571746309994.png, /Users/albert.woloszyn/Katalon Studio/showCaseDEASP/Reports/20191022_131016/showCaseTestSuite1/20191022_131016/1571746310424.png, /Users/albert.woloszyn/Katalon Studio/showCaseDEASP/Reports/20191022_131016/showCaseTestSuite1/20191022_131016/1571746310866.png, /Users/albert.woloszyn/Katalon Studio/showCaseDEASP/Reports/20191022_131016/showCaseTestSuite1/20191022_131016/1571746319789.png, /Users/albert.woloszyn/Katalon Studio/showCaseDEASP/Reports/20191022_131016/showCaseTestSuite1/20191022_131016/1571746320367.png, /Users/albert.woloszyn/Katalon Studio/showCaseDEASP/Reports/20191022_131016/showCaseTestSuite1/20191022_131016/1571746320825.png, /Users/albert.woloszyn/Katalon Studio/showCaseDEASP/Reports/20191022_131016/showCaseTestSuite1/20191022_131016/1571746321282.png"/>
            <property name="hostName" value="albert.woloszyn - static.105.255.46.78.clients.your-server.de"/>
            <property name="os" value="Mac OS X 64bit"/>
            <property name="katalonVersion" value="6.3.3.11"/>
            <property name="browser" value="Firefox 69.0"/>
            <property name="hostAddress" value="78.46.255.105"/>
            <property name="sessionId" value="3b988ec6-d665-6343-b61f-cb6586813688"/>
            <property name="seleniumVersion" value="3.141.59"/>
            <property name="proxyInformation" value="ProxyInformation{proxyOption=NO_PROXY, proxyServerType=HTTP, password=, proxyServerAddress=, proxyServerPort=0}"/>
            <property name="platform" value="Mac OS X"/>
        </properties>
        <testcase name="Test Cases/QuickHandsOnTestCase1" classname="Test Cases/QuickHandsOnTestCase1" status="PASSED">
            <system-out>2019-10-22 13:10:21 - [TEST_CASE][PASSED] - Test Cases/QuickHandsOnTestCase1: Test Cases/QuickHandsOnTestCase1

2019-10-22 13:10:21 - [TEST_STEP][PASSED] - openBrowser(""): Browser is opened with url: ''

2019-10-22 13:10:21 - [MESSAGE][INFO] - Starting 'Firefox' driver

2019-10-22 13:10:22 - [MESSAGE][INFO] - Action delay is set to 0 seconds

2019-10-22 13:10:26 - [MESSAGE][PASSED] - Browser is opened with url: ''

2019-10-22 13:10:26 - [TEST_STEP][PASSED] - navigateToUrl("http://192.168.56.101/"): Navigate to 'http://192.168.56.101/' successfully

2019-10-22 13:10:27 - [MESSAGE][PASSED] - Navigate to 'http://192.168.56.101/' successfully

2019-10-22 13:10:27 - [TEST_STEP][PASSED] - click(findTestObject("Object Repository/Page_Mad Irish Hacking Academy/a_Contact")): Object: 'Object Repository/Page_Mad Irish Hacking Academy/a_Contact' is clicked on

2019-10-22 13:10:27 - [MESSAGE][PASSED] - Object: 'Object Repository/Page_Mad Irish Hacking Academy/a_Contact' is clicked on

2019-10-22 13:10:27 - [TEST_STEP][PASSED] - verifyTextPresent("Contact", false): Text 'Contact' is present on page 

2019-10-22 13:10:27 - [MESSAGE][PASSED] - Text 'Contact' is present on page 

2019-10-22 13:10:27 - [TEST_STEP][PASSED] - takeScreenshot(): Taking screenshot successfully

2019-10-22 13:10:28 - [MESSAGE][PASSED] - Taking screenshot successfully
[[ATTACHMENT|/Users/albert.woloszyn/Katalon Studio/showCaseDEASP/Reports/20191022_131016/showCaseTestSuite1/20191022_131016/1571746227841.png]]

2019-10-22 13:10:28 - [TEST_STEP][PASSED] - click(findTestObject("Object Repository/Page_Mad Irish Hacking Academy/a_Resources")): Object: 'Object Repository/Page_Mad Irish Hacking Academy/a_Resources' is clicked on

2019-10-22 13:10:28 - [MESSAGE][PASSED] - Object: 'Object Repository/Page_Mad Irish Hacking Academy/a_Resources' is clicked on

2019-10-22 13:10:28 - [TEST_STEP][PASSED] - verifyTextPresent("Resources", false): Text 'Resources' is present on page 

2019-10-22 13:10:28 - [MESSAGE][PASSED] - Text 'Resources' is present on page 

2019-10-22 13:10:28 - [TEST_STEP][PASSED] - takeScreenshot(): Taking screenshot successfully

2019-10-22 13:10:28 - [MESSAGE][PASSED] - Taking screenshot successfully
[[ATTACHMENT|/Users/albert.woloszyn/Katalon Studio/showCaseDEASP/Reports/20191022_131016/showCaseTestSuite1/20191022_131016/1571746228474.png]]

2019-10-22 13:10:28 - [TEST_STEP][PASSED] - click(findTestObject("Object Repository/Page_Mad Irish Hacking Academy/a_Training")): Object: 'Object Repository/Page_Mad Irish Hacking Academy/a_Training' is clicked on

2019-10-22 13:10:28 - [MESSAGE][PASSED] - Object: 'Object Repository/Page_Mad Irish Hacking Academy/a_Training' is clicked on

2019-10-22 13:10:28 - [TEST_STEP][PASSED] - verifyTextPresent("Training", false): Text 'Training' is present on page 

2019-10-22 13:10:29 - [MESSAGE][PASSED] - Text 'Training' is present on page 

2019-10-22 13:10:29 - [TEST_STEP][PASSED] - takeScreenshot(): Taking screenshot successfully

2019-10-22 13:10:29 - [MESSAGE][PASSED] - Taking screenshot successfully
[[ATTACHMENT|/Users/albert.woloszyn/Katalon Studio/showCaseDEASP/Reports/20191022_131016/showCaseTestSuite1/20191022_131016/1571746229025.png]]

2019-10-22 13:10:29 - [TEST_STEP][PASSED] - click(findTestObject("Object Repository/Page_Mad Irish Hacking Academy/a_Resources")): Object: 'Object Repository/Page_Mad Irish Hacking Academy/a_Resources' is clicked on

2019-10-22 13:10:29 - [MESSAGE][PASSED] - Object: 'Object Repository/Page_Mad Irish Hacking Academy/a_Resources' is clicked on

2019-10-22 13:10:29 - [TEST_STEP][PASSED] - takeScreenshot(): Taking screenshot successfully

2019-10-22 13:10:29 - [MESSAGE][PASSED] - Taking screenshot successfully
[[ATTACHMENT|/Users/albert.woloszyn/Katalon Studio/showCaseDEASP/Reports/20191022_131016/showCaseTestSuite1/20191022_131016/1571746229466.png]]

2019-10-22 13:10:29 - [TEST_STEP][PASSED] - click(findTestObject("Object Repository/Page_Mad Irish Hacking Academy/a_Reading")): Object: 'Object Repository/Page_Mad Irish Hacking Academy/a_Reading' is clicked on

2019-10-22 13:10:29 - [MESSAGE][PASSED] - Object: 'Object Repository/Page_Mad Irish Hacking Academy/a_Reading' is clicked on

2019-10-22 13:10:29 - [TEST_STEP][PASSED] - click(findTestObject("Object Repository/Page_Mad Irish Hacking Academy/a_Resources")): Object: 'Object Repository/Page_Mad Irish Hacking Academy/a_Resources' is clicked on

2019-10-22 13:10:30 - [MESSAGE][PASSED] - Object: 'Object Repository/Page_Mad Irish Hacking Academy/a_Resources' is clicked on

2019-10-22 13:10:30 - [TEST_STEP][PASSED] - click(findTestObject("Object Repository/Page_Mad Irish Hacking Academy/a_Newsletter")): Object: 'Object Repository/Page_Mad Irish Hacking Academy/a_Newsletter' is clicked on

2019-10-22 13:10:30 - [MESSAGE][PASSED] - Object: 'Object Repository/Page_Mad Irish Hacking Academy/a_Newsletter' is clicked on

2019-10-22 13:10:30 - [TEST_STEP][PASSED] - click(findTestObject("Object Repository/Page_Mad Irish Hacking Academy/a_Resources")): Object: 'Object Repository/Page_Mad Irish Hacking Academy/a_Resources' is clicked on

2019-10-22 13:10:30 - [MESSAGE][PASSED] - Object: 'Object Repository/Page_Mad Irish Hacking Academy/a_Resources' is clicked on

2019-10-22 13:10:30 - [TEST_STEP][PASSED] - click(findTestObject("Object Repository/Page_Mad Irish Hacking Academy/a_Create account")): Object: 'Object Repository/Page_Mad Irish Hacking Academy/a_Create account' is clicked on

2019-10-22 13:10:30 - [MESSAGE][PASSED] - Object: 'Object Repository/Page_Mad Irish Hacking Academy/a_Create account' is clicked on

2019-10-22 13:10:30 - [TEST_STEP][PASSED] - setText(findTestObject("Object Repository/Page_Mad Irish Hacking Academy/input_Create account_username"), "test123@welfare.ie"): Text 'test123@welfare.ie' is set on object 'Object Repository/Page_Mad Irish Hacking Academy/input_Create account_username'

2019-10-22 13:10:31 - [MESSAGE][PASSED] - Text 'test123@welfare.ie' is set on object 'Object Repository/Page_Mad Irish Hacking Academy/input_Create account_username'

2019-10-22 13:10:31 - [TEST_STEP][PASSED] - setEncryptedText(findTestObject("Object Repository/Page_Mad Irish Hacking Academy/input_Create account_password"), "qP8g4ZP8zmxOyEuCUr69QQ=="): Text ****** has been set on object 'Object Repository/Page_Mad Irish Hacking Academy/input_Create account_password'

2019-10-22 13:10:31 - [MESSAGE][PASSED] - Text ****** has been set on object 'Object Repository/Page_Mad Irish Hacking Academy/input_Create account_password'

2019-10-22 13:10:31 - [TEST_STEP][PASSED] - click(findTestObject("Object Repository/Page_Mad Irish Hacking Academy/button_Sign in")): Object: 'Object Repository/Page_Mad Irish Hacking Academy/button_Sign in' is clicked on

2019-10-22 13:10:31 - [MESSAGE][PASSED] - Object: 'Object Repository/Page_Mad Irish Hacking Academy/button_Sign in' is clicked on

2019-10-22 13:10:31 - [TEST_STEP][PASSED] - setText(findTestObject("Object Repository/Page_Mad Irish Hacking Academy/input_Email_email"), "test@welfare.ie"): Text 'test@welfare.ie' is set on object 'Object Repository/Page_Mad Irish Hacking Academy/input_Email_email'

2019-10-22 13:10:31 - [MESSAGE][PASSED] - Text 'test@welfare.ie' is set on object 'Object Repository/Page_Mad Irish Hacking Academy/input_Email_email'

2019-10-22 13:10:31 - [TEST_STEP][PASSED] - setEncryptedText(findTestObject("Object Repository/Page_Mad Irish Hacking Academy/input_Password_password"), "Wt9tj4kC2zrPXzAR6+1IxQ=="): Text ****** has been set on object 'Object Repository/Page_Mad Irish Hacking Academy/input_Password_password'

2019-10-22 13:10:31 - [MESSAGE][PASSED] - Text ****** has been set on object 'Object Repository/Page_Mad Irish Hacking Academy/input_Password_password'

2019-10-22 13:10:31 - [TEST_STEP][PASSED] - click(findTestObject("Object Repository/Page_Mad Irish Hacking Academy/button_Register")): Object: 'Object Repository/Page_Mad Irish Hacking Academy/button_Register' is clicked on

2019-10-22 13:10:32 - [MESSAGE][PASSED] - Object: 'Object Repository/Page_Mad Irish Hacking Academy/button_Register' is clicked on

2019-10-22 13:10:32 - [TEST_STEP][PASSED] - closeBrowser(): Browser is closed

2019-10-22 13:10:32 - [MESSAGE][PASSED] - Browser is closed</system-out>
            <system-err></system-err>
        </testcase>
        <testcase name="Test Cases/QuickHandsOnTestCase5" classname="Test Cases/QuickHandsOnTestCase5" status="PASSED">
            <system-out>2019-10-22 13:10:32 - [TEST_CASE][PASSED] - Test Cases/QuickHandsOnTestCase5: Test Cases/QuickHandsOnTestCase5

2019-10-22 13:10:33 - [TEST_STEP][PASSED] - openBrowser(""): Browser is opened with url: ''

2019-10-22 13:10:33 - [MESSAGE][INFO] - Starting 'Firefox' driver

2019-10-22 13:10:35 - [MESSAGE][PASSED] - Browser is opened with url: ''

2019-10-22 13:10:35 - [TEST_STEP][PASSED] - navigateToUrl("http://192.168.56.101/"): Navigate to 'http://192.168.56.101/' successfully

2019-10-22 13:10:35 - [MESSAGE][PASSED] - Navigate to 'http://192.168.56.101/' successfully

2019-10-22 13:10:35 - [TEST_STEP][PASSED] - click(findTestObject("Object Repository/Page_Mad Irish Hacking Academy/a_Contact")): Object: 'Object Repository/Page_Mad Irish Hacking Academy/a_Contact' is clicked on

2019-10-22 13:10:36 - [MESSAGE][PASSED] - Object: 'Object Repository/Page_Mad Irish Hacking Academy/a_Contact' is clicked on

2019-10-22 13:10:36 - [TEST_STEP][PASSED] - verifyTextPresent("Contact", false): Text 'Contact' is present on page 

2019-10-22 13:10:36 - [MESSAGE][PASSED] - Text 'Contact' is present on page 

2019-10-22 13:10:36 - [TEST_STEP][PASSED] - takeScreenshot(): Taking screenshot successfully

2019-10-22 13:10:36 - [MESSAGE][PASSED] - Taking screenshot successfully
[[ATTACHMENT|/Users/albert.woloszyn/Katalon Studio/showCaseDEASP/Reports/20191022_131016/showCaseTestSuite1/20191022_131016/1571746236407.png]]

2019-10-22 13:10:36 - [TEST_STEP][PASSED] - click(findTestObject("Object Repository/Page_Mad Irish Hacking Academy/a_Resources")): Object: 'Object Repository/Page_Mad Irish Hacking Academy/a_Resources' is clicked on

2019-10-22 13:10:36 - [MESSAGE][PASSED] - Object: 'Object Repository/Page_Mad Irish Hacking Academy/a_Resources' is clicked on

2019-10-22 13:10:36 - [TEST_STEP][PASSED] - verifyTextPresent("Resources", false): Text 'Resources' is present on page 

2019-10-22 13:10:36 - [MESSAGE][PASSED] - Text 'Resources' is present on page 

2019-10-22 13:10:36 - [TEST_STEP][PASSED] - takeScreenshot(): Taking screenshot successfully

2019-10-22 13:10:37 - [MESSAGE][PASSED] - Taking screenshot successfully
[[ATTACHMENT|/Users/albert.woloszyn/Katalon Studio/showCaseDEASP/Reports/20191022_131016/showCaseTestSuite1/20191022_131016/1571746236924.png]]

2019-10-22 13:10:37 - [TEST_STEP][PASSED] - click(findTestObject("Object Repository/Page_Mad Irish Hacking Academy/a_Training")): Object: 'Object Repository/Page_Mad Irish Hacking Academy/a_Training' is clicked on

2019-10-22 13:10:37 - [MESSAGE][PASSED] - Object: 'Object Repository/Page_Mad Irish Hacking Academy/a_Training' is clicked on

2019-10-22 13:10:37 - [TEST_STEP][PASSED] - verifyTextPresent("Training", false): Text 'Training' is present on page 

2019-10-22 13:10:37 - [MESSAGE][PASSED] - Text 'Training' is present on page 

2019-10-22 13:10:37 - [TEST_STEP][PASSED] - takeScreenshot(): Taking screenshot successfully

2019-10-22 13:10:37 - [MESSAGE][PASSED] - Taking screenshot successfully
[[ATTACHMENT|/Users/albert.woloszyn/Katalon Studio/showCaseDEASP/Reports/20191022_131016/showCaseTestSuite1/20191022_131016/1571746237350.png]]

2019-10-22 13:10:37 - [TEST_STEP][PASSED] - click(findTestObject("Object Repository/Page_Mad Irish Hacking Academy/a_Resources")): Object: 'Object Repository/Page_Mad Irish Hacking Academy/a_Resources' is clicked on

2019-10-22 13:10:37 - [MESSAGE][PASSED] - Object: 'Object Repository/Page_Mad Irish Hacking Academy/a_Resources' is clicked on

2019-10-22 13:10:37 - [TEST_STEP][PASSED] - takeScreenshot(): Taking screenshot successfully

2019-10-22 13:10:37 - [MESSAGE][PASSED] - Taking screenshot successfully
[[ATTACHMENT|/Users/albert.woloszyn/Katalon Studio/showCaseDEASP/Reports/20191022_131016/showCaseTestSuite1/20191022_131016/1571746237749.png]]

2019-10-22 13:10:37 - [TEST_STEP][PASSED] - click(findTestObject("Object Repository/Page_Mad Irish Hacking Academy/a_Reading")): Object: 'Object Repository/Page_Mad Irish Hacking Academy/a_Reading' is clicked on

2019-10-22 13:10:38 - [MESSAGE][PASSED] - Object: 'Object Repository/Page_Mad Irish Hacking Academy/a_Reading' is clicked on

2019-10-22 13:10:38 - [TEST_STEP][PASSED] - click(findTestObject("Object Repository/Page_Mad Irish Hacking Academy/a_Resources")): Object: 'Object Repository/Page_Mad Irish Hacking Academy/a_Resources' is clicked on

2019-10-22 13:10:38 - [MESSAGE][PASSED] - Object: 'Object Repository/Page_Mad Irish Hacking Academy/a_Resources' is clicked on

2019-10-22 13:10:38 - [TEST_STEP][PASSED] - click(findTestObject("Object Repository/Page_Mad Irish Hacking Academy/a_Newsletter")): Object: 'Object Repository/Page_Mad Irish Hacking Academy/a_Newsletter' is clicked on

2019-10-22 13:10:38 - [MESSAGE][PASSED] - Object: 'Object Repository/Page_Mad Irish Hacking Academy/a_Newsletter' is clicked on

2019-10-22 13:10:38 - [TEST_STEP][PASSED] - click(findTestObject("Object Repository/Page_Mad Irish Hacking Academy/a_Resources")): Object: 'Object Repository/Page_Mad Irish Hacking Academy/a_Resources' is clicked on

2019-10-22 13:10:38 - [MESSAGE][PASSED] - Object: 'Object Repository/Page_Mad Irish Hacking Academy/a_Resources' is clicked on

2019-10-22 13:10:38 - [TEST_STEP][PASSED] - click(findTestObject("Object Repository/Page_Mad Irish Hacking Academy/a_Create account")): Object: 'Object Repository/Page_Mad Irish Hacking Academy/a_Create account' is clicked on

2019-10-22 13:10:38 - [MESSAGE][PASSED] - Object: 'Object Repository/Page_Mad Irish Hacking Academy/a_Create account' is clicked on

2019-10-22 13:10:38 - [TEST_STEP][PASSED] - setText(findTestObject("Object Repository/Page_Mad Irish Hacking Academy/input_Create account_username"), "test123@welfare.ie"): Text 'test123@welfare.ie' is set on object 'Object Repository/Page_Mad Irish Hacking Academy/input_Create account_username'

2019-10-22 13:10:39 - [MESSAGE][PASSED] - Text 'test123@welfare.ie' is set on object 'Object Repository/Page_Mad Irish Hacking Academy/input_Create account_username'

2019-10-22 13:10:39 - [TEST_STEP][PASSED] - setEncryptedText(findTestObject("Object Repository/Page_Mad Irish Hacking Academy/input_Create account_password"), "qP8g4ZP8zmxOyEuCUr69QQ=="): Text ****** has been set on object 'Object Repository/Page_Mad Irish Hacking Academy/input_Create account_password'

2019-10-22 13:10:39 - [MESSAGE][PASSED] - Text ****** has been set on object 'Object Repository/Page_Mad Irish Hacking Academy/input_Create account_password'

2019-10-22 13:10:39 - [TEST_STEP][PASSED] - click(findTestObject("Object Repository/Page_Mad Irish Hacking Academy/button_Sign in")): Object: 'Object Repository/Page_Mad Irish Hacking Academy/button_Sign in' is clicked on

2019-10-22 13:10:39 - [MESSAGE][PASSED] - Object: 'Object Repository/Page_Mad Irish Hacking Academy/button_Sign in' is clicked on

2019-10-22 13:10:39 - [TEST_STEP][PASSED] - setText(findTestObject("Object Repository/Page_Mad Irish Hacking Academy/input_Email_email"), "test@welfare.ie"): Text 'test@welfare.ie' is set on object 'Object Repository/Page_Mad Irish Hacking Academy/input_Email_email'

2019-10-22 13:10:39 - [MESSAGE][PASSED] - Text 'test@welfare.ie' is set on object 'Object Repository/Page_Mad Irish Hacking Academy/input_Email_email'

2019-10-22 13:10:39 - [TEST_STEP][PASSED] - setEncryptedText(findTestObject("Object Repository/Page_Mad Irish Hacking Academy/input_Password_password"), "Wt9tj4kC2zrPXzAR6+1IxQ=="): Text ****** has been set on object 'Object Repository/Page_Mad Irish Hacking Academy/input_Password_password'

2019-10-22 13:10:39 - [MESSAGE][PASSED] - Text ****** has been set on object 'Object Repository/Page_Mad Irish Hacking Academy/input_Password_password'

2019-10-22 13:10:39 - [TEST_STEP][PASSED] - click(findTestObject("Object Repository/Page_Mad Irish Hacking Academy/button_Register")): Object: 'Object Repository/Page_Mad Irish Hacking Academy/button_Register' is clicked on

2019-10-22 13:10:39 - [MESSAGE][PASSED] - Object: 'Object Repository/Page_Mad Irish Hacking Academy/button_Register' is clicked on

2019-10-22 13:10:39 - [TEST_STEP][PASSED] - closeBrowser(): Browser is closed

2019-10-22 13:10:42 - [MESSAGE][PASSED] - Browser is closed</system-out>
            <system-err></system-err>
        </testcase>
        <testcase name="Test Cases/QuickHandsOnTestCase4" classname="Test Cases/QuickHandsOnTestCase4" status="PASSED">
            <system-out>2019-10-22 13:10:42 - [TEST_CASE][PASSED] - Test Cases/QuickHandsOnTestCase4: Test Cases/QuickHandsOnTestCase4

2019-10-22 13:10:42 - [TEST_STEP][PASSED] - openBrowser(""): Browser is opened with url: ''

2019-10-22 13:10:42 - [MESSAGE][INFO] - Starting 'Firefox' driver

2019-10-22 13:10:45 - [MESSAGE][PASSED] - Browser is opened with url: ''

2019-10-22 13:10:45 - [TEST_STEP][PASSED] - navigateToUrl("http://192.168.56.101/"): Navigate to 'http://192.168.56.101/' successfully

2019-10-22 13:10:45 - [MESSAGE][PASSED] - Navigate to 'http://192.168.56.101/' successfully

2019-10-22 13:10:45 - [TEST_STEP][PASSED] - click(findTestObject("Object Repository/Page_Mad Irish Hacking Academy/a_Contact")): Object: 'Object Repository/Page_Mad Irish Hacking Academy/a_Contact' is clicked on

2019-10-22 13:10:45 - [MESSAGE][PASSED] - Object: 'Object Repository/Page_Mad Irish Hacking Academy/a_Contact' is clicked on

2019-10-22 13:10:45 - [TEST_STEP][PASSED] - verifyTextPresent("Contact", false): Text 'Contact' is present on page 

2019-10-22 13:10:45 - [MESSAGE][PASSED] - Text 'Contact' is present on page 

2019-10-22 13:10:45 - [TEST_STEP][PASSED] - takeScreenshot(): Taking screenshot successfully

2019-10-22 13:10:45 - [MESSAGE][PASSED] - Taking screenshot successfully
[[ATTACHMENT|/Users/albert.woloszyn/Katalon Studio/showCaseDEASP/Reports/20191022_131016/showCaseTestSuite1/20191022_131016/1571746245834.png]]

2019-10-22 13:10:45 - [TEST_STEP][PASSED] - click(findTestObject("Object Repository/Page_Mad Irish Hacking Academy/a_Resources")): Object: 'Object Repository/Page_Mad Irish Hacking Academy/a_Resources' is clicked on

2019-10-22 13:10:46 - [MESSAGE][PASSED] - Object: 'Object Repository/Page_Mad Irish Hacking Academy/a_Resources' is clicked on

2019-10-22 13:10:46 - [TEST_STEP][PASSED] - verifyTextPresent("Resources", false): Text 'Resources' is present on page 

2019-10-22 13:10:46 - [MESSAGE][PASSED] - Text 'Resources' is present on page 

2019-10-22 13:10:46 - [TEST_STEP][PASSED] - takeScreenshot(): Taking screenshot successfully

2019-10-22 13:10:46 - [MESSAGE][PASSED] - Taking screenshot successfully
[[ATTACHMENT|/Users/albert.woloszyn/Katalon Studio/showCaseDEASP/Reports/20191022_131016/showCaseTestSuite1/20191022_131016/1571746246325.png]]

2019-10-22 13:10:46 - [TEST_STEP][PASSED] - click(findTestObject("Object Repository/Page_Mad Irish Hacking Academy/a_Training")): Object: 'Object Repository/Page_Mad Irish Hacking Academy/a_Training' is clicked on

2019-10-22 13:10:46 - [MESSAGE][PASSED] - Object: 'Object Repository/Page_Mad Irish Hacking Academy/a_Training' is clicked on

2019-10-22 13:10:46 - [TEST_STEP][PASSED] - verifyTextPresent("Training", false): Text 'Training' is present on page 

2019-10-22 13:10:46 - [MESSAGE][PASSED] - Text 'Training' is present on page 

2019-10-22 13:10:46 - [TEST_STEP][PASSED] - takeScreenshot(): Taking screenshot successfully

2019-10-22 13:10:46 - [MESSAGE][PASSED] - Taking screenshot successfully
[[ATTACHMENT|/Users/albert.woloszyn/Katalon Studio/showCaseDEASP/Reports/20191022_131016/showCaseTestSuite1/20191022_131016/1571746246812.png]]

2019-10-22 13:10:46 - [TEST_STEP][PASSED] - click(findTestObject("Object Repository/Page_Mad Irish Hacking Academy/a_Resources")): Object: 'Object Repository/Page_Mad Irish Hacking Academy/a_Resources' is clicked on

2019-10-22 13:10:47 - [MESSAGE][PASSED] - Object: 'Object Repository/Page_Mad Irish Hacking Academy/a_Resources' is clicked on

2019-10-22 13:10:47 - [TEST_STEP][PASSED] - takeScreenshot(): Taking screenshot successfully

2019-10-22 13:10:47 - [MESSAGE][PASSED] - Taking screenshot successfully
[[ATTACHMENT|/Users/albert.woloszyn/Katalon Studio/showCaseDEASP/Reports/20191022_131016/showCaseTestSuite1/20191022_131016/1571746247190.png]]

2019-10-22 13:10:47 - [TEST_STEP][PASSED] - click(findTestObject("Object Repository/Page_Mad Irish Hacking Academy/a_Reading")): Object: 'Object Repository/Page_Mad Irish Hacking Academy/a_Reading' is clicked on

2019-10-22 13:10:47 - [MESSAGE][PASSED] - Object: 'Object Repository/Page_Mad Irish Hacking Academy/a_Reading' is clicked on

2019-10-22 13:10:47 - [TEST_STEP][PASSED] - click(findTestObject("Object Repository/Page_Mad Irish Hacking Academy/a_Resources")): Object: 'Object Repository/Page_Mad Irish Hacking Academy/a_Resources' is clicked on

2019-10-22 13:10:47 - [MESSAGE][PASSED] - Object: 'Object Repository/Page_Mad Irish Hacking Academy/a_Resources' is clicked on

2019-10-22 13:10:47 - [TEST_STEP][PASSED] - click(findTestObject("Object Repository/Page_Mad Irish Hacking Academy/a_Newsletter")): Object: 'Object Repository/Page_Mad Irish Hacking Academy/a_Newsletter' is clicked on

2019-10-22 13:10:48 - [MESSAGE][PASSED] - Object: 'Object Repository/Page_Mad Irish Hacking Academy/a_Newsletter' is clicked on

2019-10-22 13:10:48 - [TEST_STEP][PASSED] - click(findTestObject("Object Repository/Page_Mad Irish Hacking Academy/a_Resources")): Object: 'Object Repository/Page_Mad Irish Hacking Academy/a_Resources' is clicked on

2019-10-22 13:10:48 - [MESSAGE][PASSED] - Object: 'Object Repository/Page_Mad Irish Hacking Academy/a_Resources' is clicked on

2019-10-22 13:10:48 - [TEST_STEP][PASSED] - click(findTestObject("Object Repository/Page_Mad Irish Hacking Academy/a_Create account")): Object: 'Object Repository/Page_Mad Irish Hacking Academy/a_Create account' is clicked on

2019-10-22 13:10:48 - [MESSAGE][PASSED] - Object: 'Object Repository/Page_Mad Irish Hacking Academy/a_Create account' is clicked on

2019-10-22 13:10:48 - [TEST_STEP][PASSED] - setText(findTestObject("Object Repository/Page_Mad Irish Hacking Academy/input_Create account_username"), "test123@welfare.ie"): Text 'test123@welfare.ie' is set on object 'Object Repository/Page_Mad Irish Hacking Academy/input_Create account_username'

2019-10-22 13:10:48 - [MESSAGE][PASSED] - Text 'test123@welfare.ie' is set on object 'Object Repository/Page_Mad Irish Hacking Academy/input_Create account_username'

2019-10-22 13:10:48 - [TEST_STEP][PASSED] - setEncryptedText(findTestObject("Object Repository/Page_Mad Irish Hacking Academy/input_Create account_password"), "qP8g4ZP8zmxOyEuCUr69QQ=="): Text ****** has been set on object 'Object Repository/Page_Mad Irish Hacking Academy/input_Create account_password'

2019-10-22 13:10:48 - [MESSAGE][PASSED] - Text ****** has been set on object 'Object Repository/Page_Mad Irish Hacking Academy/input_Create account_password'

2019-10-22 13:10:48 - [TEST_STEP][PASSED] - click(findTestObject("Object Repository/Page_Mad Irish Hacking Academy/button_Sign in")): Object: 'Object Repository/Page_Mad Irish Hacking Academy/button_Sign in' is clicked on

2019-10-22 13:10:49 - [MESSAGE][PASSED] - Object: 'Object Repository/Page_Mad Irish Hacking Academy/button_Sign in' is clicked on

2019-10-22 13:10:49 - [TEST_STEP][PASSED] - setText(findTestObject("Object Repository/Page_Mad Irish Hacking Academy/input_Email_email"), "test@welfare.ie"): Text 'test@welfare.ie' is set on object 'Object Repository/Page_Mad Irish Hacking Academy/input_Email_email'

2019-10-22 13:10:49 - [MESSAGE][PASSED] - Text 'test@welfare.ie' is set on object 'Object Repository/Page_Mad Irish Hacking Academy/input_Email_email'

2019-10-22 13:10:49 - [TEST_STEP][PASSED] - setEncryptedText(findTestObject("Object Repository/Page_Mad Irish Hacking Academy/input_Password_password"), "Wt9tj4kC2zrPXzAR6+1IxQ=="): Text ****** has been set on object 'Object Repository/Page_Mad Irish Hacking Academy/input_Password_password'

2019-10-22 13:10:49 - [MESSAGE][PASSED] - Text ****** has been set on object 'Object Repository/Page_Mad Irish Hacking Academy/input_Password_password'

2019-10-22 13:10:49 - [TEST_STEP][PASSED] - click(findTestObject("Object Repository/Page_Mad Irish Hacking Academy/button_Register")): Object: 'Object Repository/Page_Mad Irish Hacking Academy/button_Register' is clicked on

2019-10-22 13:10:49 - [MESSAGE][PASSED] - Object: 'Object Repository/Page_Mad Irish Hacking Academy/button_Register' is clicked on

2019-10-22 13:10:49 - [TEST_STEP][PASSED] - closeBrowser(): Browser is closed

2019-10-22 13:10:51 - [MESSAGE][PASSED] - Browser is closed</system-out>
            <system-err></system-err>
        </testcase>
        <testcase name="Test Cases/QuickHandsOnTestCase10" classname="Test Cases/QuickHandsOnTestCase10" status="PASSED">
            <system-out>2019-10-22 13:10:51 - [TEST_CASE][PASSED] - Test Cases/QuickHandsOnTestCase10: Test Cases/QuickHandsOnTestCase10

2019-10-22 13:10:51 - [TEST_STEP][PASSED] - openBrowser(""): Browser is opened with url: ''

2019-10-22 13:10:51 - [MESSAGE][INFO] - Starting 'Firefox' driver

2019-10-22 13:10:53 - [MESSAGE][PASSED] - Browser is opened with url: ''

2019-10-22 13:10:53 - [TEST_STEP][PASSED] - navigateToUrl("http://192.168.56.101/"): Navigate to 'http://192.168.56.101/' successfully

2019-10-22 13:10:54 - [MESSAGE][PASSED] - Navigate to 'http://192.168.56.101/' successfully

2019-10-22 13:10:54 - [TEST_STEP][PASSED] - click(findTestObject("Object Repository/Page_Mad Irish Hacking Academy/a_Contact")): Object: 'Object Repository/Page_Mad Irish Hacking Academy/a_Contact' is clicked on

2019-10-22 13:10:54 - [MESSAGE][PASSED] - Object: 'Object Repository/Page_Mad Irish Hacking Academy/a_Contact' is clicked on

2019-10-22 13:10:54 - [TEST_STEP][PASSED] - verifyTextPresent("Contact", false): Text 'Contact' is present on page 

2019-10-22 13:10:54 - [MESSAGE][PASSED] - Text 'Contact' is present on page 

2019-10-22 13:10:54 - [TEST_STEP][PASSED] - takeScreenshot(): Taking screenshot successfully

2019-10-22 13:10:54 - [MESSAGE][PASSED] - Taking screenshot successfully
[[ATTACHMENT|/Users/albert.woloszyn/Katalon Studio/showCaseDEASP/Reports/20191022_131016/showCaseTestSuite1/20191022_131016/1571746254626.png]]

2019-10-22 13:10:54 - [TEST_STEP][PASSED] - click(findTestObject("Object Repository/Page_Mad Irish Hacking Academy/a_Resources")): Object: 'Object Repository/Page_Mad Irish Hacking Academy/a_Resources' is clicked on

2019-10-22 13:10:55 - [MESSAGE][PASSED] - Object: 'Object Repository/Page_Mad Irish Hacking Academy/a_Resources' is clicked on

2019-10-22 13:10:55 - [TEST_STEP][PASSED] - verifyTextPresent("Resources", false): Text 'Resources' is present on page 

2019-10-22 13:10:55 - [MESSAGE][PASSED] - Text 'Resources' is present on page 

2019-10-22 13:10:55 - [TEST_STEP][PASSED] - takeScreenshot(): Taking screenshot successfully

2019-10-22 13:10:55 - [MESSAGE][PASSED] - Taking screenshot successfully
[[ATTACHMENT|/Users/albert.woloszyn/Katalon Studio/showCaseDEASP/Reports/20191022_131016/showCaseTestSuite1/20191022_131016/1571746255102.png]]

2019-10-22 13:10:55 - [TEST_STEP][PASSED] - click(findTestObject("Object Repository/Page_Mad Irish Hacking Academy/a_Training")): Object: 'Object Repository/Page_Mad Irish Hacking Academy/a_Training' is clicked on

2019-10-22 13:10:55 - [MESSAGE][PASSED] - Object: 'Object Repository/Page_Mad Irish Hacking Academy/a_Training' is clicked on

2019-10-22 13:10:55 - [TEST_STEP][PASSED] - verifyTextPresent("Training", false): Text 'Training' is present on page 

2019-10-22 13:10:55 - [MESSAGE][PASSED] - Text 'Training' is present on page 

2019-10-22 13:10:55 - [TEST_STEP][PASSED] - takeScreenshot(): Taking screenshot successfully

2019-10-22 13:10:55 - [MESSAGE][PASSED] - Taking screenshot successfully
[[ATTACHMENT|/Users/albert.woloszyn/Katalon Studio/showCaseDEASP/Reports/20191022_131016/showCaseTestSuite1/20191022_131016/1571746255505.png]]

2019-10-22 13:10:55 - [TEST_STEP][PASSED] - click(findTestObject("Object Repository/Page_Mad Irish Hacking Academy/a_Resources")): Object: 'Object Repository/Page_Mad Irish Hacking Academy/a_Resources' is clicked on

2019-10-22 13:10:55 - [MESSAGE][PASSED] - Object: 'Object Repository/Page_Mad Irish Hacking Academy/a_Resources' is clicked on

2019-10-22 13:10:55 - [TEST_STEP][PASSED] - takeScreenshot(): Taking screenshot successfully

2019-10-22 13:10:56 - [MESSAGE][PASSED] - Taking screenshot successfully
[[ATTACHMENT|/Users/albert.woloszyn/Katalon Studio/showCaseDEASP/Reports/20191022_131016/showCaseTestSuite1/20191022_131016/1571746255891.png]]

2019-10-22 13:10:56 - [TEST_STEP][PASSED] - click(findTestObject("Object Repository/Page_Mad Irish Hacking Academy/a_Reading")): Object: 'Object Repository/Page_Mad Irish Hacking Academy/a_Reading' is clicked on

2019-10-22 13:10:56 - [MESSAGE][PASSED] - Object: 'Object Repository/Page_Mad Irish Hacking Academy/a_Reading' is clicked on

2019-10-22 13:10:56 - [TEST_STEP][PASSED] - click(findTestObject("Object Repository/Page_Mad Irish Hacking Academy/a_Resources")): Object: 'Object Repository/Page_Mad Irish Hacking Academy/a_Resources' is clicked on

2019-10-22 13:10:56 - [MESSAGE][PASSED] - Object: 'Object Repository/Page_Mad Irish Hacking Academy/a_Resources' is clicked on

2019-10-22 13:10:56 - [TEST_STEP][PASSED] - click(findTestObject("Object Repository/Page_Mad Irish Hacking Academy/a_Newsletter")): Object: 'Object Repository/Page_Mad Irish Hacking Academy/a_Newsletter' is clicked on

2019-10-22 13:10:56 - [MESSAGE][PASSED] - Object: 'Object Repository/Page_Mad Irish Hacking Academy/a_Newsletter' is clicked on

2019-10-22 13:10:56 - [TEST_STEP][PASSED] - click(findTestObject("Object Repository/Page_Mad Irish Hacking Academy/a_Resources")): Object: 'Object Repository/Page_Mad Irish Hacking Academy/a_Resources' is clicked on

2019-10-22 13:10:56 - [MESSAGE][PASSED] - Object: 'Object Repository/Page_Mad Irish Hacking Academy/a_Resources' is clicked on

2019-10-22 13:10:56 - [TEST_STEP][PASSED] - click(findTestObject("Object Repository/Page_Mad Irish Hacking Academy/a_Create account")): Object: 'Object Repository/Page_Mad Irish Hacking Academy/a_Create account' is clicked on

2019-10-22 13:10:57 - [MESSAGE][PASSED] - Object: 'Object Repository/Page_Mad Irish Hacking Academy/a_Create account' is clicked on

2019-10-22 13:10:57 - [TEST_STEP][PASSED] - setText(findTestObject("Object Repository/Page_Mad Irish Hacking Academy/input_Create account_username"), "test123@welfare.ie"): Text 'test123@welfare.ie' is set on object 'Object Repository/Page_Mad Irish Hacking Academy/input_Create account_username'

2019-10-22 13:10:57 - [MESSAGE][PASSED] - Text 'test123@welfare.ie' is set on object 'Object Repository/Page_Mad Irish Hacking Academy/input_Create account_username'

2019-10-22 13:10:57 - [TEST_STEP][PASSED] - setEncryptedText(findTestObject("Object Repository/Page_Mad Irish Hacking Academy/input_Create account_password"), "qP8g4ZP8zmxOyEuCUr69QQ=="): Text ****** has been set on object 'Object Repository/Page_Mad Irish Hacking Academy/input_Create account_password'

2019-10-22 13:10:57 - [MESSAGE][PASSED] - Text ****** has been set on object 'Object Repository/Page_Mad Irish Hacking Academy/input_Create account_password'

2019-10-22 13:10:57 - [TEST_STEP][PASSED] - click(findTestObject("Object Repository/Page_Mad Irish Hacking Academy/button_Sign in")): Object: 'Object Repository/Page_Mad Irish Hacking Academy/button_Sign in' is clicked on

2019-10-22 13:10:57 - [MESSAGE][PASSED] - Object: 'Object Repository/Page_Mad Irish Hacking Academy/button_Sign in' is clicked on

2019-10-22 13:10:57 - [TEST_STEP][PASSED] - setText(findTestObject("Object Repository/Page_Mad Irish Hacking Academy/input_Email_email"), "test@welfare.ie"): Text 'test@welfare.ie' is set on object 'Object Repository/Page_Mad Irish Hacking Academy/input_Email_email'

2019-10-22 13:10:57 - [MESSAGE][PASSED] - Text 'test@welfare.ie' is set on object 'Object Repository/Page_Mad Irish Hacking Academy/input_Email_email'

2019-10-22 13:10:57 - [TEST_STEP][PASSED] - setEncryptedText(findTestObject("Object Repository/Page_Mad Irish Hacking Academy/input_Password_password"), "Wt9tj4kC2zrPXzAR6+1IxQ=="): Text ****** has been set on object 'Object Repository/Page_Mad Irish Hacking Academy/input_Password_password'

2019-10-22 13:10:57 - [MESSAGE][PASSED] - Text ****** has been set on object 'Object Repository/Page_Mad Irish Hacking Academy/input_Password_password'

2019-10-22 13:10:57 - [TEST_STEP][PASSED] - click(findTestObject("Object Repository/Page_Mad Irish Hacking Academy/button_Register")): Object: 'Object Repository/Page_Mad Irish Hacking Academy/button_Register' is clicked on

2019-10-22 13:10:57 - [MESSAGE][PASSED] - Object: 'Object Repository/Page_Mad Irish Hacking Academy/button_Register' is clicked on

2019-10-22 13:10:57 - [TEST_STEP][PASSED] - closeBrowser(): Browser is closed

2019-10-22 13:11:00 - [MESSAGE][PASSED] - Browser is closed</system-out>
            <system-err></system-err>
        </testcase>
        <testcase name="Test Cases/QuickHandsOnTestCase8" classname="Test Cases/QuickHandsOnTestCase8" status="PASSED">
            <system-out>2019-10-22 13:11:00 - [TEST_CASE][PASSED] - Test Cases/QuickHandsOnTestCase8: Test Cases/QuickHandsOnTestCase8

2019-10-22 13:11:00 - [TEST_STEP][PASSED] - openBrowser(""): Browser is opened with url: ''

2019-10-22 13:11:00 - [MESSAGE][INFO] - Starting 'Firefox' driver

2019-10-22 13:11:02 - [MESSAGE][PASSED] - Browser is opened with url: ''

2019-10-22 13:11:02 - [TEST_STEP][PASSED] - navigateToUrl("http://192.168.56.101/"): Navigate to 'http://192.168.56.101/' successfully

2019-10-22 13:11:03 - [MESSAGE][PASSED] - Navigate to 'http://192.168.56.101/' successfully

2019-10-22 13:11:03 - [TEST_STEP][PASSED] - click(findTestObject("Object Repository/Page_Mad Irish Hacking Academy/a_Contact")): Object: 'Object Repository/Page_Mad Irish Hacking Academy/a_Contact' is clicked on

2019-10-22 13:11:03 - [MESSAGE][PASSED] - Object: 'Object Repository/Page_Mad Irish Hacking Academy/a_Contact' is clicked on

2019-10-22 13:11:03 - [TEST_STEP][PASSED] - verifyTextPresent("Contact", false): Text 'Contact' is present on page 

2019-10-22 13:11:03 - [MESSAGE][PASSED] - Text 'Contact' is present on page 

2019-10-22 13:11:03 - [TEST_STEP][PASSED] - takeScreenshot(): Taking screenshot successfully

2019-10-22 13:11:03 - [MESSAGE][PASSED] - Taking screenshot successfully
[[ATTACHMENT|/Users/albert.woloszyn/Katalon Studio/showCaseDEASP/Reports/20191022_131016/showCaseTestSuite1/20191022_131016/1571746263775.png]]

2019-10-22 13:11:03 - [TEST_STEP][PASSED] - click(findTestObject("Object Repository/Page_Mad Irish Hacking Academy/a_Resources")): Object: 'Object Repository/Page_Mad Irish Hacking Academy/a_Resources' is clicked on

2019-10-22 13:11:04 - [MESSAGE][PASSED] - Object: 'Object Repository/Page_Mad Irish Hacking Academy/a_Resources' is clicked on

2019-10-22 13:11:04 - [TEST_STEP][PASSED] - verifyTextPresent("Resources", false): Text 'Resources' is present on page 

2019-10-22 13:11:04 - [MESSAGE][PASSED] - Text 'Resources' is present on page 

2019-10-22 13:11:04 - [TEST_STEP][PASSED] - takeScreenshot(): Taking screenshot successfully

2019-10-22 13:11:04 - [MESSAGE][PASSED] - Taking screenshot successfully
[[ATTACHMENT|/Users/albert.woloszyn/Katalon Studio/showCaseDEASP/Reports/20191022_131016/showCaseTestSuite1/20191022_131016/1571746264272.png]]

2019-10-22 13:11:04 - [TEST_STEP][PASSED] - click(findTestObject("Object Repository/Page_Mad Irish Hacking Academy/a_Training")): Object: 'Object Repository/Page_Mad Irish Hacking Academy/a_Training' is clicked on

2019-10-22 13:11:04 - [MESSAGE][PASSED] - Object: 'Object Repository/Page_Mad Irish Hacking Academy/a_Training' is clicked on

2019-10-22 13:11:04 - [TEST_STEP][PASSED] - verifyTextPresent("Training", false): Text 'Training' is present on page 

2019-10-22 13:11:04 - [MESSAGE][PASSED] - Text 'Training' is present on page 

2019-10-22 13:11:04 - [TEST_STEP][PASSED] - takeScreenshot(): Taking screenshot successfully

2019-10-22 13:11:04 - [MESSAGE][PASSED] - Taking screenshot successfully
[[ATTACHMENT|/Users/albert.woloszyn/Katalon Studio/showCaseDEASP/Reports/20191022_131016/showCaseTestSuite1/20191022_131016/1571746264677.png]]

2019-10-22 13:11:04 - [TEST_STEP][PASSED] - click(findTestObject("Object Repository/Page_Mad Irish Hacking Academy/a_Resources")): Object: 'Object Repository/Page_Mad Irish Hacking Academy/a_Resources' is clicked on

2019-10-22 13:11:05 - [MESSAGE][PASSED] - Object: 'Object Repository/Page_Mad Irish Hacking Academy/a_Resources' is clicked on

2019-10-22 13:11:05 - [TEST_STEP][PASSED] - takeScreenshot(): Taking screenshot successfully

2019-10-22 13:11:05 - [MESSAGE][PASSED] - Taking screenshot successfully
[[ATTACHMENT|/Users/albert.woloszyn/Katalon Studio/showCaseDEASP/Reports/20191022_131016/showCaseTestSuite1/20191022_131016/1571746265113.png]]

2019-10-22 13:11:05 - [TEST_STEP][PASSED] - click(findTestObject("Object Repository/Page_Mad Irish Hacking Academy/a_Reading")): Object: 'Object Repository/Page_Mad Irish Hacking Academy/a_Reading' is clicked on

2019-10-22 13:11:05 - [MESSAGE][PASSED] - Object: 'Object Repository/Page_Mad Irish Hacking Academy/a_Reading' is clicked on

2019-10-22 13:11:05 - [TEST_STEP][PASSED] - click(findTestObject("Object Repository/Page_Mad Irish Hacking Academy/a_Resources")): Object: 'Object Repository/Page_Mad Irish Hacking Academy/a_Resources' is clicked on

2019-10-22 13:11:05 - [MESSAGE][PASSED] - Object: 'Object Repository/Page_Mad Irish Hacking Academy/a_Resources' is clicked on

2019-10-22 13:11:05 - [TEST_STEP][PASSED] - click(findTestObject("Object Repository/Page_Mad Irish Hacking Academy/a_Newsletter")): Object: 'Object Repository/Page_Mad Irish Hacking Academy/a_Newsletter' is clicked on

2019-10-22 13:11:05 - [MESSAGE][PASSED] - Object: 'Object Repository/Page_Mad Irish Hacking Academy/a_Newsletter' is clicked on

2019-10-22 13:11:05 - [TEST_STEP][PASSED] - click(findTestObject("Object Repository/Page_Mad Irish Hacking Academy/a_Resources")): Object: 'Object Repository/Page_Mad Irish Hacking Academy/a_Resources' is clicked on

2019-10-22 13:11:06 - [MESSAGE][PASSED] - Object: 'Object Repository/Page_Mad Irish Hacking Academy/a_Resources' is clicked on

2019-10-22 13:11:06 - [TEST_STEP][PASSED] - click(findTestObject("Object Repository/Page_Mad Irish Hacking Academy/a_Create account")): Object: 'Object Repository/Page_Mad Irish Hacking Academy/a_Create account' is clicked on

2019-10-22 13:11:06 - [MESSAGE][PASSED] - Object: 'Object Repository/Page_Mad Irish Hacking Academy/a_Create account' is clicked on

2019-10-22 13:11:06 - [TEST_STEP][PASSED] - setText(findTestObject("Object Repository/Page_Mad Irish Hacking Academy/input_Create account_username"), "test123@welfare.ie"): Text 'test123@welfare.ie' is set on object 'Object Repository/Page_Mad Irish Hacking Academy/input_Create account_username'

2019-10-22 13:11:06 - [MESSAGE][PASSED] - Text 'test123@welfare.ie' is set on object 'Object Repository/Page_Mad Irish Hacking Academy/input_Create account_username'

2019-10-22 13:11:06 - [TEST_STEP][PASSED] - setEncryptedText(findTestObject("Object Repository/Page_Mad Irish Hacking Academy/input_Create account_password"), "qP8g4ZP8zmxOyEuCUr69QQ=="): Text ****** has been set on object 'Object Repository/Page_Mad Irish Hacking Academy/input_Create account_password'

2019-10-22 13:11:06 - [MESSAGE][PASSED] - Text ****** has been set on object 'Object Repository/Page_Mad Irish Hacking Academy/input_Create account_password'

2019-10-22 13:11:06 - [TEST_STEP][PASSED] - click(findTestObject("Object Repository/Page_Mad Irish Hacking Academy/button_Sign in")): Object: 'Object Repository/Page_Mad Irish Hacking Academy/button_Sign in' is clicked on

2019-10-22 13:11:06 - [MESSAGE][PASSED] - Object: 'Object Repository/Page_Mad Irish Hacking Academy/button_Sign in' is clicked on

2019-10-22 13:11:06 - [TEST_STEP][PASSED] - setText(findTestObject("Object Repository/Page_Mad Irish Hacking Academy/input_Email_email"), "test@welfare.ie"): Text 'test@welfare.ie' is set on object 'Object Repository/Page_Mad Irish Hacking Academy/input_Email_email'

2019-10-22 13:11:06 - [MESSAGE][PASSED] - Text 'test@welfare.ie' is set on object 'Object Repository/Page_Mad Irish Hacking Academy/input_Email_email'

2019-10-22 13:11:06 - [TEST_STEP][PASSED] - setEncryptedText(findTestObject("Object Repository/Page_Mad Irish Hacking Academy/input_Password_password"), "Wt9tj4kC2zrPXzAR6+1IxQ=="): Text ****** has been set on object 'Object Repository/Page_Mad Irish Hacking Academy/input_Password_password'

2019-10-22 13:11:06 - [MESSAGE][PASSED] - Text ****** has been set on object 'Object Repository/Page_Mad Irish Hacking Academy/input_Password_password'

2019-10-22 13:11:06 - [TEST_STEP][PASSED] - click(findTestObject("Object Repository/Page_Mad Irish Hacking Academy/button_Register")): Object: 'Object Repository/Page_Mad Irish Hacking Academy/button_Register' is clicked on

2019-10-22 13:11:07 - [MESSAGE][PASSED] - Object: 'Object Repository/Page_Mad Irish Hacking Academy/button_Register' is clicked on

2019-10-22 13:11:07 - [TEST_STEP][PASSED] - closeBrowser(): Browser is closed

2019-10-22 13:11:08 - [MESSAGE][PASSED] - Browser is closed</system-out>
            <system-err></system-err>
        </testcase>
        <testcase name="Test Cases/QuickHandsOnTestCase9" classname="Test Cases/QuickHandsOnTestCase9" status="PASSED">
            <system-out>2019-10-22 13:11:08 - [TEST_CASE][PASSED] - Test Cases/QuickHandsOnTestCase9: Test Cases/QuickHandsOnTestCase9

2019-10-22 13:11:08 - [TEST_STEP][PASSED] - openBrowser(""): Browser is opened with url: ''

2019-10-22 13:11:08 - [MESSAGE][INFO] - Starting 'Firefox' driver

2019-10-22 13:11:11 - [MESSAGE][PASSED] - Browser is opened with url: ''

2019-10-22 13:11:11 - [TEST_STEP][PASSED] - navigateToUrl("http://192.168.56.101/"): Navigate to 'http://192.168.56.101/' successfully

2019-10-22 13:11:11 - [MESSAGE][PASSED] - Navigate to 'http://192.168.56.101/' successfully

2019-10-22 13:11:11 - [TEST_STEP][PASSED] - click(findTestObject("Object Repository/Page_Mad Irish Hacking Academy/a_Contact")): Object: 'Object Repository/Page_Mad Irish Hacking Academy/a_Contact' is clicked on

2019-10-22 13:11:11 - [MESSAGE][PASSED] - Object: 'Object Repository/Page_Mad Irish Hacking Academy/a_Contact' is clicked on

2019-10-22 13:11:11 - [TEST_STEP][PASSED] - verifyTextPresent("Contact", false): Text 'Contact' is present on page 

2019-10-22 13:11:12 - [MESSAGE][PASSED] - Text 'Contact' is present on page 

2019-10-22 13:11:12 - [TEST_STEP][PASSED] - takeScreenshot(): Taking screenshot successfully

2019-10-22 13:11:12 - [MESSAGE][PASSED] - Taking screenshot successfully
[[ATTACHMENT|/Users/albert.woloszyn/Katalon Studio/showCaseDEASP/Reports/20191022_131016/showCaseTestSuite1/20191022_131016/1571746272067.png]]

2019-10-22 13:11:12 - [TEST_STEP][PASSED] - click(findTestObject("Object Repository/Page_Mad Irish Hacking Academy/a_Resources")): Object: 'Object Repository/Page_Mad Irish Hacking Academy/a_Resources' is clicked on

2019-10-22 13:11:12 - [MESSAGE][PASSED] - Object: 'Object Repository/Page_Mad Irish Hacking Academy/a_Resources' is clicked on

2019-10-22 13:11:12 - [TEST_STEP][PASSED] - verifyTextPresent("Resources", false): Text 'Resources' is present on page 

2019-10-22 13:11:12 - [MESSAGE][PASSED] - Text 'Resources' is present on page 

2019-10-22 13:11:12 - [TEST_STEP][PASSED] - takeScreenshot(): Taking screenshot successfully

2019-10-22 13:11:12 - [MESSAGE][PASSED] - Taking screenshot successfully
[[ATTACHMENT|/Users/albert.woloszyn/Katalon Studio/showCaseDEASP/Reports/20191022_131016/showCaseTestSuite1/20191022_131016/1571746272555.png]]

2019-10-22 13:11:12 - [TEST_STEP][PASSED] - click(findTestObject("Object Repository/Page_Mad Irish Hacking Academy/a_Training")): Object: 'Object Repository/Page_Mad Irish Hacking Academy/a_Training' is clicked on

2019-10-22 13:11:12 - [MESSAGE][PASSED] - Object: 'Object Repository/Page_Mad Irish Hacking Academy/a_Training' is clicked on

2019-10-22 13:11:12 - [TEST_STEP][PASSED] - verifyTextPresent("Training", false): Text 'Training' is present on page 

2019-10-22 13:11:12 - [MESSAGE][PASSED] - Text 'Training' is present on page 

2019-10-22 13:11:12 - [TEST_STEP][PASSED] - takeScreenshot(): Taking screenshot successfully

2019-10-22 13:11:13 - [MESSAGE][PASSED] - Taking screenshot successfully
[[ATTACHMENT|/Users/albert.woloszyn/Katalon Studio/showCaseDEASP/Reports/20191022_131016/showCaseTestSuite1/20191022_131016/1571746272958.png]]

2019-10-22 13:11:13 - [TEST_STEP][PASSED] - click(findTestObject("Object Repository/Page_Mad Irish Hacking Academy/a_Resources")): Object: 'Object Repository/Page_Mad Irish Hacking Academy/a_Resources' is clicked on

2019-10-22 13:11:13 - [MESSAGE][PASSED] - Object: 'Object Repository/Page_Mad Irish Hacking Academy/a_Resources' is clicked on

2019-10-22 13:11:13 - [TEST_STEP][PASSED] - takeScreenshot(): Taking screenshot successfully

2019-10-22 13:11:13 - [MESSAGE][PASSED] - Taking screenshot successfully
[[ATTACHMENT|/Users/albert.woloszyn/Katalon Studio/showCaseDEASP/Reports/20191022_131016/showCaseTestSuite1/20191022_131016/1571746273375.png]]

2019-10-22 13:11:13 - [TEST_STEP][PASSED] - click(findTestObject("Object Repository/Page_Mad Irish Hacking Academy/a_Reading")): Object: 'Object Repository/Page_Mad Irish Hacking Academy/a_Reading' is clicked on

2019-10-22 13:11:13 - [MESSAGE][PASSED] - Object: 'Object Repository/Page_Mad Irish Hacking Academy/a_Reading' is clicked on

2019-10-22 13:11:13 - [TEST_STEP][PASSED] - click(findTestObject("Object Repository/Page_Mad Irish Hacking Academy/a_Resources")): Object: 'Object Repository/Page_Mad Irish Hacking Academy/a_Resources' is clicked on

2019-10-22 13:11:14 - [MESSAGE][PASSED] - Object: 'Object Repository/Page_Mad Irish Hacking Academy/a_Resources' is clicked on

2019-10-22 13:11:14 - [TEST_STEP][PASSED] - click(findTestObject("Object Repository/Page_Mad Irish Hacking Academy/a_Newsletter")): Object: 'Object Repository/Page_Mad Irish Hacking Academy/a_Newsletter' is clicked on

2019-10-22 13:11:14 - [MESSAGE][PASSED] - Object: 'Object Repository/Page_Mad Irish Hacking Academy/a_Newsletter' is clicked on

2019-10-22 13:11:14 - [TEST_STEP][PASSED] - click(findTestObject("Object Repository/Page_Mad Irish Hacking Academy/a_Resources")): Object: 'Object Repository/Page_Mad Irish Hacking Academy/a_Resources' is clicked on

2019-10-22 13:11:14 - [MESSAGE][PASSED] - Object: 'Object Repository/Page_Mad Irish Hacking Academy/a_Resources' is clicked on

2019-10-22 13:11:14 - [TEST_STEP][PASSED] - click(findTestObject("Object Repository/Page_Mad Irish Hacking Academy/a_Create account")): Object: 'Object Repository/Page_Mad Irish Hacking Academy/a_Create account' is clicked on

2019-10-22 13:11:14 - [MESSAGE][PASSED] - Object: 'Object Repository/Page_Mad Irish Hacking Academy/a_Create account' is clicked on

2019-10-22 13:11:14 - [TEST_STEP][PASSED] - setText(findTestObject("Object Repository/Page_Mad Irish Hacking Academy/input_Create account_username"), "test123@welfare.ie"): Text 'test123@welfare.ie' is set on object 'Object Repository/Page_Mad Irish Hacking Academy/input_Create account_username'

2019-10-22 13:11:14 - [MESSAGE][PASSED] - Text 'test123@welfare.ie' is set on object 'Object Repository/Page_Mad Irish Hacking Academy/input_Create account_username'

2019-10-22 13:11:14 - [TEST_STEP][PASSED] - setEncryptedText(findTestObject("Object Repository/Page_Mad Irish Hacking Academy/input_Create account_password"), "qP8g4ZP8zmxOyEuCUr69QQ=="): Text ****** has been set on object 'Object Repository/Page_Mad Irish Hacking Academy/input_Create account_password'

2019-10-22 13:11:14 - [MESSAGE][PASSED] - Text ****** has been set on object 'Object Repository/Page_Mad Irish Hacking Academy/input_Create account_password'

2019-10-22 13:11:14 - [TEST_STEP][PASSED] - click(findTestObject("Object Repository/Page_Mad Irish Hacking Academy/button_Sign in")): Object: 'Object Repository/Page_Mad Irish Hacking Academy/button_Sign in' is clicked on

2019-10-22 13:11:15 - [MESSAGE][PASSED] - Object: 'Object Repository/Page_Mad Irish Hacking Academy/button_Sign in' is clicked on

2019-10-22 13:11:15 - [TEST_STEP][PASSED] - setText(findTestObject("Object Repository/Page_Mad Irish Hacking Academy/input_Email_email"), "test@welfare.ie"): Text 'test@welfare.ie' is set on object 'Object Repository/Page_Mad Irish Hacking Academy/input_Email_email'

2019-10-22 13:11:15 - [MESSAGE][PASSED] - Text 'test@welfare.ie' is set on object 'Object Repository/Page_Mad Irish Hacking Academy/input_Email_email'

2019-10-22 13:11:15 - [TEST_STEP][PASSED] - setEncryptedText(findTestObject("Object Repository/Page_Mad Irish Hacking Academy/input_Password_password"), "Wt9tj4kC2zrPXzAR6+1IxQ=="): Text ****** has been set on object 'Object Repository/Page_Mad Irish Hacking Academy/input_Password_password'

2019-10-22 13:11:15 - [MESSAGE][PASSED] - Text ****** has been set on object 'Object Repository/Page_Mad Irish Hacking Academy/input_Password_password'

2019-10-22 13:11:15 - [TEST_STEP][PASSED] - click(findTestObject("Object Repository/Page_Mad Irish Hacking Academy/button_Register")): Object: 'Object Repository/Page_Mad Irish Hacking Academy/button_Register' is clicked on

2019-10-22 13:11:15 - [MESSAGE][PASSED] - Object: 'Object Repository/Page_Mad Irish Hacking Academy/button_Register' is clicked on

2019-10-22 13:11:15 - [TEST_STEP][PASSED] - closeBrowser(): Browser is closed

2019-10-22 13:11:18 - [MESSAGE][PASSED] - Browser is closed</system-out>
            <system-err></system-err>
        </testcase>
        <testcase name="Test Cases/QuickHandsOnTestCase6" classname="Test Cases/QuickHandsOnTestCase6" status="PASSED">
            <system-out>2019-10-22 13:11:18 - [TEST_CASE][PASSED] - Test Cases/QuickHandsOnTestCase6: Test Cases/QuickHandsOnTestCase6

2019-10-22 13:11:18 - [TEST_STEP][PASSED] - openBrowser(""): Browser is opened with url: ''

2019-10-22 13:11:18 - [MESSAGE][INFO] - Starting 'Firefox' driver

2019-10-22 13:11:20 - [MESSAGE][PASSED] - Browser is opened with url: ''

2019-10-22 13:11:20 - [TEST_STEP][PASSED] - navigateToUrl("http://192.168.56.101/"): Navigate to 'http://192.168.56.101/' successfully

2019-10-22 13:11:21 - [MESSAGE][PASSED] - Navigate to 'http://192.168.56.101/' successfully

2019-10-22 13:11:21 - [TEST_STEP][PASSED] - click(findTestObject("Object Repository/Page_Mad Irish Hacking Academy/a_Contact")): Object: 'Object Repository/Page_Mad Irish Hacking Academy/a_Contact' is clicked on

2019-10-22 13:11:21 - [MESSAGE][PASSED] - Object: 'Object Repository/Page_Mad Irish Hacking Academy/a_Contact' is clicked on

2019-10-22 13:11:21 - [TEST_STEP][PASSED] - verifyTextPresent("Contact", false): Text 'Contact' is present on page 

2019-10-22 13:11:21 - [MESSAGE][PASSED] - Text 'Contact' is present on page 

2019-10-22 13:11:21 - [TEST_STEP][PASSED] - takeScreenshot(): Taking screenshot successfully

2019-10-22 13:11:21 - [MESSAGE][PASSED] - Taking screenshot successfully
[[ATTACHMENT|/Users/albert.woloszyn/Katalon Studio/showCaseDEASP/Reports/20191022_131016/showCaseTestSuite1/20191022_131016/1571746281434.png]]

2019-10-22 13:11:21 - [TEST_STEP][PASSED] - click(findTestObject("Object Repository/Page_Mad Irish Hacking Academy/a_Resources")): Object: 'Object Repository/Page_Mad Irish Hacking Academy/a_Resources' is clicked on

2019-10-22 13:11:21 - [MESSAGE][PASSED] - Object: 'Object Repository/Page_Mad Irish Hacking Academy/a_Resources' is clicked on

2019-10-22 13:11:21 - [TEST_STEP][PASSED] - verifyTextPresent("Resources", false): Text 'Resources' is present on page 

2019-10-22 13:11:21 - [MESSAGE][PASSED] - Text 'Resources' is present on page 

2019-10-22 13:11:21 - [TEST_STEP][PASSED] - takeScreenshot(): Taking screenshot successfully

2019-10-22 13:11:22 - [MESSAGE][PASSED] - Taking screenshot successfully
[[ATTACHMENT|/Users/albert.woloszyn/Katalon Studio/showCaseDEASP/Reports/20191022_131016/showCaseTestSuite1/20191022_131016/1571746281918.png]]

2019-10-22 13:11:22 - [TEST_STEP][PASSED] - click(findTestObject("Object Repository/Page_Mad Irish Hacking Academy/a_Training")): Object: 'Object Repository/Page_Mad Irish Hacking Academy/a_Training' is clicked on

2019-10-22 13:11:22 - [MESSAGE][PASSED] - Object: 'Object Repository/Page_Mad Irish Hacking Academy/a_Training' is clicked on

2019-10-22 13:11:22 - [TEST_STEP][PASSED] - verifyTextPresent("Training", false): Text 'Training' is present on page 

2019-10-22 13:11:22 - [MESSAGE][PASSED] - Text 'Training' is present on page 

2019-10-22 13:11:22 - [TEST_STEP][PASSED] - takeScreenshot(): Taking screenshot successfully

2019-10-22 13:11:22 - [MESSAGE][PASSED] - Taking screenshot successfully
[[ATTACHMENT|/Users/albert.woloszyn/Katalon Studio/showCaseDEASP/Reports/20191022_131016/showCaseTestSuite1/20191022_131016/1571746282319.png]]

2019-10-22 13:11:22 - [TEST_STEP][PASSED] - click(findTestObject("Object Repository/Page_Mad Irish Hacking Academy/a_Resources")): Object: 'Object Repository/Page_Mad Irish Hacking Academy/a_Resources' is clicked on

2019-10-22 13:11:22 - [MESSAGE][PASSED] - Object: 'Object Repository/Page_Mad Irish Hacking Academy/a_Resources' is clicked on

2019-10-22 13:11:22 - [TEST_STEP][PASSED] - takeScreenshot(): Taking screenshot successfully

2019-10-22 13:11:22 - [MESSAGE][PASSED] - Taking screenshot successfully
[[ATTACHMENT|/Users/albert.woloszyn/Katalon Studio/showCaseDEASP/Reports/20191022_131016/showCaseTestSuite1/20191022_131016/1571746282722.png]]

2019-10-22 13:11:22 - [TEST_STEP][PASSED] - click(findTestObject("Object Repository/Page_Mad Irish Hacking Academy/a_Reading")): Object: 'Object Repository/Page_Mad Irish Hacking Academy/a_Reading' is clicked on

2019-10-22 13:11:23 - [MESSAGE][PASSED] - Object: 'Object Repository/Page_Mad Irish Hacking Academy/a_Reading' is clicked on

2019-10-22 13:11:23 - [TEST_STEP][PASSED] - click(findTestObject("Object Repository/Page_Mad Irish Hacking Academy/a_Resources")): Object: 'Object Repository/Page_Mad Irish Hacking Academy/a_Resources' is clicked on

2019-10-22 13:11:23 - [MESSAGE][PASSED] - Object: 'Object Repository/Page_Mad Irish Hacking Academy/a_Resources' is clicked on

2019-10-22 13:11:23 - [TEST_STEP][PASSED] - click(findTestObject("Object Repository/Page_Mad Irish Hacking Academy/a_Newsletter")): Object: 'Object Repository/Page_Mad Irish Hacking Academy/a_Newsletter' is clicked on

2019-10-22 13:11:23 - [MESSAGE][PASSED] - Object: 'Object Repository/Page_Mad Irish Hacking Academy/a_Newsletter' is clicked on

2019-10-22 13:11:23 - [TEST_STEP][PASSED] - click(findTestObject("Object Repository/Page_Mad Irish Hacking Academy/a_Resources")): Object: 'Object Repository/Page_Mad Irish Hacking Academy/a_Resources' is clicked on

2019-10-22 13:11:24 - [MESSAGE][PASSED] - Object: 'Object Repository/Page_Mad Irish Hacking Academy/a_Resources' is clicked on

2019-10-22 13:11:24 - [TEST_STEP][PASSED] - click(findTestObject("Object Repository/Page_Mad Irish Hacking Academy/a_Create account")): Object: 'Object Repository/Page_Mad Irish Hacking Academy/a_Create account' is clicked on

2019-10-22 13:11:24 - [MESSAGE][PASSED] - Object: 'Object Repository/Page_Mad Irish Hacking Academy/a_Create account' is clicked on

2019-10-22 13:11:24 - [TEST_STEP][PASSED] - setText(findTestObject("Object Repository/Page_Mad Irish Hacking Academy/input_Create account_username"), "test123@welfare.ie"): Text 'test123@welfare.ie' is set on object 'Object Repository/Page_Mad Irish Hacking Academy/input_Create account_username'

2019-10-22 13:11:25 - [MESSAGE][PASSED] - Text 'test123@welfare.ie' is set on object 'Object Repository/Page_Mad Irish Hacking Academy/input_Create account_username'

2019-10-22 13:11:25 - [TEST_STEP][PASSED] - setEncryptedText(findTestObject("Object Repository/Page_Mad Irish Hacking Academy/input_Create account_password"), "qP8g4ZP8zmxOyEuCUr69QQ=="): Text ****** has been set on object 'Object Repository/Page_Mad Irish Hacking Academy/input_Create account_password'

2019-10-22 13:11:25 - [MESSAGE][PASSED] - Text ****** has been set on object 'Object Repository/Page_Mad Irish Hacking Academy/input_Create account_password'

2019-10-22 13:11:25 - [TEST_STEP][PASSED] - click(findTestObject("Object Repository/Page_Mad Irish Hacking Academy/button_Sign in")): Object: 'Object Repository/Page_Mad Irish Hacking Academy/button_Sign in' is clicked on

2019-10-22 13:11:25 - [MESSAGE][PASSED] - Object: 'Object Repository/Page_Mad Irish Hacking Academy/button_Sign in' is clicked on

2019-10-22 13:11:25 - [TEST_STEP][PASSED] - setText(findTestObject("Object Repository/Page_Mad Irish Hacking Academy/input_Email_email"), "test@welfare.ie"): Text 'test@welfare.ie' is set on object 'Object Repository/Page_Mad Irish Hacking Academy/input_Email_email'

2019-10-22 13:11:25 - [MESSAGE][PASSED] - Text 'test@welfare.ie' is set on object 'Object Repository/Page_Mad Irish Hacking Academy/input_Email_email'

2019-10-22 13:11:25 - [TEST_STEP][PASSED] - setEncryptedText(findTestObject("Object Repository/Page_Mad Irish Hacking Academy/input_Password_password"), "Wt9tj4kC2zrPXzAR6+1IxQ=="): Text ****** has been set on object 'Object Repository/Page_Mad Irish Hacking Academy/input_Password_password'

2019-10-22 13:11:25 - [MESSAGE][PASSED] - Text ****** has been set on object 'Object Repository/Page_Mad Irish Hacking Academy/input_Password_password'

2019-10-22 13:11:25 - [TEST_STEP][PASSED] - click(findTestObject("Object Repository/Page_Mad Irish Hacking Academy/button_Register")): Object: 'Object Repository/Page_Mad Irish Hacking Academy/button_Register' is clicked on

2019-10-22 13:11:25 - [MESSAGE][PASSED] - Object: 'Object Repository/Page_Mad Irish Hacking Academy/button_Register' is clicked on

2019-10-22 13:11:25 - [TEST_STEP][PASSED] - closeBrowser(): Browser is closed

2019-10-22 13:11:28 - [MESSAGE][PASSED] - Browser is closed</system-out>
            <system-err></system-err>
        </testcase>
        <testcase name="Test Cases/QuickHandsOnTestCase2" classname="Test Cases/QuickHandsOnTestCase2" status="PASSED">
            <system-out>2019-10-22 13:11:28 - [TEST_CASE][PASSED] - Test Cases/QuickHandsOnTestCase2: Test Cases/QuickHandsOnTestCase2

2019-10-22 13:11:28 - [TEST_STEP][PASSED] - openBrowser(""): Browser is opened with url: ''

2019-10-22 13:11:28 - [MESSAGE][INFO] - Starting 'Firefox' driver

2019-10-22 13:11:31 - [MESSAGE][PASSED] - Browser is opened with url: ''

2019-10-22 13:11:31 - [TEST_STEP][PASSED] - navigateToUrl("http://192.168.56.101/"): Navigate to 'http://192.168.56.101/' successfully

2019-10-22 13:11:32 - [MESSAGE][PASSED] - Navigate to 'http://192.168.56.101/' successfully

2019-10-22 13:11:32 - [TEST_STEP][PASSED] - click(findTestObject("Object Repository/Page_Mad Irish Hacking Academy/a_Contact")): Object: 'Object Repository/Page_Mad Irish Hacking Academy/a_Contact' is clicked on

2019-10-22 13:11:33 - [MESSAGE][PASSED] - Object: 'Object Repository/Page_Mad Irish Hacking Academy/a_Contact' is clicked on

2019-10-22 13:11:33 - [TEST_STEP][PASSED] - verifyTextPresent("Contact", false): Text 'Contact' is present on page 

2019-10-22 13:11:33 - [MESSAGE][PASSED] - Text 'Contact' is present on page 

2019-10-22 13:11:33 - [TEST_STEP][PASSED] - takeScreenshot(): Taking screenshot successfully

2019-10-22 13:11:34 - [MESSAGE][PASSED] - Taking screenshot successfully
[[ATTACHMENT|/Users/albert.woloszyn/Katalon Studio/showCaseDEASP/Reports/20191022_131016/showCaseTestSuite1/20191022_131016/1571746293960.png]]

2019-10-22 13:11:34 - [TEST_STEP][PASSED] - click(findTestObject("Object Repository/Page_Mad Irish Hacking Academy/a_Resources")): Object: 'Object Repository/Page_Mad Irish Hacking Academy/a_Resources' is clicked on

2019-10-22 13:11:35 - [MESSAGE][PASSED] - Object: 'Object Repository/Page_Mad Irish Hacking Academy/a_Resources' is clicked on

2019-10-22 13:11:35 - [TEST_STEP][PASSED] - verifyTextPresent("Resources", false): Text 'Resources' is present on page 

2019-10-22 13:11:35 - [MESSAGE][PASSED] - Text 'Resources' is present on page 

2019-10-22 13:11:35 - [TEST_STEP][PASSED] - takeScreenshot(): Taking screenshot successfully

2019-10-22 13:11:35 - [MESSAGE][PASSED] - Taking screenshot successfully
[[ATTACHMENT|/Users/albert.woloszyn/Katalon Studio/showCaseDEASP/Reports/20191022_131016/showCaseTestSuite1/20191022_131016/1571746295656.png]]

2019-10-22 13:11:35 - [TEST_STEP][PASSED] - click(findTestObject("Object Repository/Page_Mad Irish Hacking Academy/a_Training")): Object: 'Object Repository/Page_Mad Irish Hacking Academy/a_Training' is clicked on

2019-10-22 13:11:36 - [MESSAGE][PASSED] - Object: 'Object Repository/Page_Mad Irish Hacking Academy/a_Training' is clicked on

2019-10-22 13:11:36 - [TEST_STEP][PASSED] - verifyTextPresent("Training", false): Text 'Training' is present on page 

2019-10-22 13:11:36 - [MESSAGE][PASSED] - Text 'Training' is present on page 

2019-10-22 13:11:36 - [TEST_STEP][PASSED] - takeScreenshot(): Taking screenshot successfully

2019-10-22 13:11:36 - [MESSAGE][PASSED] - Taking screenshot successfully
[[ATTACHMENT|/Users/albert.woloszyn/Katalon Studio/showCaseDEASP/Reports/20191022_131016/showCaseTestSuite1/20191022_131016/1571746296179.png]]

2019-10-22 13:11:36 - [TEST_STEP][PASSED] - click(findTestObject("Object Repository/Page_Mad Irish Hacking Academy/a_Resources")): Object: 'Object Repository/Page_Mad Irish Hacking Academy/a_Resources' is clicked on

2019-10-22 13:11:37 - [MESSAGE][PASSED] - Object: 'Object Repository/Page_Mad Irish Hacking Academy/a_Resources' is clicked on

2019-10-22 13:11:37 - [TEST_STEP][PASSED] - takeScreenshot(): Taking screenshot successfully

2019-10-22 13:11:37 - [MESSAGE][PASSED] - Taking screenshot successfully
[[ATTACHMENT|/Users/albert.woloszyn/Katalon Studio/showCaseDEASP/Reports/20191022_131016/showCaseTestSuite1/20191022_131016/1571746297134.png]]

2019-10-22 13:11:37 - [TEST_STEP][PASSED] - click(findTestObject("Object Repository/Page_Mad Irish Hacking Academy/a_Reading")): Object: 'Object Repository/Page_Mad Irish Hacking Academy/a_Reading' is clicked on

2019-10-22 13:11:37 - [MESSAGE][PASSED] - Object: 'Object Repository/Page_Mad Irish Hacking Academy/a_Reading' is clicked on

2019-10-22 13:11:37 - [TEST_STEP][PASSED] - click(findTestObject("Object Repository/Page_Mad Irish Hacking Academy/a_Resources")): Object: 'Object Repository/Page_Mad Irish Hacking Academy/a_Resources' is clicked on

2019-10-22 13:11:38 - [MESSAGE][PASSED] - Object: 'Object Repository/Page_Mad Irish Hacking Academy/a_Resources' is clicked on

2019-10-22 13:11:38 - [TEST_STEP][PASSED] - click(findTestObject("Object Repository/Page_Mad Irish Hacking Academy/a_Newsletter")): Object: 'Object Repository/Page_Mad Irish Hacking Academy/a_Newsletter' is clicked on

2019-10-22 13:11:39 - [MESSAGE][PASSED] - Object: 'Object Repository/Page_Mad Irish Hacking Academy/a_Newsletter' is clicked on

2019-10-22 13:11:39 - [TEST_STEP][PASSED] - click(findTestObject("Object Repository/Page_Mad Irish Hacking Academy/a_Resources")): Object: 'Object Repository/Page_Mad Irish Hacking Academy/a_Resources' is clicked on

2019-10-22 13:11:39 - [MESSAGE][PASSED] - Object: 'Object Repository/Page_Mad Irish Hacking Academy/a_Resources' is clicked on

2019-10-22 13:11:39 - [TEST_STEP][PASSED] - click(findTestObject("Object Repository/Page_Mad Irish Hacking Academy/a_Create account")): Object: 'Object Repository/Page_Mad Irish Hacking Academy/a_Create account' is clicked on

2019-10-22 13:11:40 - [MESSAGE][PASSED] - Object: 'Object Repository/Page_Mad Irish Hacking Academy/a_Create account' is clicked on

2019-10-22 13:11:40 - [TEST_STEP][PASSED] - setText(findTestObject("Object Repository/Page_Mad Irish Hacking Academy/input_Create account_username"), "test123@welfare.ie"): Text 'test123@welfare.ie' is set on object 'Object Repository/Page_Mad Irish Hacking Academy/input_Create account_username'

2019-10-22 13:11:40 - [MESSAGE][PASSED] - Text 'test123@welfare.ie' is set on object 'Object Repository/Page_Mad Irish Hacking Academy/input_Create account_username'

2019-10-22 13:11:40 - [TEST_STEP][PASSED] - setEncryptedText(findTestObject("Object Repository/Page_Mad Irish Hacking Academy/input_Create account_password"), "qP8g4ZP8zmxOyEuCUr69QQ=="): Text ****** has been set on object 'Object Repository/Page_Mad Irish Hacking Academy/input_Create account_password'

2019-10-22 13:11:40 - [MESSAGE][PASSED] - Text ****** has been set on object 'Object Repository/Page_Mad Irish Hacking Academy/input_Create account_password'

2019-10-22 13:11:40 - [TEST_STEP][PASSED] - click(findTestObject("Object Repository/Page_Mad Irish Hacking Academy/button_Sign in")): Object: 'Object Repository/Page_Mad Irish Hacking Academy/button_Sign in' is clicked on

2019-10-22 13:11:40 - [MESSAGE][PASSED] - Object: 'Object Repository/Page_Mad Irish Hacking Academy/button_Sign in' is clicked on

2019-10-22 13:11:40 - [TEST_STEP][PASSED] - setText(findTestObject("Object Repository/Page_Mad Irish Hacking Academy/input_Email_email"), "test@welfare.ie"): Text 'test@welfare.ie' is set on object 'Object Repository/Page_Mad Irish Hacking Academy/input_Email_email'

2019-10-22 13:11:41 - [MESSAGE][PASSED] - Text 'test@welfare.ie' is set on object 'Object Repository/Page_Mad Irish Hacking Academy/input_Email_email'

2019-10-22 13:11:41 - [TEST_STEP][PASSED] - setEncryptedText(findTestObject("Object Repository/Page_Mad Irish Hacking Academy/input_Password_password"), "Wt9tj4kC2zrPXzAR6+1IxQ=="): Text ****** has been set on object 'Object Repository/Page_Mad Irish Hacking Academy/input_Password_password'

2019-10-22 13:11:41 - [MESSAGE][PASSED] - Text ****** has been set on object 'Object Repository/Page_Mad Irish Hacking Academy/input_Password_password'

2019-10-22 13:11:41 - [TEST_STEP][PASSED] - click(findTestObject("Object Repository/Page_Mad Irish Hacking Academy/button_Register")): Object: 'Object Repository/Page_Mad Irish Hacking Academy/button_Register' is clicked on

2019-10-22 13:11:41 - [MESSAGE][PASSED] - Object: 'Object Repository/Page_Mad Irish Hacking Academy/button_Register' is clicked on

2019-10-22 13:11:41 - [TEST_STEP][PASSED] - closeBrowser(): Browser is closed

2019-10-22 13:11:44 - [MESSAGE][PASSED] - Browser is closed</system-out>
            <system-err></system-err>
        </testcase>
        <testcase name="Test Cases/QuickHandsOnTestCase3" classname="Test Cases/QuickHandsOnTestCase3" status="PASSED">
            <system-out>2019-10-22 13:11:44 - [TEST_CASE][PASSED] - Test Cases/QuickHandsOnTestCase3: Test Cases/QuickHandsOnTestCase3

2019-10-22 13:11:44 - [TEST_STEP][PASSED] - openBrowser(""): Browser is opened with url: ''

2019-10-22 13:11:44 - [MESSAGE][INFO] - Starting 'Firefox' driver

2019-10-22 13:11:48 - [MESSAGE][PASSED] - Browser is opened with url: ''

2019-10-22 13:11:48 - [TEST_STEP][PASSED] - navigateToUrl("http://192.168.56.101/"): Navigate to 'http://192.168.56.101/' successfully

2019-10-22 13:11:48 - [MESSAGE][PASSED] - Navigate to 'http://192.168.56.101/' successfully

2019-10-22 13:11:48 - [TEST_STEP][PASSED] - click(findTestObject("Object Repository/Page_Mad Irish Hacking Academy/a_Contact")): Object: 'Object Repository/Page_Mad Irish Hacking Academy/a_Contact' is clicked on

2019-10-22 13:11:48 - [MESSAGE][PASSED] - Object: 'Object Repository/Page_Mad Irish Hacking Academy/a_Contact' is clicked on

2019-10-22 13:11:48 - [TEST_STEP][PASSED] - verifyTextPresent("Contact", false): Text 'Contact' is present on page 

2019-10-22 13:11:49 - [MESSAGE][PASSED] - Text 'Contact' is present on page 

2019-10-22 13:11:49 - [TEST_STEP][PASSED] - takeScreenshot(): Taking screenshot successfully

2019-10-22 13:11:49 - [MESSAGE][PASSED] - Taking screenshot successfully
[[ATTACHMENT|/Users/albert.woloszyn/Katalon Studio/showCaseDEASP/Reports/20191022_131016/showCaseTestSuite1/20191022_131016/1571746309130.png]]

2019-10-22 13:11:49 - [TEST_STEP][PASSED] - click(findTestObject("Object Repository/Page_Mad Irish Hacking Academy/a_Resources")): Object: 'Object Repository/Page_Mad Irish Hacking Academy/a_Resources' is clicked on

2019-10-22 13:11:49 - [MESSAGE][PASSED] - Object: 'Object Repository/Page_Mad Irish Hacking Academy/a_Resources' is clicked on

2019-10-22 13:11:49 - [TEST_STEP][PASSED] - verifyTextPresent("Resources", false): Text 'Resources' is present on page 

2019-10-22 13:11:49 - [MESSAGE][PASSED] - Text 'Resources' is present on page 

2019-10-22 13:11:49 - [TEST_STEP][PASSED] - takeScreenshot(): Taking screenshot successfully

2019-10-22 13:11:50 - [MESSAGE][PASSED] - Taking screenshot successfully
[[ATTACHMENT|/Users/albert.woloszyn/Katalon Studio/showCaseDEASP/Reports/20191022_131016/showCaseTestSuite1/20191022_131016/1571746309994.png]]

2019-10-22 13:11:50 - [TEST_STEP][PASSED] - click(findTestObject("Object Repository/Page_Mad Irish Hacking Academy/a_Training")): Object: 'Object Repository/Page_Mad Irish Hacking Academy/a_Training' is clicked on

2019-10-22 13:11:50 - [MESSAGE][PASSED] - Object: 'Object Repository/Page_Mad Irish Hacking Academy/a_Training' is clicked on

2019-10-22 13:11:50 - [TEST_STEP][PASSED] - verifyTextPresent("Training", false): Text 'Training' is present on page 

2019-10-22 13:11:50 - [MESSAGE][PASSED] - Text 'Training' is present on page 

2019-10-22 13:11:50 - [TEST_STEP][PASSED] - takeScreenshot(): Taking screenshot successfully

2019-10-22 13:11:50 - [MESSAGE][PASSED] - Taking screenshot successfully
[[ATTACHMENT|/Users/albert.woloszyn/Katalon Studio/showCaseDEASP/Reports/20191022_131016/showCaseTestSuite1/20191022_131016/1571746310424.png]]

2019-10-22 13:11:50 - [TEST_STEP][PASSED] - click(findTestObject("Object Repository/Page_Mad Irish Hacking Academy/a_Resources")): Object: 'Object Repository/Page_Mad Irish Hacking Academy/a_Resources' is clicked on

2019-10-22 13:11:50 - [MESSAGE][PASSED] - Object: 'Object Repository/Page_Mad Irish Hacking Academy/a_Resources' is clicked on

2019-10-22 13:11:50 - [TEST_STEP][PASSED] - takeScreenshot(): Taking screenshot successfully

2019-10-22 13:11:51 - [MESSAGE][PASSED] - Taking screenshot successfully
[[ATTACHMENT|/Users/albert.woloszyn/Katalon Studio/showCaseDEASP/Reports/20191022_131016/showCaseTestSuite1/20191022_131016/1571746310866.png]]

2019-10-22 13:11:51 - [TEST_STEP][PASSED] - click(findTestObject("Object Repository/Page_Mad Irish Hacking Academy/a_Reading")): Object: 'Object Repository/Page_Mad Irish Hacking Academy/a_Reading' is clicked on

2019-10-22 13:11:51 - [MESSAGE][PASSED] - Object: 'Object Repository/Page_Mad Irish Hacking Academy/a_Reading' is clicked on

2019-10-22 13:11:51 - [TEST_STEP][PASSED] - click(findTestObject("Object Repository/Page_Mad Irish Hacking Academy/a_Resources")): Object: 'Object Repository/Page_Mad Irish Hacking Academy/a_Resources' is clicked on

2019-10-22 13:11:51 - [MESSAGE][PASSED] - Object: 'Object Repository/Page_Mad Irish Hacking Academy/a_Resources' is clicked on

2019-10-22 13:11:51 - [TEST_STEP][PASSED] - click(findTestObject("Object Repository/Page_Mad Irish Hacking Academy/a_Newsletter")): Object: 'Object Repository/Page_Mad Irish Hacking Academy/a_Newsletter' is clicked on

2019-10-22 13:11:51 - [MESSAGE][PASSED] - Object: 'Object Repository/Page_Mad Irish Hacking Academy/a_Newsletter' is clicked on

2019-10-22 13:11:51 - [TEST_STEP][PASSED] - click(findTestObject("Object Repository/Page_Mad Irish Hacking Academy/a_Resources")): Object: 'Object Repository/Page_Mad Irish Hacking Academy/a_Resources' is clicked on

2019-10-22 13:11:51 - [MESSAGE][PASSED] - Object: 'Object Repository/Page_Mad Irish Hacking Academy/a_Resources' is clicked on

2019-10-22 13:11:51 - [TEST_STEP][PASSED] - click(findTestObject("Object Repository/Page_Mad Irish Hacking Academy/a_Create account")): Object: 'Object Repository/Page_Mad Irish Hacking Academy/a_Create account' is clicked on

2019-10-22 13:11:52 - [MESSAGE][PASSED] - Object: 'Object Repository/Page_Mad Irish Hacking Academy/a_Create account' is clicked on

2019-10-22 13:11:52 - [TEST_STEP][PASSED] - setText(findTestObject("Object Repository/Page_Mad Irish Hacking Academy/input_Create account_username"), "test123@welfare.ie"): Text 'test123@welfare.ie' is set on object 'Object Repository/Page_Mad Irish Hacking Academy/input_Create account_username'

2019-10-22 13:11:52 - [MESSAGE][PASSED] - Text 'test123@welfare.ie' is set on object 'Object Repository/Page_Mad Irish Hacking Academy/input_Create account_username'

2019-10-22 13:11:52 - [TEST_STEP][PASSED] - setEncryptedText(findTestObject("Object Repository/Page_Mad Irish Hacking Academy/input_Create account_password"), "qP8g4ZP8zmxOyEuCUr69QQ=="): Text ****** has been set on object 'Object Repository/Page_Mad Irish Hacking Academy/input_Create account_password'

2019-10-22 13:11:52 - [MESSAGE][PASSED] - Text ****** has been set on object 'Object Repository/Page_Mad Irish Hacking Academy/input_Create account_password'

2019-10-22 13:11:52 - [TEST_STEP][PASSED] - click(findTestObject("Object Repository/Page_Mad Irish Hacking Academy/button_Sign in")): Object: 'Object Repository/Page_Mad Irish Hacking Academy/button_Sign in' is clicked on

2019-10-22 13:11:52 - [MESSAGE][PASSED] - Object: 'Object Repository/Page_Mad Irish Hacking Academy/button_Sign in' is clicked on

2019-10-22 13:11:52 - [TEST_STEP][PASSED] - setText(findTestObject("Object Repository/Page_Mad Irish Hacking Academy/input_Email_email"), "test@welfare.ie"): Text 'test@welfare.ie' is set on object 'Object Repository/Page_Mad Irish Hacking Academy/input_Email_email'

2019-10-22 13:11:52 - [MESSAGE][PASSED] - Text 'test@welfare.ie' is set on object 'Object Repository/Page_Mad Irish Hacking Academy/input_Email_email'

2019-10-22 13:11:52 - [TEST_STEP][PASSED] - setEncryptedText(findTestObject("Object Repository/Page_Mad Irish Hacking Academy/input_Password_password"), "Wt9tj4kC2zrPXzAR6+1IxQ=="): Text ****** has been set on object 'Object Repository/Page_Mad Irish Hacking Academy/input_Password_password'

2019-10-22 13:11:52 - [MESSAGE][PASSED] - Text ****** has been set on object 'Object Repository/Page_Mad Irish Hacking Academy/input_Password_password'

2019-10-22 13:11:52 - [TEST_STEP][PASSED] - click(findTestObject("Object Repository/Page_Mad Irish Hacking Academy/button_Register")): Object: 'Object Repository/Page_Mad Irish Hacking Academy/button_Register' is clicked on

2019-10-22 13:11:53 - [MESSAGE][PASSED] - Object: 'Object Repository/Page_Mad Irish Hacking Academy/button_Register' is clicked on

2019-10-22 13:11:53 - [TEST_STEP][PASSED] - closeBrowser(): Browser is closed

2019-10-22 13:11:54 - [MESSAGE][PASSED] - Browser is closed</system-out>
            <system-err></system-err>
        </testcase>
        <testcase name="Test Cases/QuickHandsOnTestCase7" classname="Test Cases/QuickHandsOnTestCase7" status="PASSED">
            <system-out>2019-10-22 13:11:54 - [TEST_CASE][PASSED] - Test Cases/QuickHandsOnTestCase7: Test Cases/QuickHandsOnTestCase7

2019-10-22 13:11:55 - [TEST_STEP][PASSED] - openBrowser(""): Browser is opened with url: ''

2019-10-22 13:11:55 - [MESSAGE][INFO] - Starting 'Firefox' driver

2019-10-22 13:11:58 - [MESSAGE][PASSED] - Browser is opened with url: ''

2019-10-22 13:11:58 - [TEST_STEP][PASSED] - navigateToUrl("http://192.168.56.101/"): Navigate to 'http://192.168.56.101/' successfully

2019-10-22 13:11:59 - [MESSAGE][PASSED] - Navigate to 'http://192.168.56.101/' successfully

2019-10-22 13:11:59 - [TEST_STEP][PASSED] - click(findTestObject("Object Repository/Page_Mad Irish Hacking Academy/a_Contact")): Object: 'Object Repository/Page_Mad Irish Hacking Academy/a_Contact' is clicked on

2019-10-22 13:11:59 - [MESSAGE][PASSED] - Object: 'Object Repository/Page_Mad Irish Hacking Academy/a_Contact' is clicked on

2019-10-22 13:11:59 - [TEST_STEP][PASSED] - verifyTextPresent("Contact", false): Text 'Contact' is present on page 

2019-10-22 13:11:59 - [MESSAGE][PASSED] - Text 'Contact' is present on page 

2019-10-22 13:11:59 - [TEST_STEP][PASSED] - takeScreenshot(): Taking screenshot successfully

2019-10-22 13:11:59 - [MESSAGE][PASSED] - Taking screenshot successfully
[[ATTACHMENT|/Users/albert.woloszyn/Katalon Studio/showCaseDEASP/Reports/20191022_131016/showCaseTestSuite1/20191022_131016/1571746319789.png]]

2019-10-22 13:11:59 - [TEST_STEP][PASSED] - click(findTestObject("Object Repository/Page_Mad Irish Hacking Academy/a_Resources")): Object: 'Object Repository/Page_Mad Irish Hacking Academy/a_Resources' is clicked on

2019-10-22 13:12:00 - [MESSAGE][PASSED] - Object: 'Object Repository/Page_Mad Irish Hacking Academy/a_Resources' is clicked on

2019-10-22 13:12:00 - [TEST_STEP][PASSED] - verifyTextPresent("Resources", false): Text 'Resources' is present on page 

2019-10-22 13:12:00 - [MESSAGE][PASSED] - Text 'Resources' is present on page 

2019-10-22 13:12:00 - [TEST_STEP][PASSED] - takeScreenshot(): Taking screenshot successfully

2019-10-22 13:12:00 - [MESSAGE][PASSED] - Taking screenshot successfully
[[ATTACHMENT|/Users/albert.woloszyn/Katalon Studio/showCaseDEASP/Reports/20191022_131016/showCaseTestSuite1/20191022_131016/1571746320367.png]]

2019-10-22 13:12:00 - [TEST_STEP][PASSED] - click(findTestObject("Object Repository/Page_Mad Irish Hacking Academy/a_Training")): Object: 'Object Repository/Page_Mad Irish Hacking Academy/a_Training' is clicked on

2019-10-22 13:12:00 - [MESSAGE][PASSED] - Object: 'Object Repository/Page_Mad Irish Hacking Academy/a_Training' is clicked on

2019-10-22 13:12:00 - [TEST_STEP][PASSED] - verifyTextPresent("Training", false): Text 'Training' is present on page 

2019-10-22 13:12:00 - [MESSAGE][PASSED] - Text 'Training' is present on page 

2019-10-22 13:12:00 - [TEST_STEP][PASSED] - takeScreenshot(): Taking screenshot successfully

2019-10-22 13:12:00 - [MESSAGE][PASSED] - Taking screenshot successfully
[[ATTACHMENT|/Users/albert.woloszyn/Katalon Studio/showCaseDEASP/Reports/20191022_131016/showCaseTestSuite1/20191022_131016/1571746320825.png]]

2019-10-22 13:12:00 - [TEST_STEP][PASSED] - click(findTestObject("Object Repository/Page_Mad Irish Hacking Academy/a_Resources")): Object: 'Object Repository/Page_Mad Irish Hacking Academy/a_Resources' is clicked on

2019-10-22 13:12:01 - [MESSAGE][PASSED] - Object: 'Object Repository/Page_Mad Irish Hacking Academy/a_Resources' is clicked on

2019-10-22 13:12:01 - [TEST_STEP][PASSED] - takeScreenshot(): Taking screenshot successfully

2019-10-22 13:12:01 - [MESSAGE][PASSED] - Taking screenshot successfully
[[ATTACHMENT|/Users/albert.woloszyn/Katalon Studio/showCaseDEASP/Reports/20191022_131016/showCaseTestSuite1/20191022_131016/1571746321282.png]]

2019-10-22 13:12:01 - [TEST_STEP][PASSED] - click(findTestObject("Object Repository/Page_Mad Irish Hacking Academy/a_Reading")): Object: 'Object Repository/Page_Mad Irish Hacking Academy/a_Reading' is clicked on

2019-10-22 13:12:01 - [MESSAGE][PASSED] - Object: 'Object Repository/Page_Mad Irish Hacking Academy/a_Reading' is clicked on

2019-10-22 13:12:01 - [TEST_STEP][PASSED] - click(findTestObject("Object Repository/Page_Mad Irish Hacking Academy/a_Resources")): Object: 'Object Repository/Page_Mad Irish Hacking Academy/a_Resources' is clicked on

2019-10-22 13:12:01 - [MESSAGE][PASSED] - Object: 'Object Repository/Page_Mad Irish Hacking Academy/a_Resources' is clicked on

2019-10-22 13:12:01 - [TEST_STEP][PASSED] - click(findTestObject("Object Repository/Page_Mad Irish Hacking Academy/a_Newsletter")): Object: 'Object Repository/Page_Mad Irish Hacking Academy/a_Newsletter' is clicked on

2019-10-22 13:12:02 - [MESSAGE][PASSED] - Object: 'Object Repository/Page_Mad Irish Hacking Academy/a_Newsletter' is clicked on

2019-10-22 13:12:02 - [TEST_STEP][PASSED] - click(findTestObject("Object Repository/Page_Mad Irish Hacking Academy/a_Resources")): Object: 'Object Repository/Page_Mad Irish Hacking Academy/a_Resources' is clicked on

2019-10-22 13:12:02 - [MESSAGE][PASSED] - Object: 'Object Repository/Page_Mad Irish Hacking Academy/a_Resources' is clicked on

2019-10-22 13:12:02 - [TEST_STEP][PASSED] - click(findTestObject("Object Repository/Page_Mad Irish Hacking Academy/a_Create account")): Object: 'Object Repository/Page_Mad Irish Hacking Academy/a_Create account' is clicked on

2019-10-22 13:12:02 - [MESSAGE][PASSED] - Object: 'Object Repository/Page_Mad Irish Hacking Academy/a_Create account' is clicked on

2019-10-22 13:12:02 - [TEST_STEP][PASSED] - setText(findTestObject("Object Repository/Page_Mad Irish Hacking Academy/input_Create account_username"), "test123@welfare.ie"): Text 'test123@welfare.ie' is set on object 'Object Repository/Page_Mad Irish Hacking Academy/input_Create account_username'

2019-10-22 13:12:02 - [MESSAGE][PASSED] - Text 'test123@welfare.ie' is set on object 'Object Repository/Page_Mad Irish Hacking Academy/input_Create account_username'

2019-10-22 13:12:02 - [TEST_STEP][PASSED] - setEncryptedText(findTestObject("Object Repository/Page_Mad Irish Hacking Academy/input_Create account_password"), "qP8g4ZP8zmxOyEuCUr69QQ=="): Text ****** has been set on object 'Object Repository/Page_Mad Irish Hacking Academy/input_Create account_password'

2019-10-22 13:12:02 - [MESSAGE][PASSED] - Text ****** has been set on object 'Object Repository/Page_Mad Irish Hacking Academy/input_Create account_password'

2019-10-22 13:12:02 - [TEST_STEP][PASSED] - click(findTestObject("Object Repository/Page_Mad Irish Hacking Academy/button_Sign in")): Object: 'Object Repository/Page_Mad Irish Hacking Academy/button_Sign in' is clicked on

2019-10-22 13:12:03 - [MESSAGE][PASSED] - Object: 'Object Repository/Page_Mad Irish Hacking Academy/button_Sign in' is clicked on

2019-10-22 13:12:03 - [TEST_STEP][PASSED] - setText(findTestObject("Object Repository/Page_Mad Irish Hacking Academy/input_Email_email"), "test@welfare.ie"): Text 'test@welfare.ie' is set on object 'Object Repository/Page_Mad Irish Hacking Academy/input_Email_email'

2019-10-22 13:12:03 - [MESSAGE][PASSED] - Text 'test@welfare.ie' is set on object 'Object Repository/Page_Mad Irish Hacking Academy/input_Email_email'

2019-10-22 13:12:03 - [TEST_STEP][PASSED] - setEncryptedText(findTestObject("Object Repository/Page_Mad Irish Hacking Academy/input_Password_password"), "Wt9tj4kC2zrPXzAR6+1IxQ=="): Text ****** has been set on object 'Object Repository/Page_Mad Irish Hacking Academy/input_Password_password'

2019-10-22 13:12:03 - [MESSAGE][PASSED] - Text ****** has been set on object 'Object Repository/Page_Mad Irish Hacking Academy/input_Password_password'

2019-10-22 13:12:03 - [TEST_STEP][PASSED] - click(findTestObject("Object Repository/Page_Mad Irish Hacking Academy/button_Register")): Object: 'Object Repository/Page_Mad Irish Hacking Academy/button_Register' is clicked on

2019-10-22 13:12:03 - [MESSAGE][PASSED] - Object: 'Object Repository/Page_Mad Irish Hacking Academy/button_Register' is clicked on

2019-10-22 13:12:03 - [TEST_STEP][PASSED] - closeBrowser(): Browser is closed

2019-10-22 13:12:05 - [MESSAGE][PASSED] - Browser is closed</system-out>
            <system-err></system-err>
        </testcase>
        <system-out>2019-10-22 13:10:20 - [TEST_SUITE][INCOMPLETE] - showCaseTestSuite1: null</system-out>
        <system-err>2019-10-22 13:10:20 - [TEST_SUITE][INCOMPLETE] - showCaseTestSuite1: null</system-err>
    </testsuite>
</testsuites>
