<?xml version="1.0" encoding="UTF-8"?>
<testsuites name="NewTestSuite" time="43.293" tests="1" failures="0" errors="0">
   <testsuite name="NewTestSuite" tests="1" failures="0" errors="0" time="43.293" timestamp="2019-11-14 12:39:59" hostname="albert.woloszyn - static.105.255.46.78.clients.your-server.de" id="Test Suites/NewTestSuite">
      <properties>
         <property name="deviceName" value=""/>
         <property name="devicePlatform" value=""/>
         <property name="logFolder" value="/Users/albert.woloszyn/Katalon Studio/showCaseDEASP/Reports/20191114_123915/NewTestSuite/20191114_123916"/>
         <property name="logFiles" value="/Users/albert.woloszyn/Katalon Studio/showCaseDEASP/Reports/20191114_123915/NewTestSuite/20191114_123916/execution0.log"/>
         <property name="attachments" value=""/>
         <property name="hostName" value="albert.woloszyn - static.105.255.46.78.clients.your-server.de"/>
         <property name="os" value="Mac OS X 64bit"/>
         <property name="katalonVersion" value="7.0.4.1"/>
         <property name="browser" value="Firefox 69.0"/>
         <property name="hostAddress" value="78.46.255.105"/>
         <property name="sessionId" value="1fc66dee-b94c-7d41-8bfa-ef28e8e79962"/>
         <property name="seleniumVersion" value="3.141.59"/>
         <property name="proxyInformation" value="ProxyInformation{proxyOption=NO_PROXY, proxyServerType=HTTP, password=, proxyServerAddress=, proxyServerPort=0}"/>
         <property name="platform" value="Mac OS X"/>
      </properties>
      <testcase name="Test Cases/QuickHandsOnTestCase1" time="42.76" classname="Test Cases/QuickHandsOnTestCase1" status="PASSED">
         <system-out><![CDATA[2019-11-14 12:39:59 - [TEST_CASE][PASSED] - Test Cases/QuickHandsOnTestCase1: Test Cases/QuickHandsOnTestCase1

2019-11-14 12:40:00 - [TEST_STEP][PASSED] - openBrowser(""): Browser is opened with url: ''

2019-11-14 12:40:00 - [MESSAGE][INFO] - Starting 'Firefox' driver

2019-11-14 12:40:00 - [MESSAGE][INFO] - Action delay is set to 0 seconds

2019-11-14 12:40:05 - [MESSAGE][PASSED] - Browser is opened with url: ''

2019-11-14 12:40:05 - [TEST_STEP][PASSED] - navigateToUrl("www.google.com"): Navigate to 'http://www.google.com' successfully

2019-11-14 12:40:06 - [MESSAGE][PASSED] - Navigate to 'http://www.google.com' successfully

2019-11-14 12:40:06 - [TEST_STEP][PASSED] - delay(10): Delayed 10 second(s)

2019-11-14 12:40:16 - [MESSAGE][PASSED] - Delayed 10 second(s)

2019-11-14 12:40:16 - [TEST_STEP][PASSED] - click(findTestObject("Google/Page_Google/GoogleLogo")): Object: 'Object Repository/Google/Page_Google/GoogleLogo' is clicked on

2019-11-14 12:40:17 - [MESSAGE][PASSED] - Object: 'Object Repository/Google/Page_Google/GoogleLogo' is clicked on

2019-11-14 12:40:17 - [TEST_STEP][PASSED] - delay(10): Delayed 10 second(s)

2019-11-14 12:40:27 - [MESSAGE][PASSED] - Delayed 10 second(s)

2019-11-14 12:40:27 - [TEST_STEP][PASSED] - click(findTestObject("Google/Page_Google/Im FeelingLuckyButton")): Object: 'Object Repository/Google/Page_Google/Im FeelingLuckyButton' is clicked on

2019-11-14 12:40:29 - [MESSAGE][PASSED] - Object: 'Object Repository/Google/Page_Google/Im FeelingLuckyButton' is clicked on

2019-11-14 12:40:29 - [TEST_STEP][PASSED] - delay(10): Delayed 10 second(s)

2019-11-14 12:40:39 - [MESSAGE][PASSED] - Delayed 10 second(s)

2019-11-14 12:40:39 - [TEST_STEP][PASSED] - closeBrowser(): Browser is closed

2019-11-14 12:40:42 - [MESSAGE][PASSED] - Browser is closed]]></system-out>
         <system-err><![CDATA[]]></system-err>
      </testcase>
      <system-out><![CDATA[2019-11-14 12:39:59 - [TEST_SUITE][PASSED] - NewTestSuite: Test Cases/QuickHandsOnTestCase1]]></system-out>
      <system-err><![CDATA[]]></system-err>
   </testsuite>
</testsuites>
