<?xml version="1.0" encoding="UTF-8"?>
<testsuites name="E2E Page_Mad Irish Hacking Academy" time="49.683" tests="4" failures="0" errors="0">
   <testsuite name="E2E Page_Mad Irish Hacking Academy" tests="4" failures="0" errors="0" time="49.683" timestamp="2019-12-19 11:52:33" hostname="albert.woloszyn - static.105.255.46.78.clients.your-server.de" id="Test Suites/E2E Page_Mad Irish Hacking Academy">
      <properties>
         <property name="deviceName" value=""/>
         <property name="devicePlatform" value=""/>
         <property name="logFolder" value="/Users/albert.woloszyn/Katalon Studio/showCaseDEASP/Reports/20191219_115147/E2E Page_Mad Irish Hacking Academy/20191219_115148"/>
         <property name="logFiles" value="/Users/albert.woloszyn/Katalon Studio/showCaseDEASP/Reports/20191219_115147/E2E Page_Mad Irish Hacking Academy/20191219_115148/execution0.log"/>
         <property name="attachments" value=""/>
         <property name="hostName" value="albert.woloszyn - static.105.255.46.78.clients.your-server.de"/>
         <property name="os" value="Mac OS X 64bit"/>
         <property name="katalonVersion" value="7.0.4.1"/>
         <property name="browser" value="Firefox 70.0"/>
         <property name="hostAddress" value="78.46.255.105"/>
         <property name="sessionId" value="4150b7fc-c394-aa41-95ad-69e06d086641"/>
         <property name="seleniumVersion" value="3.141.59"/>
         <property name="proxyInformation" value="ProxyInformation{proxyOption=NO_PROXY, proxyServerType=HTTP, password=, proxyServerAddress=, proxyServerPort=0}"/>
         <property name="platform" value="Mac OS X"/>
      </properties>
      <testcase name="Test Cases/Test 1 - Landing Page Verification" time="14.762" classname="Test Cases/Test 1 - Landing Page Verification" status="PASSED">
         <system-out><![CDATA[2019-12-19 11:52:34 - [TEST_CASE][PASSED] - Test Cases/Test 1 - Landing Page Verification: Test Cases/Test 1 - Landing Page Verification

2019-12-19 11:52:34 - [TEST_STEP][PASSED] - callTestCase(findTestCase("Initial Checks on every page"), [:], STOP_ON_FAILURE): Call Test Case 'Test Cases/Initial Checks on every page' successfully

2019-12-19 11:52:34 - [TEST_CASE][PASSED] - Test Cases/Initial Checks on every page: Test Cases/Initial Checks on every page

2019-12-19 11:52:34 - [TEST_STEP][PASSED] - openBrowser(""): Browser is opened with url: ''

2019-12-19 11:52:35 - [MESSAGE][INFO] - Starting 'Firefox' driver

2019-12-19 11:52:35 - [MESSAGE][INFO] - Action delay is set to 0 seconds

2019-12-19 11:52:39 - [MESSAGE][PASSED] - Browser is opened with url: ''

2019-12-19 11:52:39 - [TEST_STEP][PASSED] - navigateToUrl("http://192.168.56.101/"): Navigate to 'http://192.168.56.101/' successfully

2019-12-19 11:52:40 - [MESSAGE][PASSED] - Navigate to 'http://192.168.56.101/' successfully

2019-12-19 11:52:40 - [TEST_STEP][PASSED] - verifyElementPresent(findTestObject("Top Bar on every page/a_Mad Irish Hacking Academy"), 5): Object 'Object Repository/Top Bar on every page/a_Mad Irish Hacking Academy' is present

2019-12-19 11:52:40 - [MESSAGE][PASSED] - Object 'Object Repository/Top Bar on every page/a_Mad Irish Hacking Academy' is present

2019-12-19 11:52:40 - [TEST_STEP][PASSED] - verifyElementPresent(findTestObject("Top Bar on every page/a_About"), 5): Object 'Object Repository/Top Bar on every page/a_About' is present

2019-12-19 11:52:40 - [MESSAGE][PASSED] - Object 'Object Repository/Top Bar on every page/a_About' is present

2019-12-19 11:52:40 - [TEST_STEP][PASSED] - verifyElementPresent(findTestObject("Top Bar on every page/a_Contact"), 5): Object 'Object Repository/Top Bar on every page/a_Contact' is present

2019-12-19 11:52:41 - [MESSAGE][PASSED] - Object 'Object Repository/Top Bar on every page/a_Contact' is present

2019-12-19 11:52:41 - [TEST_STEP][PASSED] - click(findTestObject("Top Bar on every page/b_Contact_caret"), STOP_ON_FAILURE): Object: 'Object Repository/Top Bar on every page/b_Contact_caret' is clicked on

2019-12-19 11:52:41 - [MESSAGE][PASSED] - Object: 'Object Repository/Top Bar on every page/b_Contact_caret' is clicked on

2019-12-19 11:52:41 - [TEST_STEP][PASSED] - verifyElementPresent(findTestObject("Top Bar on every page/a_Training"), 0): Object 'Object Repository/Top Bar on every page/a_Training' is present

2019-12-19 11:52:41 - [MESSAGE][WARNING] - Timeout '0' is invalid. Using default page load timeout: '30'

2019-12-19 11:52:42 - [MESSAGE][PASSED] - Object 'Object Repository/Top Bar on every page/a_Training' is present

2019-12-19 11:52:42 - [TEST_STEP][PASSED] - verifyElementPresent(findTestObject("Top Bar on every page/a_Reading"), 0): Object 'Object Repository/Top Bar on every page/a_Reading' is present

2019-12-19 11:52:42 - [MESSAGE][WARNING] - Timeout '0' is invalid. Using default page load timeout: '30'

2019-12-19 11:52:42 - [MESSAGE][PASSED] - Object 'Object Repository/Top Bar on every page/a_Reading' is present

2019-12-19 11:52:42 - [TEST_STEP][PASSED] - verifyElementPresent(findTestObject("Top Bar on every page/a_Newsletter"), 0): Object 'Object Repository/Top Bar on every page/a_Newsletter' is present

2019-12-19 11:52:42 - [MESSAGE][WARNING] - Timeout '0' is invalid. Using default page load timeout: '30'

2019-12-19 11:52:42 - [MESSAGE][PASSED] - Object 'Object Repository/Top Bar on every page/a_Newsletter' is present

2019-12-19 11:52:42 - [TEST_STEP][PASSED] - verifyElementPresent(findTestObject("Top Bar on every page/a_Create account"), 0): Object 'Object Repository/Top Bar on every page/a_Create account' is present

2019-12-19 11:52:42 - [MESSAGE][WARNING] - Timeout '0' is invalid. Using default page load timeout: '30'

2019-12-19 11:52:42 - [MESSAGE][PASSED] - Object 'Object Repository/Top Bar on every page/a_Create account' is present

2019-12-19 11:52:42 - [TEST_STEP][PASSED] - verifyElementPresent(findTestObject("Page_Mad Irish Hacking Academy Landing Page/a_Learn more"), 0): Object 'Object Repository/Page_Mad Irish Hacking Academy Landing Page/a_Learn more' is present

2019-12-19 11:52:42 - [MESSAGE][WARNING] - Timeout '0' is invalid. Using default page load timeout: '30'

2019-12-19 11:52:43 - [MESSAGE][PASSED] - Object 'Object Repository/Page_Mad Irish Hacking Academy Landing Page/a_Learn more' is present

2019-12-19 11:52:43 - [TEST_STEP][PASSED] - verifyElementPresent(findTestObject("Top Bar on every page/input_Create account_username"), 0): Object 'Object Repository/Top Bar on every page/input_Create account_username' is present

2019-12-19 11:52:43 - [MESSAGE][WARNING] - Timeout '0' is invalid. Using default page load timeout: '30'

2019-12-19 11:52:43 - [MESSAGE][PASSED] - Object 'Object Repository/Top Bar on every page/input_Create account_username' is present

2019-12-19 11:52:43 - [TEST_STEP][PASSED] - verifyElementPresent(findTestObject("Top Bar on every page/input_Create account_password"), 0): Object 'Object Repository/Top Bar on every page/input_Create account_password' is present

2019-12-19 11:52:43 - [MESSAGE][WARNING] - Timeout '0' is invalid. Using default page load timeout: '30'

2019-12-19 11:52:43 - [MESSAGE][PASSED] - Object 'Object Repository/Top Bar on every page/input_Create account_password' is present

2019-12-19 11:52:43 - [TEST_STEP][PASSED] - verifyElementPresent(findTestObject("Top Bar on every page/button_Sign in"), 0): Object 'Object Repository/Top Bar on every page/button_Sign in' is present

2019-12-19 11:52:43 - [MESSAGE][WARNING] - Timeout '0' is invalid. Using default page load timeout: '30'

2019-12-19 11:52:43 - [MESSAGE][PASSED] - Object 'Object Repository/Top Bar on every page/button_Sign in' is present

2019-12-19 11:52:43 - [MESSAGE][PASSED] - Call Test Case 'Test Cases/Initial Checks on every page' successfully

2019-12-19 11:52:43 - [TEST_STEP][PASSED] - verifyElementPresent(findTestObject("Page_Mad Irish Hacking Academy Landing Page/h2_Live Training"), 0): Object 'Object Repository/Page_Mad Irish Hacking Academy Landing Page/h2_Live Training' is present

2019-12-19 11:52:44 - [MESSAGE][WARNING] - Timeout '0' is invalid. Using default page load timeout: '30'

2019-12-19 11:52:44 - [MESSAGE][PASSED] - Object 'Object Repository/Page_Mad Irish Hacking Academy Landing Page/h2_Live Training' is present

2019-12-19 11:52:44 - [TEST_STEP][PASSED] - verifyElementPresent(findTestObject("Page_Mad Irish Hacking Academy Landing Page/p_Browse our catalog of upcoming courses an_5f7925"), 0): Object 'Object Repository/Page_Mad Irish Hacking Academy Landing Page/p_Browse our catalog of upcoming courses an_5f7925' is present

2019-12-19 11:52:44 - [MESSAGE][WARNING] - Timeout '0' is invalid. Using default page load timeout: '30'

2019-12-19 11:52:44 - [MESSAGE][PASSED] - Object 'Object Repository/Page_Mad Irish Hacking Academy Landing Page/p_Browse our catalog of upcoming courses an_5f7925' is present

2019-12-19 11:52:44 - [TEST_STEP][PASSED] - verifyElementPresent(findTestObject("Page_Mad Irish Hacking Academy Landing Page/a_View details_Live_Training"), 0): Object 'Object Repository/Page_Mad Irish Hacking Academy Landing Page/a_View details_Live_Training' is present

2019-12-19 11:52:44 - [MESSAGE][WARNING] - Timeout '0' is invalid. Using default page load timeout: '30'

2019-12-19 11:52:44 - [MESSAGE][PASSED] - Object 'Object Repository/Page_Mad Irish Hacking Academy Landing Page/a_View details_Live_Training' is present

2019-12-19 11:52:44 - [TEST_STEP][PASSED] - verifyElementPresent(findTestObject("Page_Mad Irish Hacking Academy Landing Page/h2_Reading Room"), 0): Object 'Object Repository/Page_Mad Irish Hacking Academy Landing Page/h2_Reading Room' is present

2019-12-19 11:52:44 - [MESSAGE][WARNING] - Timeout '0' is invalid. Using default page load timeout: '30'

2019-12-19 11:52:45 - [MESSAGE][PASSED] - Object 'Object Repository/Page_Mad Irish Hacking Academy Landing Page/h2_Reading Room' is present

2019-12-19 11:52:45 - [TEST_STEP][PASSED] - verifyElementPresent(findTestObject("Page_Mad Irish Hacking Academy Landing Page/p_Look through our extensive collection of _48c044"), 0): Object 'Object Repository/Page_Mad Irish Hacking Academy Landing Page/p_Look through our extensive collection of _48c044' is present

2019-12-19 11:52:45 - [MESSAGE][WARNING] - Timeout '0' is invalid. Using default page load timeout: '30'

2019-12-19 11:52:45 - [MESSAGE][PASSED] - Object 'Object Repository/Page_Mad Irish Hacking Academy Landing Page/p_Look through our extensive collection of _48c044' is present

2019-12-19 11:52:45 - [TEST_STEP][PASSED] - verifyElementPresent(findTestObject("Page_Mad Irish Hacking Academy Landing Page/a_View details_Reading_Room"), 0): Object 'Object Repository/Page_Mad Irish Hacking Academy Landing Page/a_View details_Reading_Room' is present

2019-12-19 11:52:45 - [MESSAGE][WARNING] - Timeout '0' is invalid. Using default page load timeout: '30'

2019-12-19 11:52:45 - [MESSAGE][PASSED] - Object 'Object Repository/Page_Mad Irish Hacking Academy Landing Page/a_View details_Reading_Room' is present

2019-12-19 11:52:45 - [TEST_STEP][PASSED] - verifyElementPresent(findTestObject("Page_Mad Irish Hacking Academy Landing Page/h2_Newsletter"), 0): Object 'Object Repository/Page_Mad Irish Hacking Academy Landing Page/h2_Newsletter' is present

2019-12-19 11:52:45 - [MESSAGE][WARNING] - Timeout '0' is invalid. Using default page load timeout: '30'

2019-12-19 11:52:45 - [MESSAGE][PASSED] - Object 'Object Repository/Page_Mad Irish Hacking Academy Landing Page/h2_Newsletter' is present

2019-12-19 11:52:45 - [TEST_STEP][PASSED] - verifyElementPresent(findTestObject("Page_Mad Irish Hacking Academy Landing Page/a_View details_Newsletter"), 0): Object 'Object Repository/Page_Mad Irish Hacking Academy Landing Page/a_View details_Newsletter' is present

2019-12-19 11:52:45 - [MESSAGE][WARNING] - Timeout '0' is invalid. Using default page load timeout: '30'

2019-12-19 11:52:46 - [MESSAGE][PASSED] - Object 'Object Repository/Page_Mad Irish Hacking Academy Landing Page/a_View details_Newsletter' is present

2019-12-19 11:52:46 - [TEST_STEP][PASSED] - closeBrowser(): Browser is closed

2019-12-19 11:52:48 - [MESSAGE][PASSED] - Browser is closed]]></system-out>
         <system-err><![CDATA[]]></system-err>
      </testcase>
      <testcase name="Test Cases/Test 2 - About Page Verification" time="11.62" classname="Test Cases/Test 2 - About Page Verification" status="PASSED">
         <system-out><![CDATA[2019-12-19 11:52:48 - [TEST_CASE][PASSED] - Test Cases/Test 2 - About Page Verification: Test Cases/Test 2 - About Page Verification

2019-12-19 11:52:49 - [TEST_STEP][PASSED] - callTestCase(findTestCase("Initial Checks on every page"), [:], STOP_ON_FAILURE): Call Test Case 'Test Cases/Initial Checks on every page' successfully

2019-12-19 11:52:49 - [TEST_CASE][PASSED] - Test Cases/Initial Checks on every page: Test Cases/Initial Checks on every page

2019-12-19 11:52:49 - [TEST_STEP][PASSED] - openBrowser(""): Browser is opened with url: ''

2019-12-19 11:52:49 - [MESSAGE][INFO] - Starting 'Firefox' driver

2019-12-19 11:52:52 - [MESSAGE][PASSED] - Browser is opened with url: ''

2019-12-19 11:52:52 - [TEST_STEP][PASSED] - navigateToUrl("http://192.168.56.101/"): Navigate to 'http://192.168.56.101/' successfully

2019-12-19 11:52:52 - [MESSAGE][PASSED] - Navigate to 'http://192.168.56.101/' successfully

2019-12-19 11:52:52 - [TEST_STEP][PASSED] - verifyElementPresent(findTestObject("Top Bar on every page/a_Mad Irish Hacking Academy"), 5): Object 'Object Repository/Top Bar on every page/a_Mad Irish Hacking Academy' is present

2019-12-19 11:52:53 - [MESSAGE][PASSED] - Object 'Object Repository/Top Bar on every page/a_Mad Irish Hacking Academy' is present

2019-12-19 11:52:53 - [TEST_STEP][PASSED] - verifyElementPresent(findTestObject("Top Bar on every page/a_About"), 5): Object 'Object Repository/Top Bar on every page/a_About' is present

2019-12-19 11:52:53 - [MESSAGE][PASSED] - Object 'Object Repository/Top Bar on every page/a_About' is present

2019-12-19 11:52:53 - [TEST_STEP][PASSED] - verifyElementPresent(findTestObject("Top Bar on every page/a_Contact"), 5): Object 'Object Repository/Top Bar on every page/a_Contact' is present

2019-12-19 11:52:53 - [MESSAGE][PASSED] - Object 'Object Repository/Top Bar on every page/a_Contact' is present

2019-12-19 11:52:53 - [TEST_STEP][PASSED] - click(findTestObject("Top Bar on every page/b_Contact_caret"), STOP_ON_FAILURE): Object: 'Object Repository/Top Bar on every page/b_Contact_caret' is clicked on

2019-12-19 11:52:54 - [MESSAGE][PASSED] - Object: 'Object Repository/Top Bar on every page/b_Contact_caret' is clicked on

2019-12-19 11:52:54 - [TEST_STEP][PASSED] - verifyElementPresent(findTestObject("Top Bar on every page/a_Training"), 0): Object 'Object Repository/Top Bar on every page/a_Training' is present

2019-12-19 11:52:54 - [MESSAGE][WARNING] - Timeout '0' is invalid. Using default page load timeout: '30'

2019-12-19 11:52:54 - [MESSAGE][PASSED] - Object 'Object Repository/Top Bar on every page/a_Training' is present

2019-12-19 11:52:54 - [TEST_STEP][PASSED] - verifyElementPresent(findTestObject("Top Bar on every page/a_Reading"), 0): Object 'Object Repository/Top Bar on every page/a_Reading' is present

2019-12-19 11:52:54 - [MESSAGE][WARNING] - Timeout '0' is invalid. Using default page load timeout: '30'

2019-12-19 11:52:54 - [MESSAGE][PASSED] - Object 'Object Repository/Top Bar on every page/a_Reading' is present

2019-12-19 11:52:54 - [TEST_STEP][PASSED] - verifyElementPresent(findTestObject("Top Bar on every page/a_Newsletter"), 0): Object 'Object Repository/Top Bar on every page/a_Newsletter' is present

2019-12-19 11:52:54 - [MESSAGE][WARNING] - Timeout '0' is invalid. Using default page load timeout: '30'

2019-12-19 11:52:55 - [MESSAGE][PASSED] - Object 'Object Repository/Top Bar on every page/a_Newsletter' is present

2019-12-19 11:52:55 - [TEST_STEP][PASSED] - verifyElementPresent(findTestObject("Top Bar on every page/a_Create account"), 0): Object 'Object Repository/Top Bar on every page/a_Create account' is present

2019-12-19 11:52:55 - [MESSAGE][WARNING] - Timeout '0' is invalid. Using default page load timeout: '30'

2019-12-19 11:52:55 - [MESSAGE][PASSED] - Object 'Object Repository/Top Bar on every page/a_Create account' is present

2019-12-19 11:52:55 - [TEST_STEP][PASSED] - verifyElementPresent(findTestObject("Page_Mad Irish Hacking Academy Landing Page/a_Learn more"), 0): Object 'Object Repository/Page_Mad Irish Hacking Academy Landing Page/a_Learn more' is present

2019-12-19 11:52:55 - [MESSAGE][WARNING] - Timeout '0' is invalid. Using default page load timeout: '30'

2019-12-19 11:52:55 - [MESSAGE][PASSED] - Object 'Object Repository/Page_Mad Irish Hacking Academy Landing Page/a_Learn more' is present

2019-12-19 11:52:55 - [TEST_STEP][PASSED] - verifyElementPresent(findTestObject("Top Bar on every page/input_Create account_username"), 0): Object 'Object Repository/Top Bar on every page/input_Create account_username' is present

2019-12-19 11:52:55 - [MESSAGE][WARNING] - Timeout '0' is invalid. Using default page load timeout: '30'

2019-12-19 11:52:56 - [MESSAGE][PASSED] - Object 'Object Repository/Top Bar on every page/input_Create account_username' is present

2019-12-19 11:52:56 - [TEST_STEP][PASSED] - verifyElementPresent(findTestObject("Top Bar on every page/input_Create account_password"), 0): Object 'Object Repository/Top Bar on every page/input_Create account_password' is present

2019-12-19 11:52:56 - [MESSAGE][WARNING] - Timeout '0' is invalid. Using default page load timeout: '30'

2019-12-19 11:52:56 - [MESSAGE][PASSED] - Object 'Object Repository/Top Bar on every page/input_Create account_password' is present

2019-12-19 11:52:56 - [TEST_STEP][PASSED] - verifyElementPresent(findTestObject("Top Bar on every page/button_Sign in"), 0): Object 'Object Repository/Top Bar on every page/button_Sign in' is present

2019-12-19 11:52:56 - [MESSAGE][WARNING] - Timeout '0' is invalid. Using default page load timeout: '30'

2019-12-19 11:52:56 - [MESSAGE][PASSED] - Object 'Object Repository/Top Bar on every page/button_Sign in' is present

2019-12-19 11:52:56 - [MESSAGE][PASSED] - Call Test Case 'Test Cases/Initial Checks on every page' successfully

2019-12-19 11:52:56 - [TEST_STEP][PASSED] - click(findTestObject("Top Bar on every page/a_About")): Object: 'Object Repository/Top Bar on every page/a_About' is clicked on

2019-12-19 11:52:57 - [MESSAGE][PASSED] - Object: 'Object Repository/Top Bar on every page/a_About' is clicked on

2019-12-19 11:52:57 - [TEST_STEP][PASSED] - verifyElementPresent(findTestObject("Object Repository/Page_Mad Irish Hacking Academy About Page/h1_Mad Irish Hacking Academy"), 0): Object 'Object Repository/Page_Mad Irish Hacking Academy About Page/h1_Mad Irish Hacking Academy' is present

2019-12-19 11:52:57 - [MESSAGE][WARNING] - Timeout '0' is invalid. Using default page load timeout: '30'

2019-12-19 11:52:57 - [MESSAGE][PASSED] - Object 'Object Repository/Page_Mad Irish Hacking Academy About Page/h1_Mad Irish Hacking Academy' is present

2019-12-19 11:52:57 - [TEST_STEP][PASSED] - verifyElementPresent(findTestObject("Object Repository/Page_Mad Irish Hacking Academy About Page/p_Learn the critical technical skills neces_924597"), 0): Object 'Object Repository/Page_Mad Irish Hacking Academy About Page/p_Learn the critical technical skills neces_924597' is present

2019-12-19 11:52:57 - [MESSAGE][WARNING] - Timeout '0' is invalid. Using default page load timeout: '30'

2019-12-19 11:52:57 - [MESSAGE][PASSED] - Object 'Object Repository/Page_Mad Irish Hacking Academy About Page/p_Learn the critical technical skills neces_924597' is present

2019-12-19 11:52:57 - [TEST_STEP][PASSED] - closeBrowser(): Browser is closed

2019-12-19 11:53:00 - [MESSAGE][PASSED] - Browser is closed]]></system-out>
         <system-err><![CDATA[]]></system-err>
      </testcase>
      <testcase name="Test Cases/Test 3 - Contact Page Verification" time="11.496" classname="Test Cases/Test 3 - Contact Page Verification" status="PASSED">
         <system-out><![CDATA[2019-12-19 11:53:00 - [TEST_CASE][PASSED] - Test Cases/Test 3 - Contact Page Verification: Test Cases/Test 3 - Contact Page Verification

2019-12-19 11:53:00 - [TEST_STEP][PASSED] - callTestCase(findTestCase("Initial Checks on every page"), [:], STOP_ON_FAILURE): Call Test Case 'Test Cases/Initial Checks on every page' successfully

2019-12-19 11:53:00 - [TEST_CASE][PASSED] - Test Cases/Initial Checks on every page: Test Cases/Initial Checks on every page

2019-12-19 11:53:00 - [TEST_STEP][PASSED] - openBrowser(""): Browser is opened with url: ''

2019-12-19 11:53:00 - [MESSAGE][INFO] - Starting 'Firefox' driver

2019-12-19 11:53:03 - [MESSAGE][PASSED] - Browser is opened with url: ''

2019-12-19 11:53:03 - [TEST_STEP][PASSED] - navigateToUrl("http://192.168.56.101/"): Navigate to 'http://192.168.56.101/' successfully

2019-12-19 11:53:04 - [MESSAGE][PASSED] - Navigate to 'http://192.168.56.101/' successfully

2019-12-19 11:53:04 - [TEST_STEP][PASSED] - verifyElementPresent(findTestObject("Top Bar on every page/a_Mad Irish Hacking Academy"), 5): Object 'Object Repository/Top Bar on every page/a_Mad Irish Hacking Academy' is present

2019-12-19 11:53:04 - [MESSAGE][PASSED] - Object 'Object Repository/Top Bar on every page/a_Mad Irish Hacking Academy' is present

2019-12-19 11:53:04 - [TEST_STEP][PASSED] - verifyElementPresent(findTestObject("Top Bar on every page/a_About"), 5): Object 'Object Repository/Top Bar on every page/a_About' is present

2019-12-19 11:53:05 - [MESSAGE][PASSED] - Object 'Object Repository/Top Bar on every page/a_About' is present

2019-12-19 11:53:05 - [TEST_STEP][PASSED] - verifyElementPresent(findTestObject("Top Bar on every page/a_Contact"), 5): Object 'Object Repository/Top Bar on every page/a_Contact' is present

2019-12-19 11:53:05 - [MESSAGE][PASSED] - Object 'Object Repository/Top Bar on every page/a_Contact' is present

2019-12-19 11:53:05 - [TEST_STEP][PASSED] - click(findTestObject("Top Bar on every page/b_Contact_caret"), STOP_ON_FAILURE): Object: 'Object Repository/Top Bar on every page/b_Contact_caret' is clicked on

2019-12-19 11:53:05 - [MESSAGE][PASSED] - Object: 'Object Repository/Top Bar on every page/b_Contact_caret' is clicked on

2019-12-19 11:53:05 - [TEST_STEP][PASSED] - verifyElementPresent(findTestObject("Top Bar on every page/a_Training"), 0): Object 'Object Repository/Top Bar on every page/a_Training' is present

2019-12-19 11:53:06 - [MESSAGE][WARNING] - Timeout '0' is invalid. Using default page load timeout: '30'

2019-12-19 11:53:06 - [MESSAGE][PASSED] - Object 'Object Repository/Top Bar on every page/a_Training' is present

2019-12-19 11:53:06 - [TEST_STEP][PASSED] - verifyElementPresent(findTestObject("Top Bar on every page/a_Reading"), 0): Object 'Object Repository/Top Bar on every page/a_Reading' is present

2019-12-19 11:53:06 - [MESSAGE][WARNING] - Timeout '0' is invalid. Using default page load timeout: '30'

2019-12-19 11:53:06 - [MESSAGE][PASSED] - Object 'Object Repository/Top Bar on every page/a_Reading' is present

2019-12-19 11:53:06 - [TEST_STEP][PASSED] - verifyElementPresent(findTestObject("Top Bar on every page/a_Newsletter"), 0): Object 'Object Repository/Top Bar on every page/a_Newsletter' is present

2019-12-19 11:53:06 - [MESSAGE][WARNING] - Timeout '0' is invalid. Using default page load timeout: '30'

2019-12-19 11:53:06 - [MESSAGE][PASSED] - Object 'Object Repository/Top Bar on every page/a_Newsletter' is present

2019-12-19 11:53:06 - [TEST_STEP][PASSED] - verifyElementPresent(findTestObject("Top Bar on every page/a_Create account"), 0): Object 'Object Repository/Top Bar on every page/a_Create account' is present

2019-12-19 11:53:06 - [MESSAGE][WARNING] - Timeout '0' is invalid. Using default page load timeout: '30'

2019-12-19 11:53:07 - [MESSAGE][PASSED] - Object 'Object Repository/Top Bar on every page/a_Create account' is present

2019-12-19 11:53:07 - [TEST_STEP][PASSED] - verifyElementPresent(findTestObject("Page_Mad Irish Hacking Academy Landing Page/a_Learn more"), 0): Object 'Object Repository/Page_Mad Irish Hacking Academy Landing Page/a_Learn more' is present

2019-12-19 11:53:07 - [MESSAGE][WARNING] - Timeout '0' is invalid. Using default page load timeout: '30'

2019-12-19 11:53:07 - [MESSAGE][PASSED] - Object 'Object Repository/Page_Mad Irish Hacking Academy Landing Page/a_Learn more' is present

2019-12-19 11:53:07 - [TEST_STEP][PASSED] - verifyElementPresent(findTestObject("Top Bar on every page/input_Create account_username"), 0): Object 'Object Repository/Top Bar on every page/input_Create account_username' is present

2019-12-19 11:53:07 - [MESSAGE][WARNING] - Timeout '0' is invalid. Using default page load timeout: '30'

2019-12-19 11:53:07 - [MESSAGE][PASSED] - Object 'Object Repository/Top Bar on every page/input_Create account_username' is present

2019-12-19 11:53:07 - [TEST_STEP][PASSED] - verifyElementPresent(findTestObject("Top Bar on every page/input_Create account_password"), 0): Object 'Object Repository/Top Bar on every page/input_Create account_password' is present

2019-12-19 11:53:07 - [MESSAGE][WARNING] - Timeout '0' is invalid. Using default page load timeout: '30'

2019-12-19 11:53:07 - [MESSAGE][PASSED] - Object 'Object Repository/Top Bar on every page/input_Create account_password' is present

2019-12-19 11:53:07 - [TEST_STEP][PASSED] - verifyElementPresent(findTestObject("Top Bar on every page/button_Sign in"), 0): Object 'Object Repository/Top Bar on every page/button_Sign in' is present

2019-12-19 11:53:07 - [MESSAGE][WARNING] - Timeout '0' is invalid. Using default page load timeout: '30'

2019-12-19 11:53:08 - [MESSAGE][PASSED] - Object 'Object Repository/Top Bar on every page/button_Sign in' is present

2019-12-19 11:53:08 - [MESSAGE][PASSED] - Call Test Case 'Test Cases/Initial Checks on every page' successfully

2019-12-19 11:53:08 - [TEST_STEP][PASSED] - click(findTestObject("Top Bar on every page/a_Contact")): Object: 'Object Repository/Top Bar on every page/a_Contact' is clicked on

2019-12-19 11:53:08 - [MESSAGE][PASSED] - Object: 'Object Repository/Top Bar on every page/a_Contact' is clicked on

2019-12-19 11:53:08 - [TEST_STEP][PASSED] - verifyElementPresent(findTestObject("Page_Mad Irish Hacking Academy Contact Page/h1_Contact"), 0): Object 'Object Repository/Page_Mad Irish Hacking Academy Contact Page/h1_Contact' is present

2019-12-19 11:53:08 - [MESSAGE][WARNING] - Timeout '0' is invalid. Using default page load timeout: '30'

2019-12-19 11:53:09 - [MESSAGE][PASSED] - Object 'Object Repository/Page_Mad Irish Hacking Academy Contact Page/h1_Contact' is present

2019-12-19 11:53:09 - [TEST_STEP][PASSED] - verifyElementPresent(findTestObject("Page_Mad Irish Hacking Academy Contact Page/Contact Page content"), 0): Object 'Object Repository/Page_Mad Irish Hacking Academy Contact Page/Contact Page content' is present

2019-12-19 11:53:09 - [MESSAGE][WARNING] - Timeout '0' is invalid. Using default page load timeout: '30'

2019-12-19 11:53:09 - [MESSAGE][PASSED] - Object 'Object Repository/Page_Mad Irish Hacking Academy Contact Page/Contact Page content' is present

2019-12-19 11:53:09 - [TEST_STEP][PASSED] - verifyElementPresent(findTestObject("Page_Mad Irish Hacking Academy Contact Page/input_Your name_name"), 0): Object 'Object Repository/Page_Mad Irish Hacking Academy Contact Page/input_Your name_name' is present

2019-12-19 11:53:09 - [MESSAGE][WARNING] - Timeout '0' is invalid. Using default page load timeout: '30'

2019-12-19 11:53:09 - [MESSAGE][PASSED] - Object 'Object Repository/Page_Mad Irish Hacking Academy Contact Page/input_Your name_name' is present

2019-12-19 11:53:09 - [TEST_STEP][PASSED] - verifyElementPresent(findTestObject("Page_Mad Irish Hacking Academy Contact Page/input_Your email_email"), 0): Object 'Object Repository/Page_Mad Irish Hacking Academy Contact Page/input_Your email_email' is present

2019-12-19 11:53:09 - [MESSAGE][WARNING] - Timeout '0' is invalid. Using default page load timeout: '30'

2019-12-19 11:53:09 - [MESSAGE][PASSED] - Object 'Object Repository/Page_Mad Irish Hacking Academy Contact Page/input_Your email_email' is present

2019-12-19 11:53:09 - [TEST_STEP][PASSED] - verifyElementPresent(findTestObject("Page_Mad Irish Hacking Academy Contact Page/textarea_Your message_body"), 0): Object 'Object Repository/Page_Mad Irish Hacking Academy Contact Page/textarea_Your message_body' is present

2019-12-19 11:53:09 - [MESSAGE][WARNING] - Timeout '0' is invalid. Using default page load timeout: '30'

2019-12-19 11:53:10 - [MESSAGE][PASSED] - Object 'Object Repository/Page_Mad Irish Hacking Academy Contact Page/textarea_Your message_body' is present

2019-12-19 11:53:10 - [TEST_STEP][PASSED] - closeBrowser(): Browser is closed

2019-12-19 11:53:11 - [MESSAGE][PASSED] - Browser is closed]]></system-out>
         <system-err><![CDATA[]]></system-err>
      </testcase>
      <testcase name="Test Cases/Test 4 - Trainings Page Verification" time="11.061" classname="Test Cases/Test 4 - Trainings Page Verification" status="PASSED">
         <system-out><![CDATA[2019-12-19 11:53:11 - [TEST_CASE][PASSED] - Test Cases/Test 4 - Trainings Page Verification: Test Cases/Test 4 - Trainings Page Verification

2019-12-19 11:53:12 - [TEST_STEP][PASSED] - callTestCase(findTestCase("Initial Checks on every page"), [:], STOP_ON_FAILURE): Call Test Case 'Test Cases/Initial Checks on every page' successfully

2019-12-19 11:53:12 - [TEST_CASE][PASSED] - Test Cases/Initial Checks on every page: Test Cases/Initial Checks on every page

2019-12-19 11:53:12 - [TEST_STEP][PASSED] - openBrowser(""): Browser is opened with url: ''

2019-12-19 11:53:12 - [MESSAGE][INFO] - Starting 'Firefox' driver

2019-12-19 11:53:15 - [MESSAGE][PASSED] - Browser is opened with url: ''

2019-12-19 11:53:15 - [TEST_STEP][PASSED] - navigateToUrl("http://192.168.56.101/"): Navigate to 'http://192.168.56.101/' successfully

2019-12-19 11:53:15 - [MESSAGE][PASSED] - Navigate to 'http://192.168.56.101/' successfully

2019-12-19 11:53:15 - [TEST_STEP][PASSED] - verifyElementPresent(findTestObject("Top Bar on every page/a_Mad Irish Hacking Academy"), 5): Object 'Object Repository/Top Bar on every page/a_Mad Irish Hacking Academy' is present

2019-12-19 11:53:16 - [MESSAGE][PASSED] - Object 'Object Repository/Top Bar on every page/a_Mad Irish Hacking Academy' is present

2019-12-19 11:53:16 - [TEST_STEP][PASSED] - verifyElementPresent(findTestObject("Top Bar on every page/a_About"), 5): Object 'Object Repository/Top Bar on every page/a_About' is present

2019-12-19 11:53:16 - [MESSAGE][PASSED] - Object 'Object Repository/Top Bar on every page/a_About' is present

2019-12-19 11:53:16 - [TEST_STEP][PASSED] - verifyElementPresent(findTestObject("Top Bar on every page/a_Contact"), 5): Object 'Object Repository/Top Bar on every page/a_Contact' is present

2019-12-19 11:53:16 - [MESSAGE][PASSED] - Object 'Object Repository/Top Bar on every page/a_Contact' is present

2019-12-19 11:53:16 - [TEST_STEP][PASSED] - click(findTestObject("Top Bar on every page/b_Contact_caret"), STOP_ON_FAILURE): Object: 'Object Repository/Top Bar on every page/b_Contact_caret' is clicked on

2019-12-19 11:53:17 - [MESSAGE][PASSED] - Object: 'Object Repository/Top Bar on every page/b_Contact_caret' is clicked on

2019-12-19 11:53:17 - [TEST_STEP][PASSED] - verifyElementPresent(findTestObject("Top Bar on every page/a_Training"), 0): Object 'Object Repository/Top Bar on every page/a_Training' is present

2019-12-19 11:53:17 - [MESSAGE][WARNING] - Timeout '0' is invalid. Using default page load timeout: '30'

2019-12-19 11:53:17 - [MESSAGE][PASSED] - Object 'Object Repository/Top Bar on every page/a_Training' is present

2019-12-19 11:53:17 - [TEST_STEP][PASSED] - verifyElementPresent(findTestObject("Top Bar on every page/a_Reading"), 0): Object 'Object Repository/Top Bar on every page/a_Reading' is present

2019-12-19 11:53:17 - [MESSAGE][WARNING] - Timeout '0' is invalid. Using default page load timeout: '30'

2019-12-19 11:53:18 - [MESSAGE][PASSED] - Object 'Object Repository/Top Bar on every page/a_Reading' is present

2019-12-19 11:53:18 - [TEST_STEP][PASSED] - verifyElementPresent(findTestObject("Top Bar on every page/a_Newsletter"), 0): Object 'Object Repository/Top Bar on every page/a_Newsletter' is present

2019-12-19 11:53:18 - [MESSAGE][WARNING] - Timeout '0' is invalid. Using default page load timeout: '30'

2019-12-19 11:53:18 - [MESSAGE][PASSED] - Object 'Object Repository/Top Bar on every page/a_Newsletter' is present

2019-12-19 11:53:18 - [TEST_STEP][PASSED] - verifyElementPresent(findTestObject("Top Bar on every page/a_Create account"), 0): Object 'Object Repository/Top Bar on every page/a_Create account' is present

2019-12-19 11:53:18 - [MESSAGE][WARNING] - Timeout '0' is invalid. Using default page load timeout: '30'

2019-12-19 11:53:18 - [MESSAGE][PASSED] - Object 'Object Repository/Top Bar on every page/a_Create account' is present

2019-12-19 11:53:18 - [TEST_STEP][PASSED] - verifyElementPresent(findTestObject("Page_Mad Irish Hacking Academy Landing Page/a_Learn more"), 0): Object 'Object Repository/Page_Mad Irish Hacking Academy Landing Page/a_Learn more' is present

2019-12-19 11:53:18 - [MESSAGE][WARNING] - Timeout '0' is invalid. Using default page load timeout: '30'

2019-12-19 11:53:18 - [MESSAGE][PASSED] - Object 'Object Repository/Page_Mad Irish Hacking Academy Landing Page/a_Learn more' is present

2019-12-19 11:53:18 - [TEST_STEP][PASSED] - verifyElementPresent(findTestObject("Top Bar on every page/input_Create account_username"), 0): Object 'Object Repository/Top Bar on every page/input_Create account_username' is present

2019-12-19 11:53:18 - [MESSAGE][WARNING] - Timeout '0' is invalid. Using default page load timeout: '30'

2019-12-19 11:53:19 - [MESSAGE][PASSED] - Object 'Object Repository/Top Bar on every page/input_Create account_username' is present

2019-12-19 11:53:19 - [TEST_STEP][PASSED] - verifyElementPresent(findTestObject("Top Bar on every page/input_Create account_password"), 0): Object 'Object Repository/Top Bar on every page/input_Create account_password' is present

2019-12-19 11:53:19 - [MESSAGE][WARNING] - Timeout '0' is invalid. Using default page load timeout: '30'

2019-12-19 11:53:19 - [MESSAGE][PASSED] - Object 'Object Repository/Top Bar on every page/input_Create account_password' is present

2019-12-19 11:53:19 - [TEST_STEP][PASSED] - verifyElementPresent(findTestObject("Top Bar on every page/button_Sign in"), 0): Object 'Object Repository/Top Bar on every page/button_Sign in' is present

2019-12-19 11:53:19 - [MESSAGE][WARNING] - Timeout '0' is invalid. Using default page load timeout: '30'

2019-12-19 11:53:19 - [MESSAGE][PASSED] - Object 'Object Repository/Top Bar on every page/button_Sign in' is present

2019-12-19 11:53:19 - [MESSAGE][PASSED] - Call Test Case 'Test Cases/Initial Checks on every page' successfully

2019-12-19 11:53:19 - [TEST_STEP][PASSED] - click(findTestObject("Top Bar on every page/a_Training")): Object: 'Object Repository/Top Bar on every page/a_Training' is clicked on

2019-12-19 11:53:20 - [MESSAGE][PASSED] - Object: 'Object Repository/Top Bar on every page/a_Training' is clicked on

2019-12-19 11:53:20 - [TEST_STEP][PASSED] - verifyElementPresent(findTestObject("Page_Mad Irish Hacking Academy Trainings Page/h1_Trainings"), 0): Object 'Object Repository/Page_Mad Irish Hacking Academy Trainings Page/h1_Trainings' is present

2019-12-19 11:53:20 - [MESSAGE][WARNING] - Timeout '0' is invalid. Using default page load timeout: '30'

2019-12-19 11:53:20 - [MESSAGE][PASSED] - Object 'Object Repository/Page_Mad Irish Hacking Academy Trainings Page/h1_Trainings' is present

2019-12-19 11:53:20 - [TEST_STEP][PASSED] - verifyElementPresent(findTestObject("Page_Mad Irish Hacking Academy Trainings Page/h2_Information Security Basics"), 0): Object 'Object Repository/Page_Mad Irish Hacking Academy Trainings Page/h2_Information Security Basics' is present

2019-12-19 11:53:20 - [MESSAGE][WARNING] - Timeout '0' is invalid. Using default page load timeout: '30'

2019-12-19 11:53:20 - [MESSAGE][PASSED] - Object 'Object Repository/Page_Mad Irish Hacking Academy Trainings Page/h2_Information Security Basics' is present

2019-12-19 11:53:20 - [TEST_STEP][PASSED] - verifyElementPresent(findTestObject("Page_Mad Irish Hacking Academy Trainings Page/Training content"), 0): Object 'Object Repository/Page_Mad Irish Hacking Academy Trainings Page/Training content' is present

2019-12-19 11:53:20 - [MESSAGE][WARNING] - Timeout '0' is invalid. Using default page load timeout: '30'

2019-12-19 11:53:21 - [MESSAGE][PASSED] - Object 'Object Repository/Page_Mad Irish Hacking Academy Trainings Page/Training content' is present

2019-12-19 11:53:21 - [TEST_STEP][PASSED] - verifyElementPresent(findTestObject("Page_Mad Irish Hacking Academy Trainings Page/a_Register"), 0): Object 'Object Repository/Page_Mad Irish Hacking Academy Trainings Page/a_Register' is present

2019-12-19 11:53:21 - [MESSAGE][WARNING] - Timeout '0' is invalid. Using default page load timeout: '30'

2019-12-19 11:53:21 - [MESSAGE][PASSED] - Object 'Object Repository/Page_Mad Irish Hacking Academy Trainings Page/a_Register' is present

2019-12-19 11:53:21 - [TEST_STEP][PASSED] - closeBrowser(): Browser is closed

2019-12-19 11:53:23 - [MESSAGE][PASSED] - Browser is closed]]></system-out>
         <system-err><![CDATA[]]></system-err>
      </testcase>
      <system-out><![CDATA[2019-12-19 11:52:33 - [TEST_SUITE][PASSED] - E2E Page_Mad Irish Hacking Academy: Test Cases/Test 4 - Trainings Page Verification]]></system-out>
      <system-err><![CDATA[]]></system-err>
   </testsuite>
</testsuites>
